[19:27:51] * message: creating IMAP4 connection to mail:143 ...
[19:27:51] IMAP4< * OK [CAPABILITY IMAP4rev1 LITERAL+ SASL-IR LOGIN-REFERRALS ID ENABLE IDLE STARTTLS AUTH=PLAIN AUTH=LOGIN AUTH=CRAM-MD5] Dovecot ready.
[19:27:51] IMAP4> 1 CAPABILITY
[19:27:51] IMAP4< * CAPABILITY IMAP4rev1 LITERAL+ SASL-IR LOGIN-REFERRALS ID ENABLE IDLE STARTTLS AUTH=PLAIN AUTH=LOGIN AUTH=CRAM-MD5
[19:27:51] IMAP4< 1 OK Pre-login capabilities listed, post-login capabilities have more.
[19:27:51] IMAP4> 2 AUTHENTICATE CRAM-MD5
[19:27:51] IMAP4< + PDg0MDc4NzkzNTU0MDgyODIuMTUyMzkwNjg3MUBmaXJtYS5kZT4=
[19:27:51] IMAP< [Decoded: <8407879355408282.1523906871@firma.de>]
[19:27:51] IMAP> [Encoded: customer-worldwide@firma.de e990dd01ae484dd13e87b8642d2461d1]
[19:27:51] IMAP> Y3VzdG9tZXItd29ybGR3aWRlQGZpcm1hLmRlIGU5OTBkZDAxYWU0ODRkZDEzZTg3Yjg2NDJkMjQ2MWQx
[19:27:51] IMAP4< * CAPABILITY IMAP4rev1 LITERAL+ SASL-IR LOGIN-REFERRALS ID ENABLE IDLE SORT SORT=DISPLAY THREAD=REFERENCES THREAD=REFS THREAD=ORDEREDSUBJECT MULTIAPPEND URL-PARTIAL CATENATE UNSELECT CHILDREN NAMESPACE UIDPLUS LIST-EXTENDED I18NLEVEL=1 CONDSTORE QRESYNC ESEARCH ESORT SEARCHRES WITHIN CONTEXT=SEARCH LIST-STATUS SPECIAL-USE BINARY MOVE
[19:27:51] IMAP4< 2 OK Logged in
[19:27:51] IMAP4> 3 NAMESPACE
[19:27:51] IMAP4< * NAMESPACE (("" ".")) NIL NIL
[19:27:51] IMAP4< 3 OK Namespace completed.
[19:27:51] IMAP4> 4 LIST "" "*"
[19:27:51] IMAP4< 4 OK List completed.
[19:28:04] * message: creating IMAP4 connection to mail:143 ...
[19:28:04] IMAP4< * OK [CAPABILITY IMAP4rev1 LITERAL+ SASL-IR LOGIN-REFERRALS ID ENABLE IDLE STARTTLS AUTH=PLAIN AUTH=LOGIN AUTH=CRAM-MD5] Dovecot ready.
[19:28:04] IMAP4> 1 CAPABILITY
[19:28:04] IMAP4< * CAPABILITY IMAP4rev1 LITERAL+ SASL-IR LOGIN-REFERRALS ID ENABLE IDLE STARTTLS AUTH=PLAIN AUTH=LOGIN AUTH=CRAM-MD5
[19:28:04] IMAP4< 1 OK Pre-login capabilities listed, post-login capabilities have more.
[19:28:04] IMAP4> 2 AUTHENTICATE CRAM-MD5
[19:28:04] IMAP4< + PDQwMTM2MzA0ODc1MDQ2NzYuMTUyMzkwNjg4NEBmaXJtYS5kZT4=
[19:28:04] IMAP< [Decoded: <4013630487504676.1523906884@firma.de>]
[19:28:04] IMAP> [Encoded: agent@firma.de 05f589c3ffd109aaa00d3f51d3c4a8ce]
[19:28:04] IMAP> YWdlbnRAZmlybWEuZGUgMDVmNTg5YzNmZmQxMDlhYWEwMGQzZjUxZDNjNGE4Y2U=
[19:28:04] IMAP4< * CAPABILITY IMAP4rev1 LITERAL+ SASL-IR LOGIN-REFERRALS ID ENABLE IDLE SORT SORT=DISPLAY THREAD=REFERENCES THREAD=REFS THREAD=ORDEREDSUBJECT MULTIAPPEND URL-PARTIAL CATENATE UNSELECT CHILDREN NAMESPACE UIDPLUS LIST-EXTENDED I18NLEVEL=1 CONDSTORE QRESYNC ESEARCH ESORT SEARCHRES WITHIN CONTEXT=SEARCH LIST-STATUS SPECIAL-USE BINARY MOVE
[19:28:04] IMAP4< 2 OK Logged in
[19:28:04] IMAP4> 3 NAMESPACE
[19:28:04] IMAP4< * NAMESPACE (("" ".")) NIL NIL
[19:28:04] IMAP4< 3 OK Namespace completed.
[19:28:04] IMAP4> 4 STATUS INBOX (MESSAGES RECENT UIDNEXT UIDVALIDITY UNSEEN)
[19:28:04] IMAP4< * STATUS INBOX (MESSAGES 3 RECENT 3 UIDNEXT 4 UIDVALIDITY 1523382125 UNSEEN 3)
[19:28:04] IMAP4< 4 OK Status completed.
[19:28:04] IMAP4> 5 STATUS Sent (MESSAGES RECENT UIDNEXT UIDVALIDITY UNSEEN)
[19:28:04] IMAP4< * STATUS Sent (MESSAGES 0 RECENT 0 UIDNEXT 1 UIDVALIDITY 1523382126 UNSEEN 0)
[19:28:04] IMAP4< 5 OK Status completed.
[19:28:04] IMAP4> 6 STATUS Drafts (MESSAGES RECENT UIDNEXT UIDVALIDITY UNSEEN)
[19:28:04] IMAP4< * STATUS Drafts (MESSAGES 0 RECENT 0 UIDNEXT 1 UIDVALIDITY 1523382127 UNSEEN 0)
[19:28:04] IMAP4< 6 OK Status completed.
[19:28:04] IMAP4> 7 STATUS Trash (MESSAGES RECENT UIDNEXT UIDVALIDITY UNSEEN)
[19:28:04] IMAP4< * STATUS Trash (MESSAGES 0 RECENT 0 UIDNEXT 1 UIDVALIDITY 1523382128 UNSEEN 0)
[19:28:04] IMAP4< 7 OK Status completed.
[19:28:04] IMAP4> 8 STATUS Junk (MESSAGES RECENT UIDNEXT UIDVALIDITY UNSEEN)
[19:28:04] IMAP4< * STATUS Junk (MESSAGES 0 RECENT 0 UIDNEXT 1 UIDVALIDITY 1523382129 UNSEEN 0)
[19:28:04] IMAP4< 8 OK Status completed.
[19:28:04] * message: creating IMAP4 connection to mail:143 ...
[19:28:04] IMAP4< * OK [CAPABILITY IMAP4rev1 LITERAL+ SASL-IR LOGIN-REFERRALS ID ENABLE IDLE STARTTLS AUTH=PLAIN AUTH=LOGIN AUTH=CRAM-MD5] Dovecot ready.
[19:28:04] IMAP4> 1 CAPABILITY
[19:28:04] IMAP4< * CAPABILITY IMAP4rev1 LITERAL+ SASL-IR LOGIN-REFERRALS ID ENABLE IDLE STARTTLS AUTH=PLAIN AUTH=LOGIN AUTH=CRAM-MD5
[19:28:04] IMAP4< 1 OK Pre-login capabilities listed, post-login capabilities have more.
[19:28:04] IMAP4> 2 AUTHENTICATE CRAM-MD5
[19:28:04] IMAP4< + PDY4NzQzMzI1ODgwMTczMzEuMTUyMzkwNjg4NEBmaXJtYS5kZT4=
[19:28:04] IMAP< [Decoded: <6874332588017331.1523906884@firma.de>]
[19:28:04] IMAP> [Encoded: support@firma.de 4aaf64a05fb7ea0a4c992b34477ef418]
[19:28:04] IMAP> c3VwcG9ydEBmaXJtYS5kZSA0YWFmNjRhMDVmYjdlYTBhNGM5OTJiMzQ0NzdlZjQxOA==
[19:28:04] IMAP4< * CAPABILITY IMAP4rev1 LITERAL+ SASL-IR LOGIN-REFERRALS ID ENABLE IDLE SORT SORT=DISPLAY THREAD=REFERENCES THREAD=REFS THREAD=ORDEREDSUBJECT MULTIAPPEND URL-PARTIAL CATENATE UNSELECT CHILDREN NAMESPACE UIDPLUS LIST-EXTENDED I18NLEVEL=1 CONDSTORE QRESYNC ESEARCH ESORT SEARCHRES WITHIN CONTEXT=SEARCH LIST-STATUS SPECIAL-USE BINARY MOVE
[19:28:04] IMAP4< 2 OK Logged in
[19:28:04] IMAP4> 3 NAMESPACE
[19:28:04] IMAP4< * NAMESPACE (("" ".")) NIL NIL
[19:28:04] IMAP4< 3 OK Namespace completed.
[19:28:04] IMAP4> 4 STATUS INBOX (MESSAGES RECENT UIDNEXT UIDVALIDITY UNSEEN)
[19:28:04] IMAP4< * STATUS INBOX (MESSAGES 0 RECENT 0 UIDNEXT 2 UIDVALIDITY 1523373005 UNSEEN 0)
[19:28:04] IMAP4< 4 OK Status completed.
[19:28:04] IMAP4> 5 STATUS Sent (MESSAGES RECENT UIDNEXT UIDVALIDITY UNSEEN)
[19:28:04] IMAP4< * STATUS Sent (MESSAGES 0 RECENT 0 UIDNEXT 1 UIDVALIDITY 1523373006 UNSEEN 0)
[19:28:04] IMAP4< 5 OK Status completed.
[19:28:04] IMAP4> 6 STATUS Drafts (MESSAGES RECENT UIDNEXT UIDVALIDITY UNSEEN)
[19:28:04] IMAP4< * STATUS Drafts (MESSAGES 0 RECENT 0 UIDNEXT 1 UIDVALIDITY 1523373007 UNSEEN 0)
[19:28:04] IMAP4< 6 OK Status completed.
[19:28:04] IMAP4> 7 STATUS Trash (MESSAGES RECENT UIDNEXT UIDVALIDITY UNSEEN)
[19:28:04] IMAP4< * STATUS Trash (MESSAGES 0 RECENT 0 UIDNEXT 1 UIDVALIDITY 1523373008 UNSEEN 0)
[19:28:04] IMAP4< 7 OK Status completed.
[19:28:04] IMAP4> 8 STATUS Junk (MESSAGES RECENT UIDNEXT UIDVALIDITY UNSEEN)
[19:28:04] IMAP4< * STATUS Junk (MESSAGES 0 RECENT 0 UIDNEXT 1 UIDVALIDITY 1523373009 UNSEEN 0)
[19:28:04] IMAP4< 8 OK Status completed.
[19:28:04] * message: creating IMAP4 connection to mail:143 ...
[19:28:04] IMAP4< * OK [CAPABILITY IMAP4rev1 LITERAL+ SASL-IR LOGIN-REFERRALS ID ENABLE IDLE STARTTLS AUTH=PLAIN AUTH=LOGIN AUTH=CRAM-MD5] Dovecot ready.
[19:28:04] IMAP4> 1 CAPABILITY
[19:28:04] IMAP4< * CAPABILITY IMAP4rev1 LITERAL+ SASL-IR LOGIN-REFERRALS ID ENABLE IDLE STARTTLS AUTH=PLAIN AUTH=LOGIN AUTH=CRAM-MD5
[19:28:04] IMAP4< 1 OK Pre-login capabilities listed, post-login capabilities have more.
[19:28:04] IMAP4> 2 AUTHENTICATE CRAM-MD5
[19:28:04] IMAP4< + PDgwNjYyNjM3OTA1NjUxOTQuMTUyMzkwNjg4NEBmaXJtYS5kZT4=
[19:28:04] IMAP< [Decoded: <8066263790565194.1523906884@firma.de>]
[19:28:04] IMAP> [Encoded: agent-dach@firma.de 4776b0e88c00e23273d1a8b5fabc8b82]
[19:28:04] IMAP> YWdlbnQtZGFjaEBmaXJtYS5kZSA0Nzc2YjBlODhjMDBlMjMyNzNkMWE4YjVmYWJjOGI4Mg==
[19:28:04] IMAP4< * CAPABILITY IMAP4rev1 LITERAL+ SASL-IR LOGIN-REFERRALS ID ENABLE IDLE SORT SORT=DISPLAY THREAD=REFERENCES THREAD=REFS THREAD=ORDEREDSUBJECT MULTIAPPEND URL-PARTIAL CATENATE UNSELECT CHILDREN NAMESPACE UIDPLUS LIST-EXTENDED I18NLEVEL=1 CONDSTORE QRESYNC ESEARCH ESORT SEARCHRES WITHIN CONTEXT=SEARCH LIST-STATUS SPECIAL-USE BINARY MOVE
[19:28:04] IMAP4< 2 OK Logged in
[19:28:04] IMAP4> 3 NAMESPACE
[19:28:04] IMAP4< * NAMESPACE (("" ".")) NIL NIL
[19:28:04] IMAP4< 3 OK Namespace completed.
[19:28:04] IMAP4> 4 STATUS INBOX (MESSAGES RECENT UIDNEXT UIDVALIDITY UNSEEN)
[19:28:04] IMAP4< * STATUS INBOX (MESSAGES 0 RECENT 0 UIDNEXT 1 UIDVALIDITY 1523906884 UNSEEN 0)
[19:28:04] IMAP4< 4 OK Status completed.
[19:28:04] IMAP4> 5 STATUS Sent (MESSAGES RECENT UIDNEXT UIDVALIDITY UNSEEN)
[19:28:04] IMAP4< * STATUS Sent (MESSAGES 0 RECENT 0 UIDNEXT 1 UIDVALIDITY 1523906885 UNSEEN 0)
[19:28:04] IMAP4< 5 OK Status completed.
[19:28:04] IMAP4> 6 STATUS Drafts (MESSAGES RECENT UIDNEXT UIDVALIDITY UNSEEN)
[19:28:04] IMAP4< * STATUS Drafts (MESSAGES 0 RECENT 0 UIDNEXT 1 UIDVALIDITY 1523906886 UNSEEN 0)
[19:28:04] IMAP4< 6 OK Status completed.
[19:28:04] IMAP4> 7 STATUS Trash (MESSAGES RECENT UIDNEXT UIDVALIDITY UNSEEN)
[19:28:04] IMAP4< * STATUS Trash (MESSAGES 0 RECENT 0 UIDNEXT 1 UIDVALIDITY 1523906887 UNSEEN 0)
[19:28:04] IMAP4< 7 OK Status completed.
[19:28:04] IMAP4> 8 STATUS Junk (MESSAGES RECENT UIDNEXT UIDVALIDITY UNSEEN)
[19:28:04] IMAP4< * STATUS Junk (MESSAGES 0 RECENT 0 UIDNEXT 1 UIDVALIDITY 1523906888 UNSEEN 0)
[19:28:04] IMAP4< 8 OK Status completed.
[19:28:04] * message: creating IMAP4 connection to mail:143 ...
[19:28:04] IMAP4< * OK [CAPABILITY IMAP4rev1 LITERAL+ SASL-IR LOGIN-REFERRALS ID ENABLE IDLE STARTTLS AUTH=PLAIN AUTH=LOGIN AUTH=CRAM-MD5] Dovecot ready.
[19:28:04] IMAP4> 1 CAPABILITY
[19:28:04] IMAP4< * CAPABILITY IMAP4rev1 LITERAL+ SASL-IR LOGIN-REFERRALS ID ENABLE IDLE STARTTLS AUTH=PLAIN AUTH=LOGIN AUTH=CRAM-MD5
[19:28:04] IMAP4< 1 OK Pre-login capabilities listed, post-login capabilities have more.
[19:28:04] IMAP4> 2 AUTHENTICATE CRAM-MD5
[19:28:04] IMAP4< + PDQ4MDYwMjIyODE0MjQ4ODguMTUyMzkwNjg4NEBmaXJtYS5kZT4=
[19:28:04] IMAP< [Decoded: <4806022281424888.1523906884@firma.de>]
[19:28:04] IMAP> [Encoded: agent-benelux@firma.de d436f90693903a0413ebf27bdb41cdfb]
[19:28:04] IMAP> YWdlbnQtYmVuZWx1eEBmaXJtYS5kZSBkNDM2ZjkwNjkzOTAzYTA0MTNlYmYyN2JkYjQxY2RmYg==
[19:28:04] IMAP4< * CAPABILITY IMAP4rev1 LITERAL+ SASL-IR LOGIN-REFERRALS ID ENABLE IDLE SORT SORT=DISPLAY THREAD=REFERENCES THREAD=REFS THREAD=ORDEREDSUBJECT MULTIAPPEND URL-PARTIAL CATENATE UNSELECT CHILDREN NAMESPACE UIDPLUS LIST-EXTENDED I18NLEVEL=1 CONDSTORE QRESYNC ESEARCH ESORT SEARCHRES WITHIN CONTEXT=SEARCH LIST-STATUS SPECIAL-USE BINARY MOVE
[19:28:04] IMAP4< 2 OK Logged in
[19:28:04] IMAP4> 3 NAMESPACE
[19:28:04] IMAP4< * NAMESPACE (("" ".")) NIL NIL
[19:28:04] IMAP4< 3 OK Namespace completed.
[19:28:04] IMAP4> 4 STATUS INBOX (MESSAGES RECENT UIDNEXT UIDVALIDITY UNSEEN)
[19:28:04] IMAP4< * STATUS INBOX (MESSAGES 0 RECENT 0 UIDNEXT 1 UIDVALIDITY 1523906884 UNSEEN 0)
[19:28:04] IMAP4< 4 OK Status completed.
[19:28:04] IMAP4> 5 STATUS Sent (MESSAGES RECENT UIDNEXT UIDVALIDITY UNSEEN)
[19:28:04] IMAP4< * STATUS Sent (MESSAGES 0 RECENT 0 UIDNEXT 1 UIDVALIDITY 1523906885 UNSEEN 0)
[19:28:04] IMAP4< 5 OK Status completed.
[19:28:04] IMAP4> 6 STATUS Drafts (MESSAGES RECENT UIDNEXT UIDVALIDITY UNSEEN)
[19:28:04] IMAP4< * STATUS Drafts (MESSAGES 0 RECENT 0 UIDNEXT 1 UIDVALIDITY 1523906886 UNSEEN 0)
[19:28:04] IMAP4< 6 OK Status completed.
[19:28:04] IMAP4> 7 STATUS Trash (MESSAGES RECENT UIDNEXT UIDVALIDITY UNSEEN)
[19:28:04] IMAP4< * STATUS Trash (MESSAGES 0 RECENT 0 UIDNEXT 1 UIDVALIDITY 1523906887 UNSEEN 0)
[19:28:04] IMAP4< 7 OK Status completed.
[19:28:04] IMAP4> 8 STATUS Junk (MESSAGES RECENT UIDNEXT UIDVALIDITY UNSEEN)
[19:28:04] IMAP4< * STATUS Junk (MESSAGES 0 RECENT 0 UIDNEXT 1 UIDVALIDITY 1523906888 UNSEEN 0)
[19:28:04] IMAP4< 8 OK Status completed.
[19:28:04] * message: creating IMAP4 connection to mail:143 ...
[19:28:05] IMAP4< * OK [CAPABILITY IMAP4rev1 LITERAL+ SASL-IR LOGIN-REFERRALS ID ENABLE IDLE STARTTLS AUTH=PLAIN AUTH=LOGIN AUTH=CRAM-MD5] Dovecot ready.
[19:28:05] IMAP4> 1 CAPABILITY
[19:28:05] IMAP4< * CAPABILITY IMAP4rev1 LITERAL+ SASL-IR LOGIN-REFERRALS ID ENABLE IDLE STARTTLS AUTH=PLAIN AUTH=LOGIN AUTH=CRAM-MD5
[19:28:05] IMAP4< 1 OK Pre-login capabilities listed, post-login capabilities have more.
[19:28:05] IMAP4> 2 AUTHENTICATE CRAM-MD5
[19:28:05] IMAP4< + PDA4MDk4NTgwMjAyMDM0MjAuMTUyMzkwNjg4NUBmaXJtYS5kZT4=
[19:28:05] IMAP< [Decoded: <0809858020203420.1523906885@firma.de>]
[19:28:05] IMAP> [Encoded: agent-europe@firma.de cab5748617afff07a6902342045bdeb6]
[19:28:05] IMAP> YWdlbnQtZXVyb3BlQGZpcm1hLmRlIGNhYjU3NDg2MTdhZmZmMDdhNjkwMjM0MjA0NWJkZWI2
[19:28:05] IMAP4< * CAPABILITY IMAP4rev1 LITERAL+ SASL-IR LOGIN-REFERRALS ID ENABLE IDLE SORT SORT=DISPLAY THREAD=REFERENCES THREAD=REFS THREAD=ORDEREDSUBJECT MULTIAPPEND URL-PARTIAL CATENATE UNSELECT CHILDREN NAMESPACE UIDPLUS LIST-EXTENDED I18NLEVEL=1 CONDSTORE QRESYNC ESEARCH ESORT SEARCHRES WITHIN CONTEXT=SEARCH LIST-STATUS SPECIAL-USE BINARY MOVE
[19:28:05] IMAP4< 2 OK Logged in
[19:28:05] IMAP4> 3 NAMESPACE
[19:28:05] IMAP4< * NAMESPACE (("" ".")) NIL NIL
[19:28:05] IMAP4< 3 OK Namespace completed.
[19:28:05] IMAP4> 4 STATUS INBOX (MESSAGES RECENT UIDNEXT UIDVALIDITY UNSEEN)
[19:28:05] IMAP4< * STATUS INBOX (MESSAGES 0 RECENT 0 UIDNEXT 1 UIDVALIDITY 1523906885 UNSEEN 0)
[19:28:05] IMAP4< 4 OK Status completed.
[19:28:05] IMAP4> 5 STATUS Sent (MESSAGES RECENT UIDNEXT UIDVALIDITY UNSEEN)
[19:28:05] IMAP4< * STATUS Sent (MESSAGES 0 RECENT 0 UIDNEXT 1 UIDVALIDITY 1523906886 UNSEEN 0)
[19:28:05] IMAP4< 5 OK Status completed.
[19:28:05] IMAP4> 6 STATUS Drafts (MESSAGES RECENT UIDNEXT UIDVALIDITY UNSEEN)
[19:28:05] IMAP4< * STATUS Drafts (MESSAGES 0 RECENT 0 UIDNEXT 1 UIDVALIDITY 1523906887 UNSEEN 0)
[19:28:05] IMAP4< 6 OK Status completed.
[19:28:05] IMAP4> 7 STATUS Trash (MESSAGES RECENT UIDNEXT UIDVALIDITY UNSEEN)
[19:28:05] IMAP4< * STATUS Trash (MESSAGES 0 RECENT 0 UIDNEXT 1 UIDVALIDITY 1523906888 UNSEEN 0)
[19:28:05] IMAP4< 7 OK Status completed.
[19:28:05] IMAP4> 8 STATUS Junk (MESSAGES RECENT UIDNEXT UIDVALIDITY UNSEEN)
[19:28:05] IMAP4< * STATUS Junk (MESSAGES 0 RECENT 0 UIDNEXT 1 UIDVALIDITY 1523906889 UNSEEN 0)
[19:28:05] IMAP4< 8 OK Status completed.
[19:28:05] * message: creating IMAP4 connection to mail:143 ...
[19:28:05] IMAP4< * OK [CAPABILITY IMAP4rev1 LITERAL+ SASL-IR LOGIN-REFERRALS ID ENABLE IDLE STARTTLS AUTH=PLAIN AUTH=LOGIN AUTH=CRAM-MD5] Dovecot ready.
[19:28:05] IMAP4> 1 CAPABILITY
[19:28:05] IMAP4< * CAPABILITY IMAP4rev1 LITERAL+ SASL-IR LOGIN-REFERRALS ID ENABLE IDLE STARTTLS AUTH=PLAIN AUTH=LOGIN AUTH=CRAM-MD5
[19:28:05] IMAP4< 1 OK Pre-login capabilities listed, post-login capabilities have more.
[19:28:05] IMAP4> 2 AUTHENTICATE CRAM-MD5
[19:28:05] IMAP4< + PDU3NjQ4NTM1ODcwMzUzNTMuMTUyMzkwNjg4NUBmaXJtYS5kZT4=
[19:28:05] IMAP< [Decoded: <5764853587035353.1523906885@firma.de>]
[19:28:05] IMAP> [Encoded: agent-nam@firma.de 23bf96e0ac7c2c42d6fdee50beeb6aac]
[19:28:05] IMAP> YWdlbnQtbmFtQGZpcm1hLmRlIDIzYmY5NmUwYWM3YzJjNDJkNmZkZWU1MGJlZWI2YWFj
[19:28:05] IMAP4< * CAPABILITY IMAP4rev1 LITERAL+ SASL-IR LOGIN-REFERRALS ID ENABLE IDLE SORT SORT=DISPLAY THREAD=REFERENCES THREAD=REFS THREAD=ORDEREDSUBJECT MULTIAPPEND URL-PARTIAL CATENATE UNSELECT CHILDREN NAMESPACE UIDPLUS LIST-EXTENDED I18NLEVEL=1 CONDSTORE QRESYNC ESEARCH ESORT SEARCHRES WITHIN CONTEXT=SEARCH LIST-STATUS SPECIAL-USE BINARY MOVE
[19:28:05] IMAP4< 2 OK Logged in
[19:28:05] IMAP4> 3 NAMESPACE
[19:28:05] IMAP4< * NAMESPACE (("" ".")) NIL NIL
[19:28:05] IMAP4< 3 OK Namespace completed.
[19:28:05] IMAP4> 4 STATUS INBOX (MESSAGES RECENT UIDNEXT UIDVALIDITY UNSEEN)
[19:28:05] IMAP4< * STATUS INBOX (MESSAGES 0 RECENT 0 UIDNEXT 1 UIDVALIDITY 1523906885 UNSEEN 0)
[19:28:05] IMAP4< 4 OK Status completed.
[19:28:05] IMAP4> 5 STATUS Sent (MESSAGES RECENT UIDNEXT UIDVALIDITY UNSEEN)
[19:28:05] IMAP4< * STATUS Sent (MESSAGES 0 RECENT 0 UIDNEXT 1 UIDVALIDITY 1523906886 UNSEEN 0)
[19:28:05] IMAP4< 5 OK Status completed.
[19:28:05] IMAP4> 6 STATUS Drafts (MESSAGES RECENT UIDNEXT UIDVALIDITY UNSEEN)
[19:28:05] IMAP4< * STATUS Drafts (MESSAGES 0 RECENT 0 UIDNEXT 1 UIDVALIDITY 1523906887 UNSEEN 0)
[19:28:05] IMAP4< 6 OK Status completed.
[19:28:05] IMAP4> 7 STATUS Trash (MESSAGES RECENT UIDNEXT UIDVALIDITY UNSEEN)
[19:28:05] IMAP4< * STATUS Trash (MESSAGES 0 RECENT 0 UIDNEXT 1 UIDVALIDITY 1523906888 UNSEEN 0)
[19:28:05] IMAP4< 7 OK Status completed.
[19:28:05] IMAP4> 8 STATUS Junk (MESSAGES RECENT UIDNEXT UIDVALIDITY UNSEEN)
[19:28:05] IMAP4< * STATUS Junk (MESSAGES 0 RECENT 0 UIDNEXT 1 UIDVALIDITY 1523906889 UNSEEN 0)
[19:28:05] IMAP4< 8 OK Status completed.
[19:28:05] * message: creating IMAP4 connection to mail:143 ...
[19:28:05] IMAP4< * OK [CAPABILITY IMAP4rev1 LITERAL+ SASL-IR LOGIN-REFERRALS ID ENABLE IDLE STARTTLS AUTH=PLAIN AUTH=LOGIN AUTH=CRAM-MD5] Dovecot ready.
[19:28:05] IMAP4> 1 CAPABILITY
[19:28:05] IMAP4< * CAPABILITY IMAP4rev1 LITERAL+ SASL-IR LOGIN-REFERRALS ID ENABLE IDLE STARTTLS AUTH=PLAIN AUTH=LOGIN AUTH=CRAM-MD5
[19:28:05] IMAP4< 1 OK Pre-login capabilities listed, post-login capabilities have more.
[19:28:05] IMAP4> 2 AUTHENTICATE CRAM-MD5
[19:28:05] IMAP4< + PDAyMjU3MTAyOTU4MjY5NzEuMTUyMzkwNjg4NUBmaXJtYS5kZT4=
[19:28:05] IMAP< [Decoded: <0225710295826971.1523906885@firma.de>]
[19:28:05] IMAP> [Encoded: agent-latam@firma.de 023ac33cbd0b053830040f65496f6bac]
[19:28:05] IMAP> YWdlbnQtbGF0YW1AZmlybWEuZGUgMDIzYWMzM2NiZDBiMDUzODMwMDQwZjY1NDk2ZjZiYWM=
[19:28:05] IMAP4< * CAPABILITY IMAP4rev1 LITERAL+ SASL-IR LOGIN-REFERRALS ID ENABLE IDLE SORT SORT=DISPLAY THREAD=REFERENCES THREAD=REFS THREAD=ORDEREDSUBJECT MULTIAPPEND URL-PARTIAL CATENATE UNSELECT CHILDREN NAMESPACE UIDPLUS LIST-EXTENDED I18NLEVEL=1 CONDSTORE QRESYNC ESEARCH ESORT SEARCHRES WITHIN CONTEXT=SEARCH LIST-STATUS SPECIAL-USE BINARY MOVE
[19:28:05] IMAP4< 2 OK Logged in
[19:28:05] IMAP4> 3 NAMESPACE
[19:28:05] IMAP4< * NAMESPACE (("" ".")) NIL NIL
[19:28:05] IMAP4< 3 OK Namespace completed.
[19:28:05] IMAP4> 4 STATUS INBOX (MESSAGES RECENT UIDNEXT UIDVALIDITY UNSEEN)
[19:28:05] IMAP4< * STATUS INBOX (MESSAGES 0 RECENT 0 UIDNEXT 1 UIDVALIDITY 1523906885 UNSEEN 0)
[19:28:05] IMAP4< 4 OK Status completed.
[19:28:05] IMAP4> 5 STATUS Sent (MESSAGES RECENT UIDNEXT UIDVALIDITY UNSEEN)
[19:28:05] IMAP4< * STATUS Sent (MESSAGES 0 RECENT 0 UIDNEXT 1 UIDVALIDITY 1523906886 UNSEEN 0)
[19:28:05] IMAP4< 5 OK Status completed.
[19:28:05] IMAP4> 6 STATUS Drafts (MESSAGES RECENT UIDNEXT UIDVALIDITY UNSEEN)
[19:28:05] IMAP4< * STATUS Drafts (MESSAGES 0 RECENT 0 UIDNEXT 1 UIDVALIDITY 1523906887 UNSEEN 0)
[19:28:05] IMAP4< 6 OK Status completed.
[19:28:05] IMAP4> 7 STATUS Trash (MESSAGES RECENT UIDNEXT UIDVALIDITY UNSEEN)
[19:28:05] IMAP4< * STATUS Trash (MESSAGES 0 RECENT 0 UIDNEXT 1 UIDVALIDITY 1523906888 UNSEEN 0)
[19:28:05] IMAP4< 7 OK Status completed.
[19:28:05] IMAP4> 8 STATUS Junk (MESSAGES RECENT UIDNEXT UIDVALIDITY UNSEEN)
[19:28:05] IMAP4< * STATUS Junk (MESSAGES 0 RECENT 0 UIDNEXT 1 UIDVALIDITY 1523906889 UNSEEN 0)
[19:28:05] IMAP4< 8 OK Status completed.
[19:28:05] * message: creating IMAP4 connection to mail:143 ...
[19:28:05] IMAP4< * OK [CAPABILITY IMAP4rev1 LITERAL+ SASL-IR LOGIN-REFERRALS ID ENABLE IDLE STARTTLS AUTH=PLAIN AUTH=LOGIN AUTH=CRAM-MD5] Dovecot ready.
[19:28:05] IMAP4> 1 CAPABILITY
[19:28:05] IMAP4< * CAPABILITY IMAP4rev1 LITERAL+ SASL-IR LOGIN-REFERRALS ID ENABLE IDLE STARTTLS AUTH=PLAIN AUTH=LOGIN AUTH=CRAM-MD5
[19:28:05] IMAP4< 1 OK Pre-login capabilities listed, post-login capabilities have more.
[19:28:05] IMAP4> 2 AUTHENTICATE CRAM-MD5
[19:28:05] IMAP4< + PDA2NzI3Njc5MzM4MDY3MzAuMTUyMzkwNjg4NUBmaXJtYS5kZT4=
[19:28:05] IMAP< [Decoded: <0672767933806730.1523906885@firma.de>]
[19:28:05] IMAP> [Encoded: agent-america@firma.de 167e2526b4d1c8b6c92a72d467f3433e]
[19:28:05] IMAP> YWdlbnQtYW1lcmljYUBmaXJtYS5kZSAxNjdlMjUyNmI0ZDFjOGI2YzkyYTcyZDQ2N2YzNDMzZQ==
[19:28:06] IMAP4< * CAPABILITY IMAP4rev1 LITERAL+ SASL-IR LOGIN-REFERRALS ID ENABLE IDLE SORT SORT=DISPLAY THREAD=REFERENCES THREAD=REFS THREAD=ORDEREDSUBJECT MULTIAPPEND URL-PARTIAL CATENATE UNSELECT CHILDREN NAMESPACE UIDPLUS LIST-EXTENDED I18NLEVEL=1 CONDSTORE QRESYNC ESEARCH ESORT SEARCHRES WITHIN CONTEXT=SEARCH LIST-STATUS SPECIAL-USE BINARY MOVE
[19:28:06] IMAP4< 2 OK Logged in
[19:28:06] IMAP4> 3 NAMESPACE
[19:28:06] IMAP4< * NAMESPACE (("" ".")) NIL NIL
[19:28:06] IMAP4< 3 OK Namespace completed.
[19:28:06] IMAP4> 4 STATUS INBOX (MESSAGES RECENT UIDNEXT UIDVALIDITY UNSEEN)
[19:28:06] IMAP4< * STATUS INBOX (MESSAGES 0 RECENT 0 UIDNEXT 1 UIDVALIDITY 1523906886 UNSEEN 0)
[19:28:06] IMAP4< 4 OK Status completed.
[19:28:06] IMAP4> 5 STATUS Sent (MESSAGES RECENT UIDNEXT UIDVALIDITY UNSEEN)
[19:28:06] IMAP4< * STATUS Sent (MESSAGES 0 RECENT 0 UIDNEXT 1 UIDVALIDITY 1523906887 UNSEEN 0)
[19:28:06] IMAP4< 5 OK Status completed.
[19:28:06] IMAP4> 6 STATUS Drafts (MESSAGES RECENT UIDNEXT UIDVALIDITY UNSEEN)
[19:28:06] IMAP4< * STATUS Drafts (MESSAGES 0 RECENT 0 UIDNEXT 1 UIDVALIDITY 1523906888 UNSEEN 0)
[19:28:06] IMAP4< 6 OK Status completed.
[19:28:06] IMAP4> 7 STATUS Trash (MESSAGES RECENT UIDNEXT UIDVALIDITY UNSEEN)
[19:28:06] IMAP4< * STATUS Trash (MESSAGES 0 RECENT 0 UIDNEXT 1 UIDVALIDITY 1523906889 UNSEEN 0)
[19:28:06] IMAP4< 7 OK Status completed.
[19:28:06] IMAP4> 8 STATUS Junk (MESSAGES RECENT UIDNEXT UIDVALIDITY UNSEEN)
[19:28:06] IMAP4< * STATUS Junk (MESSAGES 0 RECENT 0 UIDNEXT 1 UIDVALIDITY 1523906890 UNSEEN 0)
[19:28:06] IMAP4< 8 OK Status completed.
[19:28:06] * message: creating IMAP4 connection to mail:143 ...
[19:28:06] IMAP4< * OK [CAPABILITY IMAP4rev1 LITERAL+ SASL-IR LOGIN-REFERRALS ID ENABLE IDLE STARTTLS AUTH=PLAIN AUTH=LOGIN AUTH=CRAM-MD5] Dovecot ready.
[19:28:06] IMAP4> 1 CAPABILITY
[19:28:06] IMAP4< * CAPABILITY IMAP4rev1 LITERAL+ SASL-IR LOGIN-REFERRALS ID ENABLE IDLE STARTTLS AUTH=PLAIN AUTH=LOGIN AUTH=CRAM-MD5
[19:28:06] IMAP4< 1 OK Pre-login capabilities listed, post-login capabilities have more.
[19:28:06] IMAP4> 2 AUTHENTICATE CRAM-MD5
[19:28:06] IMAP4< + PDg5MDk4NDgxOTk4MjM5NTMuMTUyMzkwNjg4NkBmaXJtYS5kZT4=
[19:28:06] IMAP< [Decoded: <8909848199823953.1523906886@firma.de>]
[19:28:06] IMAP> [Encoded: agent-worldwide@firma.de 9f31062c0a87d81ae4a8c90acee38c50]
[19:28:06] IMAP> YWdlbnQtd29ybGR3aWRlQGZpcm1hLmRlIDlmMzEwNjJjMGE4N2Q4MWFlNGE4YzkwYWNlZTM4YzUw
[19:28:06] IMAP4< * CAPABILITY IMAP4rev1 LITERAL+ SASL-IR LOGIN-REFERRALS ID ENABLE IDLE SORT SORT=DISPLAY THREAD=REFERENCES THREAD=REFS THREAD=ORDEREDSUBJECT MULTIAPPEND URL-PARTIAL CATENATE UNSELECT CHILDREN NAMESPACE UIDPLUS LIST-EXTENDED I18NLEVEL=1 CONDSTORE QRESYNC ESEARCH ESORT SEARCHRES WITHIN CONTEXT=SEARCH LIST-STATUS SPECIAL-USE BINARY MOVE
[19:28:06] IMAP4< 2 OK Logged in
[19:28:06] IMAP4> 3 NAMESPACE
[19:28:06] IMAP4< * NAMESPACE (("" ".")) NIL NIL
[19:28:06] IMAP4< 3 OK Namespace completed.
[19:28:06] IMAP4> 4 STATUS INBOX (MESSAGES RECENT UIDNEXT UIDVALIDITY UNSEEN)
[19:28:06] IMAP4< * STATUS INBOX (MESSAGES 0 RECENT 0 UIDNEXT 1 UIDVALIDITY 1523906886 UNSEEN 0)
[19:28:06] IMAP4< 4 OK Status completed.
[19:28:06] IMAP4> 5 STATUS Sent (MESSAGES RECENT UIDNEXT UIDVALIDITY UNSEEN)
[19:28:06] IMAP4< * STATUS Sent (MESSAGES 0 RECENT 0 UIDNEXT 1 UIDVALIDITY 1523906887 UNSEEN 0)
[19:28:06] IMAP4< 5 OK Status completed.
[19:28:06] IMAP4> 6 STATUS Drafts (MESSAGES RECENT UIDNEXT UIDVALIDITY UNSEEN)
[19:28:06] IMAP4< * STATUS Drafts (MESSAGES 0 RECENT 0 UIDNEXT 1 UIDVALIDITY 1523906888 UNSEEN 0)
[19:28:06] IMAP4< 6 OK Status completed.
[19:28:06] IMAP4> 7 STATUS Trash (MESSAGES RECENT UIDNEXT UIDVALIDITY UNSEEN)
[19:28:06] IMAP4< * STATUS Trash (MESSAGES 0 RECENT 0 UIDNEXT 1 UIDVALIDITY 1523906889 UNSEEN 0)
[19:28:06] IMAP4< 7 OK Status completed.
[19:28:06] IMAP4> 8 STATUS Junk (MESSAGES RECENT UIDNEXT UIDVALIDITY UNSEEN)
[19:28:06] IMAP4< * STATUS Junk (MESSAGES 0 RECENT 0 UIDNEXT 1 UIDVALIDITY 1523906890 UNSEEN 0)
[19:28:06] IMAP4< 8 OK Status completed.
[19:28:06] * message: creating IMAP4 connection to mail:143 ...
[19:28:06] IMAP4< * OK [CAPABILITY IMAP4rev1 LITERAL+ SASL-IR LOGIN-REFERRALS ID ENABLE IDLE STARTTLS AUTH=PLAIN AUTH=LOGIN AUTH=CRAM-MD5] Dovecot ready.
[19:28:06] IMAP4> 1 CAPABILITY
[19:28:06] IMAP4< * CAPABILITY IMAP4rev1 LITERAL+ SASL-IR LOGIN-REFERRALS ID ENABLE IDLE STARTTLS AUTH=PLAIN AUTH=LOGIN AUTH=CRAM-MD5
[19:28:06] IMAP4< 1 OK Pre-login capabilities listed, post-login capabilities have more.
[19:28:06] IMAP4> 2 AUTHENTICATE CRAM-MD5
[19:28:06] IMAP4< + PDA0ODYwNDkwNjgxNDU3OTkuMTUyMzkwNjg4NkBmaXJtYS5kZT4=
[19:28:06] IMAP< [Decoded: <0486049068145799.1523906886@firma.de>]
[19:28:06] IMAP> [Encoded: customer-dach@firma.de 993f95de6a5addb2056d47bcf9880aa4]
[19:28:06] IMAP> Y3VzdG9tZXItZGFjaEBmaXJtYS5kZSA5OTNmOTVkZTZhNWFkZGIyMDU2ZDQ3YmNmOTg4MGFhNA==
[19:28:06] IMAP4< * CAPABILITY IMAP4rev1 LITERAL+ SASL-IR LOGIN-REFERRALS ID ENABLE IDLE SORT SORT=DISPLAY THREAD=REFERENCES THREAD=REFS THREAD=ORDEREDSUBJECT MULTIAPPEND URL-PARTIAL CATENATE UNSELECT CHILDREN NAMESPACE UIDPLUS LIST-EXTENDED I18NLEVEL=1 CONDSTORE QRESYNC ESEARCH ESORT SEARCHRES WITHIN CONTEXT=SEARCH LIST-STATUS SPECIAL-USE BINARY MOVE
[19:28:06] IMAP4< 2 OK Logged in
[19:28:06] IMAP4> 3 NAMESPACE
[19:28:06] IMAP4< * NAMESPACE (("" ".")) NIL NIL
[19:28:06] IMAP4< 3 OK Namespace completed.
[19:28:06] IMAP4> 4 STATUS INBOX (MESSAGES RECENT UIDNEXT UIDVALIDITY UNSEEN)
[19:28:06] IMAP4< * STATUS INBOX (MESSAGES 0 RECENT 0 UIDNEXT 1 UIDVALIDITY 1523906886 UNSEEN 0)
[19:28:06] IMAP4< 4 OK Status completed.
[19:28:06] IMAP4> 5 STATUS Sent (MESSAGES RECENT UIDNEXT UIDVALIDITY UNSEEN)
[19:28:06] IMAP4< * STATUS Sent (MESSAGES 0 RECENT 0 UIDNEXT 1 UIDVALIDITY 1523906887 UNSEEN 0)
[19:28:06] IMAP4< 5 OK Status completed.
[19:28:06] IMAP4> 6 STATUS Drafts (MESSAGES RECENT UIDNEXT UIDVALIDITY UNSEEN)
[19:28:06] IMAP4< * STATUS Drafts (MESSAGES 0 RECENT 0 UIDNEXT 1 UIDVALIDITY 1523906888 UNSEEN 0)
[19:28:06] IMAP4< 6 OK Status completed.
[19:28:06] IMAP4> 7 STATUS Trash (MESSAGES RECENT UIDNEXT UIDVALIDITY UNSEEN)
[19:28:06] IMAP4< * STATUS Trash (MESSAGES 0 RECENT 0 UIDNEXT 1 UIDVALIDITY 1523906889 UNSEEN 0)
[19:28:06] IMAP4< 7 OK Status completed.
[19:28:06] IMAP4> 8 STATUS Junk (MESSAGES RECENT UIDNEXT UIDVALIDITY UNSEEN)
[19:28:06] IMAP4< * STATUS Junk (MESSAGES 0 RECENT 0 UIDNEXT 1 UIDVALIDITY 1523906890 UNSEEN 0)
[19:28:06] IMAP4< 8 OK Status completed.
[19:28:06] * message: creating IMAP4 connection to mail:143 ...
[19:28:06] IMAP4< * OK [CAPABILITY IMAP4rev1 LITERAL+ SASL-IR LOGIN-REFERRALS ID ENABLE IDLE STARTTLS AUTH=PLAIN AUTH=LOGIN AUTH=CRAM-MD5] Dovecot ready.
[19:28:06] IMAP4> 1 CAPABILITY
[19:28:06] IMAP4< * CAPABILITY IMAP4rev1 LITERAL+ SASL-IR LOGIN-REFERRALS ID ENABLE IDLE STARTTLS AUTH=PLAIN AUTH=LOGIN AUTH=CRAM-MD5
[19:28:06] IMAP4< 1 OK Pre-login capabilities listed, post-login capabilities have more.
[19:28:06] IMAP4> 2 AUTHENTICATE CRAM-MD5
[19:28:06] IMAP4< + PDQwMzUwNjk4NjE1MzM1ODEuMTUyMzkwNjg4NkBmaXJtYS5kZT4=
[19:28:06] IMAP< [Decoded: <4035069861533581.1523906886@firma.de>]
[19:28:06] IMAP> [Encoded: customer-benelux@firma.de 12bf3b9f99b641e8238f250201bf15eb]
[19:28:06] IMAP> Y3VzdG9tZXItYmVuZWx1eEBmaXJtYS5kZSAxMmJmM2I5Zjk5YjY0MWU4MjM4ZjI1MDIwMWJmMTVlYg==
[19:28:06] IMAP4< * CAPABILITY IMAP4rev1 LITERAL+ SASL-IR LOGIN-REFERRALS ID ENABLE IDLE SORT SORT=DISPLAY THREAD=REFERENCES THREAD=REFS THREAD=ORDEREDSUBJECT MULTIAPPEND URL-PARTIAL CATENATE UNSELECT CHILDREN NAMESPACE UIDPLUS LIST-EXTENDED I18NLEVEL=1 CONDSTORE QRESYNC ESEARCH ESORT SEARCHRES WITHIN CONTEXT=SEARCH LIST-STATUS SPECIAL-USE BINARY MOVE
[19:28:06] IMAP4< 2 OK Logged in
[19:28:06] IMAP4> 3 NAMESPACE
[19:28:06] IMAP4< * NAMESPACE (("" ".")) NIL NIL
[19:28:06] IMAP4< 3 OK Namespace completed.
[19:28:06] IMAP4> 4 STATUS INBOX (MESSAGES RECENT UIDNEXT UIDVALIDITY UNSEEN)
[19:28:06] IMAP4< * STATUS INBOX (MESSAGES 0 RECENT 0 UIDNEXT 1 UIDVALIDITY 1523906886 UNSEEN 0)
[19:28:06] IMAP4< 4 OK Status completed.
[19:28:06] IMAP4> 5 STATUS Sent (MESSAGES RECENT UIDNEXT UIDVALIDITY UNSEEN)
[19:28:06] IMAP4< * STATUS Sent (MESSAGES 0 RECENT 0 UIDNEXT 1 UIDVALIDITY 1523906887 UNSEEN 0)
[19:28:06] IMAP4< 5 OK Status completed.
[19:28:06] IMAP4> 6 STATUS Drafts (MESSAGES RECENT UIDNEXT UIDVALIDITY UNSEEN)
[19:28:07] IMAP4< * STATUS Drafts (MESSAGES 0 RECENT 0 UIDNEXT 1 UIDVALIDITY 1523906888 UNSEEN 0)
[19:28:07] IMAP4< 6 OK Status completed.
[19:28:07] IMAP4> 7 STATUS Trash (MESSAGES RECENT UIDNEXT UIDVALIDITY UNSEEN)
[19:28:07] IMAP4< * STATUS Trash (MESSAGES 0 RECENT 0 UIDNEXT 1 UIDVALIDITY 1523906889 UNSEEN 0)
[19:28:07] IMAP4< 7 OK Status completed.
[19:28:07] IMAP4> 8 STATUS Junk (MESSAGES RECENT UIDNEXT UIDVALIDITY UNSEEN)
[19:28:07] IMAP4< * STATUS Junk (MESSAGES 0 RECENT 0 UIDNEXT 1 UIDVALIDITY 1523906890 UNSEEN 0)
[19:28:07] IMAP4< 8 OK Status completed.
[19:28:07] * message: creating IMAP4 connection to mail:143 ...
[19:28:07] IMAP4< * OK [CAPABILITY IMAP4rev1 LITERAL+ SASL-IR LOGIN-REFERRALS ID ENABLE IDLE STARTTLS AUTH=PLAIN AUTH=LOGIN AUTH=CRAM-MD5] Dovecot ready.
[19:28:07] IMAP4> 1 CAPABILITY
[19:28:07] IMAP4< * CAPABILITY IMAP4rev1 LITERAL+ SASL-IR LOGIN-REFERRALS ID ENABLE IDLE STARTTLS AUTH=PLAIN AUTH=LOGIN AUTH=CRAM-MD5
[19:28:07] IMAP4< 1 OK Pre-login capabilities listed, post-login capabilities have more.
[19:28:07] IMAP4> 2 AUTHENTICATE CRAM-MD5
[19:28:07] IMAP4< + PDA0NjIyNTcyMjA1NDkxMzMuMTUyMzkwNjg4N0BmaXJtYS5kZT4=
[19:28:07] IMAP< [Decoded: <0462257220549133.1523906887@firma.de>]
[19:28:07] IMAP> [Encoded: customer-nam@firma.de f293a5de36ecdadebc95f744eddd0494]
[19:28:07] IMAP> Y3VzdG9tZXItbmFtQGZpcm1hLmRlIGYyOTNhNWRlMzZlY2RhZGViYzk1Zjc0NGVkZGQwNDk0
[19:28:07] IMAP4< * CAPABILITY IMAP4rev1 LITERAL+ SASL-IR LOGIN-REFERRALS ID ENABLE IDLE SORT SORT=DISPLAY THREAD=REFERENCES THREAD=REFS THREAD=ORDEREDSUBJECT MULTIAPPEND URL-PARTIAL CATENATE UNSELECT CHILDREN NAMESPACE UIDPLUS LIST-EXTENDED I18NLEVEL=1 CONDSTORE QRESYNC ESEARCH ESORT SEARCHRES WITHIN CONTEXT=SEARCH LIST-STATUS SPECIAL-USE BINARY MOVE
[19:28:07] IMAP4< 2 OK Logged in
[19:28:07] IMAP4> 3 NAMESPACE
[19:28:07] IMAP4< * NAMESPACE (("" ".")) NIL NIL
[19:28:07] IMAP4< 3 OK Namespace completed.
[19:28:07] IMAP4> 4 STATUS INBOX (MESSAGES RECENT UIDNEXT UIDVALIDITY UNSEEN)
[19:28:07] IMAP4< * STATUS INBOX (MESSAGES 0 RECENT 0 UIDNEXT 1 UIDVALIDITY 1523906887 UNSEEN 0)
[19:28:07] IMAP4< 4 OK Status completed.
[19:28:07] IMAP4> 5 STATUS Sent (MESSAGES RECENT UIDNEXT UIDVALIDITY UNSEEN)
[19:28:07] IMAP4< * STATUS Sent (MESSAGES 0 RECENT 0 UIDNEXT 1 UIDVALIDITY 1523906888 UNSEEN 0)
[19:28:07] IMAP4< 5 OK Status completed.
[19:28:07] IMAP4> 6 STATUS Drafts (MESSAGES RECENT UIDNEXT UIDVALIDITY UNSEEN)
[19:28:07] IMAP4< * STATUS Drafts (MESSAGES 0 RECENT 0 UIDNEXT 1 UIDVALIDITY 1523906889 UNSEEN 0)
[19:28:07] IMAP4< 6 OK Status completed.
[19:28:07] IMAP4> 7 STATUS Trash (MESSAGES RECENT UIDNEXT UIDVALIDITY UNSEEN)
[19:28:07] IMAP4< * STATUS Trash (MESSAGES 0 RECENT 0 UIDNEXT 1 UIDVALIDITY 1523906890 UNSEEN 0)
[19:28:07] IMAP4< 7 OK Status completed.
[19:28:07] IMAP4> 8 STATUS Junk (MESSAGES RECENT UIDNEXT UIDVALIDITY UNSEEN)
[19:28:07] IMAP4< * STATUS Junk (MESSAGES 0 RECENT 0 UIDNEXT 1 UIDVALIDITY 1523906891 UNSEEN 0)
[19:28:07] IMAP4< 8 OK Status completed.
[19:28:07] * message: creating IMAP4 connection to mail:143 ...
[19:28:07] IMAP4< * OK [CAPABILITY IMAP4rev1 LITERAL+ SASL-IR LOGIN-REFERRALS ID ENABLE IDLE STARTTLS AUTH=PLAIN AUTH=LOGIN AUTH=CRAM-MD5] Dovecot ready.
[19:28:07] IMAP4> 1 CAPABILITY
[19:28:07] IMAP4< * CAPABILITY IMAP4rev1 LITERAL+ SASL-IR LOGIN-REFERRALS ID ENABLE IDLE STARTTLS AUTH=PLAIN AUTH=LOGIN AUTH=CRAM-MD5
[19:28:07] IMAP4< 1 OK Pre-login capabilities listed, post-login capabilities have more.
[19:28:07] IMAP4> 2 AUTHENTICATE CRAM-MD5
[19:28:07] IMAP4< + PDY2NDgyNjgyNTA4ODI4MTUuMTUyMzkwNjg4N0BmaXJtYS5kZT4=
[19:28:07] IMAP< [Decoded: <6648268250882815.1523906887@firma.de>]
[19:28:07] IMAP> [Encoded: customer-latam@firma.de 0704c08ae31e54978142b98795eb751e]
[19:28:07] IMAP> Y3VzdG9tZXItbGF0YW1AZmlybWEuZGUgMDcwNGMwOGFlMzFlNTQ5NzgxNDJiOTg3OTVlYjc1MWU=
[19:28:07] IMAP4< * CAPABILITY IMAP4rev1 LITERAL+ SASL-IR LOGIN-REFERRALS ID ENABLE IDLE SORT SORT=DISPLAY THREAD=REFERENCES THREAD=REFS THREAD=ORDEREDSUBJECT MULTIAPPEND URL-PARTIAL CATENATE UNSELECT CHILDREN NAMESPACE UIDPLUS LIST-EXTENDED I18NLEVEL=1 CONDSTORE QRESYNC ESEARCH ESORT SEARCHRES WITHIN CONTEXT=SEARCH LIST-STATUS SPECIAL-USE BINARY MOVE
[19:28:07] IMAP4< 2 OK Logged in
[19:28:07] IMAP4> 3 NAMESPACE
[19:28:07] IMAP4< * NAMESPACE (("" ".")) NIL NIL
[19:28:07] IMAP4< 3 OK Namespace completed.
[19:28:07] IMAP4> 4 STATUS INBOX (MESSAGES RECENT UIDNEXT UIDVALIDITY UNSEEN)
[19:28:07] IMAP4< * STATUS INBOX (MESSAGES 0 RECENT 0 UIDNEXT 1 UIDVALIDITY 1523906887 UNSEEN 0)
[19:28:07] IMAP4< 4 OK Status completed.
[19:28:07] IMAP4> 5 STATUS Sent (MESSAGES RECENT UIDNEXT UIDVALIDITY UNSEEN)
[19:28:07] IMAP4< * STATUS Sent (MESSAGES 0 RECENT 0 UIDNEXT 1 UIDVALIDITY 1523906888 UNSEEN 0)
[19:28:07] IMAP4< 5 OK Status completed.
[19:28:07] IMAP4> 6 STATUS Drafts (MESSAGES RECENT UIDNEXT UIDVALIDITY UNSEEN)
[19:28:07] IMAP4< * STATUS Drafts (MESSAGES 0 RECENT 0 UIDNEXT 1 UIDVALIDITY 1523906889 UNSEEN 0)
[19:28:07] IMAP4< 6 OK Status completed.
[19:28:07] IMAP4> 7 STATUS Trash (MESSAGES RECENT UIDNEXT UIDVALIDITY UNSEEN)
[19:28:07] IMAP4< * STATUS Trash (MESSAGES 0 RECENT 0 UIDNEXT 1 UIDVALIDITY 1523906890 UNSEEN 0)
[19:28:07] IMAP4< 7 OK Status completed.
[19:28:07] IMAP4> 8 STATUS Junk (MESSAGES RECENT UIDNEXT UIDVALIDITY UNSEEN)
[19:28:07] IMAP4< * STATUS Junk (MESSAGES 0 RECENT 0 UIDNEXT 1 UIDVALIDITY 1523906891 UNSEEN 0)
[19:28:07] IMAP4< 8 OK Status completed.
[19:28:07] * message: creating IMAP4 connection to mail:143 ...
[19:28:07] IMAP4< * OK [CAPABILITY IMAP4rev1 LITERAL+ SASL-IR LOGIN-REFERRALS ID ENABLE IDLE STARTTLS AUTH=PLAIN AUTH=LOGIN AUTH=CRAM-MD5] Dovecot ready.
[19:28:07] IMAP4> 1 CAPABILITY
[19:28:07] IMAP4< * CAPABILITY IMAP4rev1 LITERAL+ SASL-IR LOGIN-REFERRALS ID ENABLE IDLE STARTTLS AUTH=PLAIN AUTH=LOGIN AUTH=CRAM-MD5
[19:28:07] IMAP4< 1 OK Pre-login capabilities listed, post-login capabilities have more.
[19:28:07] IMAP4> 2 AUTHENTICATE CRAM-MD5
[19:28:07] IMAP4< + PDg1MjczMTYyMjg2MjUzMDguMTUyMzkwNjg4N0BmaXJtYS5kZT4=
[19:28:07] IMAP< [Decoded: <8527316228625308.1523906887@firma.de>]
[19:28:07] IMAP> [Encoded: customer-europe@firma.de 00af97d4315032654c0ce4e8bb9b8a22]
[19:28:07] IMAP> Y3VzdG9tZXItZXVyb3BlQGZpcm1hLmRlIDAwYWY5N2Q0MzE1MDMyNjU0YzBjZTRlOGJiOWI4YTIy
[19:28:07] IMAP4< * CAPABILITY IMAP4rev1 LITERAL+ SASL-IR LOGIN-REFERRALS ID ENABLE IDLE SORT SORT=DISPLAY THREAD=REFERENCES THREAD=REFS THREAD=ORDEREDSUBJECT MULTIAPPEND URL-PARTIAL CATENATE UNSELECT CHILDREN NAMESPACE UIDPLUS LIST-EXTENDED I18NLEVEL=1 CONDSTORE QRESYNC ESEARCH ESORT SEARCHRES WITHIN CONTEXT=SEARCH LIST-STATUS SPECIAL-USE BINARY MOVE
[19:28:07] IMAP4< 2 OK Logged in
[19:28:07] IMAP4> 3 NAMESPACE
[19:28:07] IMAP4< * NAMESPACE (("" ".")) NIL NIL
[19:28:07] IMAP4< 3 OK Namespace completed.
[19:28:07] IMAP4> 4 STATUS INBOX (MESSAGES RECENT UIDNEXT UIDVALIDITY UNSEEN)
[19:28:07] IMAP4< * STATUS INBOX (MESSAGES 0 RECENT 0 UIDNEXT 1 UIDVALIDITY 1523906887 UNSEEN 0)
[19:28:07] IMAP4< 4 OK Status completed.
[19:28:07] IMAP4> 5 STATUS Sent (MESSAGES RECENT UIDNEXT UIDVALIDITY UNSEEN)
[19:28:07] IMAP4< * STATUS Sent (MESSAGES 0 RECENT 0 UIDNEXT 1 UIDVALIDITY 1523906888 UNSEEN 0)
[19:28:07] IMAP4< 5 OK Status completed.
[19:28:07] IMAP4> 6 STATUS Drafts (MESSAGES RECENT UIDNEXT UIDVALIDITY UNSEEN)
[19:28:07] IMAP4< * STATUS Drafts (MESSAGES 0 RECENT 0 UIDNEXT 1 UIDVALIDITY 1523906889 UNSEEN 0)
[19:28:07] IMAP4< 6 OK Status completed.
[19:28:07] IMAP4> 7 STATUS Trash (MESSAGES RECENT UIDNEXT UIDVALIDITY UNSEEN)
[19:28:07] IMAP4< * STATUS Trash (MESSAGES 0 RECENT 0 UIDNEXT 1 UIDVALIDITY 1523906890 UNSEEN 0)
[19:28:07] IMAP4< 7 OK Status completed.
[19:28:07] IMAP4> 8 STATUS Junk (MESSAGES RECENT UIDNEXT UIDVALIDITY UNSEEN)
[19:28:07] IMAP4< * STATUS Junk (MESSAGES 0 RECENT 0 UIDNEXT 1 UIDVALIDITY 1523906891 UNSEEN 0)
[19:28:07] IMAP4< 8 OK Status completed.
[19:28:07] * message: creating IMAP4 connection to mail:143 ...
[19:28:08] IMAP4< * OK [CAPABILITY IMAP4rev1 LITERAL+ SASL-IR LOGIN-REFERRALS ID ENABLE IDLE STARTTLS AUTH=PLAIN AUTH=LOGIN AUTH=CRAM-MD5] Dovecot ready.
[19:28:08] IMAP4> 1 CAPABILITY
[19:28:08] IMAP4< * CAPABILITY IMAP4rev1 LITERAL+ SASL-IR LOGIN-REFERRALS ID ENABLE IDLE STARTTLS AUTH=PLAIN AUTH=LOGIN AUTH=CRAM-MD5
[19:28:08] IMAP4< 1 OK Pre-login capabilities listed, post-login capabilities have more.
[19:28:08] IMAP4> 2 AUTHENTICATE CRAM-MD5
[19:28:08] IMAP4< + PDEwOTk0MDUzNzM5MjcyOTMuMTUyMzkwNjg4OEBmaXJtYS5kZT4=
[19:28:08] IMAP< [Decoded: <1099405373927293.1523906888@firma.de>]
[19:28:08] IMAP> [Encoded: customer-america@firma.de bca66ba23adff97ffd4247954d32290f]
[19:28:08] IMAP> Y3VzdG9tZXItYW1lcmljYUBmaXJtYS5kZSBiY2E2NmJhMjNhZGZmOTdmZmQ0MjQ3OTU0ZDMyMjkwZg==
[19:28:08] IMAP4< * CAPABILITY IMAP4rev1 LITERAL+ SASL-IR LOGIN-REFERRALS ID ENABLE IDLE SORT SORT=DISPLAY THREAD=REFERENCES THREAD=REFS THREAD=ORDEREDSUBJECT MULTIAPPEND URL-PARTIAL CATENATE UNSELECT CHILDREN NAMESPACE UIDPLUS LIST-EXTENDED I18NLEVEL=1 CONDSTORE QRESYNC ESEARCH ESORT SEARCHRES WITHIN CONTEXT=SEARCH LIST-STATUS SPECIAL-USE BINARY MOVE
[19:28:08] IMAP4< 2 OK Logged in
[19:28:08] IMAP4> 3 NAMESPACE
[19:28:08] IMAP4< * NAMESPACE (("" ".")) NIL NIL
[19:28:08] IMAP4< 3 OK Namespace completed.
[19:28:08] IMAP4> 4 STATUS INBOX (MESSAGES RECENT UIDNEXT UIDVALIDITY UNSEEN)
[19:28:08] IMAP4< * STATUS INBOX (MESSAGES 0 RECENT 0 UIDNEXT 1 UIDVALIDITY 1523906888 UNSEEN 0)
[19:28:08] IMAP4< 4 OK Status completed.
[19:28:08] IMAP4> 5 STATUS Sent (MESSAGES RECENT UIDNEXT UIDVALIDITY UNSEEN)
[19:28:08] IMAP4< * STATUS Sent (MESSAGES 0 RECENT 0 UIDNEXT 1 UIDVALIDITY 1523906889 UNSEEN 0)
[19:28:08] IMAP4< 5 OK Status completed.
[19:28:08] IMAP4> 6 STATUS Drafts (MESSAGES RECENT UIDNEXT UIDVALIDITY UNSEEN)
[19:28:08] IMAP4< * STATUS Drafts (MESSAGES 0 RECENT 0 UIDNEXT 1 UIDVALIDITY 1523906890 UNSEEN 0)
[19:28:08] IMAP4< 6 OK Status completed.
[19:28:08] IMAP4> 7 STATUS Trash (MESSAGES RECENT UIDNEXT UIDVALIDITY UNSEEN)
[19:28:08] IMAP4< * STATUS Trash (MESSAGES 0 RECENT 0 UIDNEXT 1 UIDVALIDITY 1523906891 UNSEEN 0)
[19:28:08] IMAP4< 7 OK Status completed.
[19:28:08] IMAP4> 8 STATUS Junk (MESSAGES RECENT UIDNEXT UIDVALIDITY UNSEEN)
[19:28:08] IMAP4< * STATUS Junk (MESSAGES 0 RECENT 0 UIDNEXT 1 UIDVALIDITY 1523906892 UNSEEN 0)
[19:28:08] IMAP4< 8 OK Status completed.
[19:28:08] IMAP4> 5 STATUS INBOX (MESSAGES RECENT UIDNEXT UIDVALIDITY UNSEEN)
[19:28:08] IMAP4< * STATUS INBOX (MESSAGES 0 RECENT 0 UIDNEXT 1 UIDVALIDITY 1523906888 UNSEEN 0)
[19:28:08] IMAP4< 5 OK Status completed.
[19:28:08] IMAP4> 6 STATUS Sent (MESSAGES RECENT UIDNEXT UIDVALIDITY UNSEEN)
[19:28:08] IMAP4< * STATUS Sent (MESSAGES 0 RECENT 0 UIDNEXT 1 UIDVALIDITY 1523906889 UNSEEN 0)
[19:28:08] IMAP4< 6 OK Status completed.
[19:28:08] IMAP4> 7 STATUS Drafts (MESSAGES RECENT UIDNEXT UIDVALIDITY UNSEEN)
[19:28:08] IMAP4< * STATUS Drafts (MESSAGES 0 RECENT 0 UIDNEXT 1 UIDVALIDITY 1523906890 UNSEEN 0)
[19:28:08] IMAP4< 7 OK Status completed.
[19:28:08] IMAP4> 8 STATUS Trash (MESSAGES RECENT UIDNEXT UIDVALIDITY UNSEEN)
[19:28:08] IMAP4< * STATUS Trash (MESSAGES 0 RECENT 0 UIDNEXT 1 UIDVALIDITY 1523906891 UNSEEN 0)
[19:28:08] IMAP4< 8 OK Status completed.
[19:28:08] IMAP4> 9 STATUS Junk (MESSAGES RECENT UIDNEXT UIDVALIDITY UNSEEN)
[19:28:08] IMAP4< * STATUS Junk (MESSAGES 0 RECENT 0 UIDNEXT 1 UIDVALIDITY 1523906892 UNSEEN 0)
[19:28:08] IMAP4< 9 OK Status completed.
[19:28:08] GdkPixbuf-DEBUG: gdk_pixbuf_from_pixdata() called on:
[19:28:08] GdkPixbuf-DEBUG: 	Encoding rle
[19:28:08] GdkPixbuf-DEBUG: 	Dimensions: 48 x 48
[19:28:08] GdkPixbuf-DEBUG: 	Rowstride: 192, Length: 4630
[19:28:08] GdkPixbuf-DEBUG: 	Copy pixels == false
[19:28:10] IMAP4> 9 SELECT INBOX
[19:28:10] IMAP4< * FLAGS (\Answered \Flagged \Deleted \Seen \Draft)
[19:28:10] IMAP4< * OK [PERMANENTFLAGS (\Answered \Flagged \Deleted \Seen \Draft \*)] Flags permitted.
[19:28:10] IMAP4< * 3 EXISTS
[19:28:10] IMAP4< * 3 RECENT
[19:28:10] IMAP4< * OK [UNSEEN 1] First unseen.
[19:28:10] IMAP4< * OK [UIDVALIDITY 1523382125] UIDs valid
[19:28:10] IMAP4< * OK [UIDNEXT 4] Predicted next UID
[19:28:10] IMAP4< 9 OK [READ-WRITE] Select completed (0.002 secs).
[19:28:10] IMAP4> 10 UID FETCH 1:* (UID FLAGS RFC822.SIZE RFC822.HEADER)
[19:28:10] IMAP4< * 1 FETCH (UID 1 FLAGS (\Recent) RFC822.SIZE 7398 RFC822.HEADER {726}
[19:28:10] IMAP4< * 2 FETCH (UID 2 FLAGS (\Recent) RFC822.SIZE 7401 RFC822.HEADER {725}
[19:28:10] IMAP4< * 3 FETCH (UID 3 FLAGS (\Recent) RFC822.SIZE 7401 RFC822.HEADER {725}
[19:28:10] IMAP4< 10 OK Fetch completed.
[19:28:10] IMAP4> 11 UID FETCH 1 BODY.PEEK[]
[19:28:10] IMAP4< * 1 FETCH (UID 1 BODY[] {7398}
[19:28:10] IMAP4< )
[19:28:10] IMAP4< 11 OK Fetch completed.
[19:28:12] IMAP4> 12 UID COPY 1 Trash
[19:28:12] IMAP4< 12 OK [COPYUID 1523382128 1 1] Copy completed.
[19:28:12] IMAP4> 13 UID STORE 1 +FLAGS.SILENT (\Deleted)
[19:28:12] IMAP4< 13 OK Store completed.
[19:28:12] IMAP4> 14 EXPUNGE
[19:28:12] IMAP4< * 1 EXPUNGE
[19:28:12] IMAP4< * 2 RECENT
[19:28:12] IMAP4< 14 OK Expunge completed.
[19:28:12] IMAP4> 15 NOOP
[19:28:12] IMAP4< 15 OK NOOP completed.
[19:28:12] IMAP4> 16 STATUS Trash (MESSAGES RECENT UIDNEXT UIDVALIDITY UNSEEN)
[19:28:12] IMAP4< * STATUS Trash (MESSAGES 1 RECENT 1 UIDNEXT 2 UIDVALIDITY 1523382128 UNSEEN 1)
[19:28:12] IMAP4< 16 OK Status completed.
[19:28:12] IMAP4> 17 UID FETCH 2 BODY.PEEK[]
[19:28:12] IMAP4< * 1 FETCH (UID 2 BODY[] {7401}
[19:28:12] IMAP4< )
[19:28:12] IMAP4< 17 OK Fetch completed.
[19:28:12] IMAP4> 18 UID STORE 2 +FLAGS.SILENT (\Seen)
[19:28:12] IMAP4< 18 OK Store completed.
[19:28:12] IMAP4> 19 UID COPY 2 Trash
[19:28:12] IMAP4< 19 OK [COPYUID 1523382128 2 2] Copy completed.
[19:28:12] IMAP4> 20 UID STORE 2 +FLAGS.SILENT (\Deleted)
[19:28:12] IMAP4< 20 OK Store completed.
[19:28:12] IMAP4> 21 EXPUNGE
[19:28:12] IMAP4< * 1 EXPUNGE
[19:28:12] IMAP4< * 1 RECENT
[19:28:12] IMAP4< 21 OK Expunge completed.
[19:28:12] IMAP4> 22 NOOP
[19:28:12] IMAP4< 22 OK NOOP completed.
[19:28:12] IMAP4> 23 STATUS Trash (MESSAGES RECENT UIDNEXT UIDVALIDITY UNSEEN)
[19:28:12] IMAP4< * STATUS Trash (MESSAGES 2 RECENT 2 UIDNEXT 3 UIDVALIDITY 1523382128 UNSEEN 1)
[19:28:12] IMAP4< 23 OK Status completed.
[19:28:12] IMAP4> 24 UID FETCH 3 BODY.PEEK[]
[19:28:12] IMAP4< * 1 FETCH (UID 3 BODY[] {7401}
[19:28:12] IMAP4< )
[19:28:12] IMAP4< 24 OK Fetch completed.
[19:28:12] IMAP4> 25 UID STORE 3 +FLAGS.SILENT (\Seen)
[19:28:13] IMAP4< 25 OK Store completed.
[19:28:16] IMAP4> 26 UID COPY 3 Trash
[19:28:16] IMAP4< 26 OK [COPYUID 1523382128 3 3] Copy completed.
[19:28:16] IMAP4> 27 UID STORE 3 +FLAGS.SILENT (\Deleted)
[19:28:16] IMAP4< 27 OK Store completed.
[19:28:16] IMAP4> 28 EXPUNGE
[19:28:16] IMAP4< * 1 EXPUNGE
[19:28:16] IMAP4< * 0 RECENT
[19:28:16] IMAP4< 28 OK Expunge completed.
[19:28:16] IMAP4> 29 NOOP
[19:28:16] IMAP4< 29 OK NOOP completed.
[19:28:16] IMAP4> 30 STATUS Trash (MESSAGES RECENT UIDNEXT UIDVALIDITY UNSEEN)
[19:28:16] IMAP4< * STATUS Trash (MESSAGES 3 RECENT 3 UIDNEXT 4 UIDVALIDITY 1523382128 UNSEEN 1)
[19:28:16] IMAP4< 30 OK Status completed.
[19:28:18] IMAP4> 31 CLOSE
[19:28:18] IMAP4< 31 OK Close completed.
[19:28:19] IMAP4> 32 SELECT Trash
[19:28:19] IMAP4< * FLAGS (\Answered \Flagged \Deleted \Seen \Draft)
[19:28:19] IMAP4< * OK [PERMANENTFLAGS (\Answered \Flagged \Deleted \Seen \Draft \*)] Flags permitted.
[19:28:19] IMAP4< * 3 EXISTS
[19:28:19] IMAP4< * 3 RECENT
[19:28:19] IMAP4< * OK [UNSEEN 1] First unseen.
[19:28:19] IMAP4< * OK [UIDVALIDITY 1523382128] UIDs valid
[19:28:19] IMAP4< * OK [UIDNEXT 4] Predicted next UID
[19:28:19] IMAP4< 32 OK [READ-WRITE] Select completed (0.000 secs).
[19:28:19] IMAP4> 33 UID FETCH 1:* (UID FLAGS RFC822.SIZE RFC822.HEADER)
[19:28:19] IMAP4< * 1 FETCH (UID 1 FLAGS (\Recent) RFC822.SIZE 7398 RFC822.HEADER {726}
[19:28:19] IMAP4< * 2 FETCH (UID 2 FLAGS (\Seen \Recent) RFC822.SIZE 7401 RFC822.HEADER {725}
[19:28:19] IMAP4< * 3 FETCH (UID 3 FLAGS (\Seen \Recent) RFC822.SIZE 7401 RFC822.HEADER {725}
[19:28:19] IMAP4< 33 OK Fetch completed.
[19:28:19] IMAP4> 34 UID FETCH 1 BODY.PEEK[]
[19:28:19] IMAP4< * 1 FETCH (UID 1 BODY[] {7398}
[19:28:19] IMAP4< )
[19:28:19] IMAP4< 34 OK Fetch completed.
[19:28:21] IMAP4> 35 UID STORE 1 +FLAGS.SILENT (\Deleted)
[19:28:21] IMAP4< 35 OK Store completed.
[19:28:21] IMAP4> 36 EXPUNGE
[19:28:21] IMAP4< * 1 EXPUNGE
[19:28:21] IMAP4< * 2 RECENT
[19:28:21] IMAP4< 36 OK Expunge completed.
[19:28:21] IMAP4> 37 NOOP
[19:28:21] IMAP4< 37 OK NOOP completed.
[19:28:21] IMAP4> 38 UID FETCH 2 BODY.PEEK[]
[19:28:21] IMAP4< * 1 FETCH (UID 2 BODY[] {7401}
[19:28:21] IMAP4< )
[19:28:21] IMAP4< 38 OK Fetch completed.
[19:28:22] IMAP4> 39 UID STORE 2 +FLAGS.SILENT (\Deleted)
[19:28:22] IMAP4< 39 OK Store completed.
[19:28:22] IMAP4> 40 EXPUNGE
[19:28:22] IMAP4< * 1 EXPUNGE
[19:28:22] IMAP4< * 1 RECENT
[19:28:22] IMAP4< 40 OK Expunge completed.
[19:28:22] IMAP4> 41 NOOP
[19:28:22] IMAP4< 41 OK NOOP completed.
[19:28:22] IMAP4> 42 UID FETCH 3 BODY.PEEK[]
[19:28:22] IMAP4< * 1 FETCH (UID 3 BODY[] {7401}
[19:28:22] IMAP4< )
[19:28:22] IMAP4< 42 OK Fetch completed.
[19:28:23] IMAP4> 43 UID STORE 3 +FLAGS.SILENT (\Deleted)
[19:28:23] IMAP4< 43 OK Store completed.
[19:28:23] IMAP4> 44 EXPUNGE
[19:28:23] IMAP4< * 1 EXPUNGE
[19:28:23] IMAP4< * 0 RECENT
[19:28:23] IMAP4< 44 OK Expunge completed.
[19:28:23] IMAP4> 45 NOOP
[19:28:23] IMAP4< 45 OK NOOP completed.
[19:28:35] IMAP4> 46 STATUS INBOX (MESSAGES RECENT UIDNEXT UIDVALIDITY UNSEEN)
[19:28:35] IMAP4< * STATUS INBOX (MESSAGES 0 RECENT 0 UIDNEXT 4 UIDVALIDITY 1523382125 UNSEEN 0)
[19:28:35] IMAP4< 46 OK Status completed.
[19:28:35] IMAP4> 47 STATUS Sent (MESSAGES RECENT UIDNEXT UIDVALIDITY UNSEEN)
[19:28:35] IMAP4< * STATUS Sent (MESSAGES 0 RECENT 0 UIDNEXT 1 UIDVALIDITY 1523382126 UNSEEN 0)
[19:28:35] IMAP4< 47 OK Status completed.
[19:28:35] IMAP4> 48 STATUS Drafts (MESSAGES RECENT UIDNEXT UIDVALIDITY UNSEEN)
[19:28:35] IMAP4< * STATUS Drafts (MESSAGES 0 RECENT 0 UIDNEXT 1 UIDVALIDITY 1523382127 UNSEEN 0)
[19:28:35] IMAP4< 48 OK Status completed.
[19:28:35] IMAP4> 49 STATUS Trash (MESSAGES RECENT UIDNEXT UIDVALIDITY UNSEEN)
[19:28:35] IMAP4< * STATUS Trash (MESSAGES 0 RECENT 0 UIDNEXT 4 UIDVALIDITY 1523382128 UNSEEN 0)
[19:28:35] IMAP4< 49 OK [CLIENTBUG] Status on selected mailbox completed.
[19:28:35] IMAP4> 50 STATUS Junk (MESSAGES RECENT UIDNEXT UIDVALIDITY UNSEEN)
[19:28:35] IMAP4< * STATUS Junk (MESSAGES 0 RECENT 0 UIDNEXT 1 UIDVALIDITY 1523382129 UNSEEN 0)
[19:28:35] IMAP4< 50 OK Status completed.
[19:28:35] IMAP4> 51 CLOSE
[19:28:35] IMAP4< 51 OK Close completed.
[19:28:35] IMAP4> 52 SELECT Trash
[19:28:35] IMAP4< * FLAGS (\Answered \Flagged \Deleted \Seen \Draft)
[19:28:35] IMAP4< * OK [PERMANENTFLAGS (\Answered \Flagged \Deleted \Seen \Draft \*)] Flags permitted.
[19:28:35] IMAP4< * 0 EXISTS
[19:28:35] IMAP4< * 0 RECENT
[19:28:35] IMAP4< * OK [UIDVALIDITY 1523382128] UIDs valid
[19:28:35] IMAP4< * OK [UIDNEXT 4] Predicted next UID
[19:28:35] IMAP4< 52 OK [READ-WRITE] Select completed (0.000 secs).
[19:28:35] IMAP4> 9 STATUS INBOX (MESSAGES RECENT UIDNEXT UIDVALIDITY UNSEEN)
[19:28:35] IMAP4< * STATUS INBOX (MESSAGES 0 RECENT 0 UIDNEXT 2 UIDVALIDITY 1523373005 UNSEEN 0)
[19:28:35] IMAP4< 9 OK Status completed.
[19:28:35] IMAP4> 10 STATUS Sent (MESSAGES RECENT UIDNEXT UIDVALIDITY UNSEEN)
[19:28:35] IMAP4< * STATUS Sent (MESSAGES 0 RECENT 0 UIDNEXT 1 UIDVALIDITY 1523373006 UNSEEN 0)
[19:28:35] IMAP4< 10 OK Status completed.
[19:28:35] IMAP4> 11 STATUS Drafts (MESSAGES RECENT UIDNEXT UIDVALIDITY UNSEEN)
[19:28:35] IMAP4< * STATUS Drafts (MESSAGES 0 RECENT 0 UIDNEXT 1 UIDVALIDITY 1523373007 UNSEEN 0)
[19:28:35] IMAP4< 11 OK Status completed.
[19:28:35] IMAP4> 12 STATUS Trash (MESSAGES RECENT UIDNEXT UIDVALIDITY UNSEEN)
[19:28:35] IMAP4< * STATUS Trash (MESSAGES 0 RECENT 0 UIDNEXT 1 UIDVALIDITY 1523373008 UNSEEN 0)
[19:28:35] IMAP4< 12 OK Status completed.
[19:28:35] IMAP4> 13 STATUS Junk (MESSAGES RECENT UIDNEXT UIDVALIDITY UNSEEN)
[19:28:35] IMAP4< * STATUS Junk (MESSAGES 0 RECENT 0 UIDNEXT 1 UIDVALIDITY 1523373009 UNSEEN 0)
[19:28:35] IMAP4< 13 OK Status completed.
[19:28:35] IMAP4> 9 STATUS INBOX (MESSAGES RECENT UIDNEXT UIDVALIDITY UNSEEN)
[19:28:35] IMAP4< * STATUS INBOX (MESSAGES 0 RECENT 0 UIDNEXT 1 UIDVALIDITY 1523906884 UNSEEN 0)
[19:28:35] IMAP4< 9 OK Status completed.
[19:28:35] IMAP4> 10 STATUS Sent (MESSAGES RECENT UIDNEXT UIDVALIDITY UNSEEN)
[19:28:35] IMAP4< * STATUS Sent (MESSAGES 0 RECENT 0 UIDNEXT 1 UIDVALIDITY 1523906885 UNSEEN 0)
[19:28:35] IMAP4< 10 OK Status completed.
[19:28:35] IMAP4> 11 STATUS Drafts (MESSAGES RECENT UIDNEXT UIDVALIDITY UNSEEN)
[19:28:35] IMAP4< * STATUS Drafts (MESSAGES 0 RECENT 0 UIDNEXT 1 UIDVALIDITY 1523906886 UNSEEN 0)
[19:28:35] IMAP4< 11 OK Status completed.
[19:28:35] IMAP4> 12 STATUS Trash (MESSAGES RECENT UIDNEXT UIDVALIDITY UNSEEN)
[19:28:35] IMAP4< * STATUS Trash (MESSAGES 0 RECENT 0 UIDNEXT 1 UIDVALIDITY 1523906887 UNSEEN 0)
[19:28:35] IMAP4< 12 OK Status completed.
[19:28:35] IMAP4> 13 STATUS Junk (MESSAGES RECENT UIDNEXT UIDVALIDITY UNSEEN)
[19:28:35] IMAP4< * STATUS Junk (MESSAGES 0 RECENT 0 UIDNEXT 1 UIDVALIDITY 1523906888 UNSEEN 0)
[19:28:35] IMAP4< 13 OK Status completed.
[19:28:35] IMAP4> 9 STATUS INBOX (MESSAGES RECENT UIDNEXT UIDVALIDITY UNSEEN)
[19:28:35] IMAP4< * STATUS INBOX (MESSAGES 0 RECENT 0 UIDNEXT 1 UIDVALIDITY 1523906884 UNSEEN 0)
[19:28:35] IMAP4< 9 OK Status completed.
[19:28:35] IMAP4> 10 STATUS Sent (MESSAGES RECENT UIDNEXT UIDVALIDITY UNSEEN)
[19:28:35] IMAP4< * STATUS Sent (MESSAGES 0 RECENT 0 UIDNEXT 1 UIDVALIDITY 1523906885 UNSEEN 0)
[19:28:35] IMAP4< 10 OK Status completed.
[19:28:35] IMAP4> 11 STATUS Drafts (MESSAGES RECENT UIDNEXT UIDVALIDITY UNSEEN)
[19:28:35] IMAP4< * STATUS Drafts (MESSAGES 0 RECENT 0 UIDNEXT 1 UIDVALIDITY 1523906886 UNSEEN 0)
[19:28:35] IMAP4< 11 OK Status completed.
[19:28:35] IMAP4> 12 STATUS Trash (MESSAGES RECENT UIDNEXT UIDVALIDITY UNSEEN)
[19:28:35] IMAP4< * STATUS Trash (MESSAGES 0 RECENT 0 UIDNEXT 1 UIDVALIDITY 1523906887 UNSEEN 0)
[19:28:35] IMAP4< 12 OK Status completed.
[19:28:35] IMAP4> 13 STATUS Junk (MESSAGES RECENT UIDNEXT UIDVALIDITY UNSEEN)
[19:28:35] IMAP4< * STATUS Junk (MESSAGES 0 RECENT 0 UIDNEXT 1 UIDVALIDITY 1523906888 UNSEEN 0)
[19:28:35] IMAP4< 13 OK Status completed.
[19:28:35] IMAP4> 9 STATUS INBOX (MESSAGES RECENT UIDNEXT UIDVALIDITY UNSEEN)
[19:28:35] IMAP4< * STATUS INBOX (MESSAGES 0 RECENT 0 UIDNEXT 1 UIDVALIDITY 1523906885 UNSEEN 0)
[19:28:35] IMAP4< 9 OK Status completed.
[19:28:35] IMAP4> 10 STATUS Sent (MESSAGES RECENT UIDNEXT UIDVALIDITY UNSEEN)
[19:28:35] IMAP4< * STATUS Sent (MESSAGES 0 RECENT 0 UIDNEXT 1 UIDVALIDITY 1523906886 UNSEEN 0)
[19:28:35] IMAP4< 10 OK Status completed.
[19:28:35] IMAP4> 11 STATUS Drafts (MESSAGES RECENT UIDNEXT UIDVALIDITY UNSEEN)
[19:28:35] IMAP4< * STATUS Drafts (MESSAGES 0 RECENT 0 UIDNEXT 1 UIDVALIDITY 1523906887 UNSEEN 0)
[19:28:35] IMAP4< 11 OK Status completed.
[19:28:35] IMAP4> 12 STATUS Trash (MESSAGES RECENT UIDNEXT UIDVALIDITY UNSEEN)
[19:28:35] IMAP4< * STATUS Trash (MESSAGES 0 RECENT 0 UIDNEXT 1 UIDVALIDITY 1523906888 UNSEEN 0)
[19:28:35] IMAP4< 12 OK Status completed.
[19:28:35] IMAP4> 13 STATUS Junk (MESSAGES RECENT UIDNEXT UIDVALIDITY UNSEEN)
[19:28:35] IMAP4< * STATUS Junk (MESSAGES 0 RECENT 0 UIDNEXT 1 UIDVALIDITY 1523906889 UNSEEN 0)
[19:28:35] IMAP4< 13 OK Status completed.
[19:28:35] IMAP4> 9 STATUS INBOX (MESSAGES RECENT UIDNEXT UIDVALIDITY UNSEEN)
[19:28:35] IMAP4< * STATUS INBOX (MESSAGES 0 RECENT 0 UIDNEXT 1 UIDVALIDITY 1523906885 UNSEEN 0)
[19:28:35] IMAP4< 9 OK Status completed.
[19:28:35] IMAP4> 10 STATUS Sent (MESSAGES RECENT UIDNEXT UIDVALIDITY UNSEEN)
[19:28:35] IMAP4< * STATUS Sent (MESSAGES 0 RECENT 0 UIDNEXT 1 UIDVALIDITY 1523906886 UNSEEN 0)
[19:28:35] IMAP4< 10 OK Status completed.
[19:28:35] IMAP4> 11 STATUS Drafts (MESSAGES RECENT UIDNEXT UIDVALIDITY UNSEEN)
[19:28:35] IMAP4< * STATUS Drafts (MESSAGES 0 RECENT 0 UIDNEXT 1 UIDVALIDITY 1523906887 UNSEEN 0)
[19:28:35] IMAP4< 11 OK Status completed.
[19:28:35] IMAP4> 12 STATUS Trash (MESSAGES RECENT UIDNEXT UIDVALIDITY UNSEEN)
[19:28:35] IMAP4< * STATUS Trash (MESSAGES 0 RECENT 0 UIDNEXT 1 UIDVALIDITY 1523906888 UNSEEN 0)
[19:28:35] IMAP4< 12 OK Status completed.
[19:28:35] IMAP4> 13 STATUS Junk (MESSAGES RECENT UIDNEXT UIDVALIDITY UNSEEN)
[19:28:36] IMAP4< * STATUS Junk (MESSAGES 0 RECENT 0 UIDNEXT 1 UIDVALIDITY 1523906889 UNSEEN 0)
[19:28:36] IMAP4< 13 OK Status completed.
[19:28:36] IMAP4> 9 STATUS INBOX (MESSAGES RECENT UIDNEXT UIDVALIDITY UNSEEN)
[19:28:36] IMAP4< * STATUS INBOX (MESSAGES 0 RECENT 0 UIDNEXT 1 UIDVALIDITY 1523906885 UNSEEN 0)
[19:28:36] IMAP4< 9 OK Status completed.
[19:28:36] IMAP4> 10 STATUS Sent (MESSAGES RECENT UIDNEXT UIDVALIDITY UNSEEN)
[19:28:36] IMAP4< * STATUS Sent (MESSAGES 0 RECENT 0 UIDNEXT 1 UIDVALIDITY 1523906886 UNSEEN 0)
[19:28:36] IMAP4< 10 OK Status completed.
[19:28:36] IMAP4> 11 STATUS Drafts (MESSAGES RECENT UIDNEXT UIDVALIDITY UNSEEN)
[19:28:36] IMAP4< * STATUS Drafts (MESSAGES 0 RECENT 0 UIDNEXT 1 UIDVALIDITY 1523906887 UNSEEN 0)
[19:28:36] IMAP4< 11 OK Status completed.
[19:28:36] IMAP4> 12 STATUS Trash (MESSAGES RECENT UIDNEXT UIDVALIDITY UNSEEN)
[19:28:36] IMAP4< * STATUS Trash (MESSAGES 0 RECENT 0 UIDNEXT 1 UIDVALIDITY 1523906888 UNSEEN 0)
[19:28:36] IMAP4< 12 OK Status completed.
[19:28:36] IMAP4> 13 STATUS Junk (MESSAGES RECENT UIDNEXT UIDVALIDITY UNSEEN)
[19:28:36] IMAP4< * STATUS Junk (MESSAGES 0 RECENT 0 UIDNEXT 1 UIDVALIDITY 1523906889 UNSEEN 0)
[19:28:36] IMAP4< 13 OK Status completed.
[19:28:36] IMAP4> 9 STATUS INBOX (MESSAGES RECENT UIDNEXT UIDVALIDITY UNSEEN)
[19:28:36] IMAP4< * STATUS INBOX (MESSAGES 0 RECENT 0 UIDNEXT 1 UIDVALIDITY 1523906886 UNSEEN 0)
[19:28:36] IMAP4< 9 OK Status completed.
[19:28:36] IMAP4> 10 STATUS Sent (MESSAGES RECENT UIDNEXT UIDVALIDITY UNSEEN)
[19:28:36] IMAP4< * STATUS Sent (MESSAGES 0 RECENT 0 UIDNEXT 1 UIDVALIDITY 1523906887 UNSEEN 0)
[19:28:36] IMAP4< 10 OK Status completed.
[19:28:36] IMAP4> 11 STATUS Drafts (MESSAGES RECENT UIDNEXT UIDVALIDITY UNSEEN)
[19:28:36] IMAP4< * STATUS Drafts (MESSAGES 0 RECENT 0 UIDNEXT 1 UIDVALIDITY 1523906888 UNSEEN 0)
[19:28:36] IMAP4< 11 OK Status completed.
[19:28:36] IMAP4> 12 STATUS Trash (MESSAGES RECENT UIDNEXT UIDVALIDITY UNSEEN)
[19:28:36] IMAP4< * STATUS Trash (MESSAGES 0 RECENT 0 UIDNEXT 1 UIDVALIDITY 1523906889 UNSEEN 0)
[19:28:36] IMAP4< 12 OK Status completed.
[19:28:36] IMAP4> 13 STATUS Junk (MESSAGES RECENT UIDNEXT UIDVALIDITY UNSEEN)
[19:28:36] IMAP4< * STATUS Junk (MESSAGES 0 RECENT 0 UIDNEXT 1 UIDVALIDITY 1523906890 UNSEEN 0)
[19:28:36] IMAP4< 13 OK Status completed.
[19:28:36] IMAP4> 9 STATUS INBOX (MESSAGES RECENT UIDNEXT UIDVALIDITY UNSEEN)
[19:28:36] IMAP4< * STATUS INBOX (MESSAGES 0 RECENT 0 UIDNEXT 1 UIDVALIDITY 1523906886 UNSEEN 0)
[19:28:36] IMAP4< 9 OK Status completed.
[19:28:36] IMAP4> 10 STATUS Sent (MESSAGES RECENT UIDNEXT UIDVALIDITY UNSEEN)
[19:28:36] IMAP4< * STATUS Sent (MESSAGES 0 RECENT 0 UIDNEXT 1 UIDVALIDITY 1523906887 UNSEEN 0)
[19:28:36] IMAP4< 10 OK Status completed.
[19:28:36] IMAP4> 11 STATUS Drafts (MESSAGES RECENT UIDNEXT UIDVALIDITY UNSEEN)
[19:28:36] IMAP4< * STATUS Drafts (MESSAGES 0 RECENT 0 UIDNEXT 1 UIDVALIDITY 1523906888 UNSEEN 0)
[19:28:36] IMAP4< 11 OK Status completed.
[19:28:36] IMAP4> 12 STATUS Trash (MESSAGES RECENT UIDNEXT UIDVALIDITY UNSEEN)
[19:28:36] IMAP4< * STATUS Trash (MESSAGES 0 RECENT 0 UIDNEXT 1 UIDVALIDITY 1523906889 UNSEEN 0)
[19:28:36] IMAP4< 12 OK Status completed.
[19:28:36] IMAP4> 13 STATUS Junk (MESSAGES RECENT UIDNEXT UIDVALIDITY UNSEEN)
[19:28:36] IMAP4< * STATUS Junk (MESSAGES 0 RECENT 0 UIDNEXT 1 UIDVALIDITY 1523906890 UNSEEN 0)
[19:28:36] IMAP4< 13 OK Status completed.
[19:28:36] IMAP4> 9 STATUS INBOX (MESSAGES RECENT UIDNEXT UIDVALIDITY UNSEEN)
[19:28:36] IMAP4< * STATUS INBOX (MESSAGES 0 RECENT 0 UIDNEXT 1 UIDVALIDITY 1523906886 UNSEEN 0)
[19:28:36] IMAP4< 9 OK Status completed.
[19:28:36] IMAP4> 10 STATUS Sent (MESSAGES RECENT UIDNEXT UIDVALIDITY UNSEEN)
[19:28:36] IMAP4< * STATUS Sent (MESSAGES 0 RECENT 0 UIDNEXT 1 UIDVALIDITY 1523906887 UNSEEN 0)
[19:28:36] IMAP4< 10 OK Status completed.
[19:28:36] IMAP4> 11 STATUS Drafts (MESSAGES RECENT UIDNEXT UIDVALIDITY UNSEEN)
[19:28:36] IMAP4< * STATUS Drafts (MESSAGES 0 RECENT 0 UIDNEXT 1 UIDVALIDITY 1523906888 UNSEEN 0)
[19:28:36] IMAP4< 11 OK Status completed.
[19:28:36] IMAP4> 12 STATUS Trash (MESSAGES RECENT UIDNEXT UIDVALIDITY UNSEEN)
[19:28:36] IMAP4< * STATUS Trash (MESSAGES 0 RECENT 0 UIDNEXT 1 UIDVALIDITY 1523906889 UNSEEN 0)
[19:28:36] IMAP4< 12 OK Status completed.
[19:28:36] IMAP4> 13 STATUS Junk (MESSAGES RECENT UIDNEXT UIDVALIDITY UNSEEN)
[19:28:36] IMAP4< * STATUS Junk (MESSAGES 0 RECENT 0 UIDNEXT 1 UIDVALIDITY 1523906890 UNSEEN 0)
[19:28:36] IMAP4< 13 OK Status completed.
[19:28:36] IMAP4> 9 STATUS INBOX (MESSAGES RECENT UIDNEXT UIDVALIDITY UNSEEN)
[19:28:36] IMAP4< * STATUS INBOX (MESSAGES 0 RECENT 0 UIDNEXT 1 UIDVALIDITY 1523906886 UNSEEN 0)
[19:28:36] IMAP4< 9 OK Status completed.
[19:28:36] IMAP4> 10 STATUS Sent (MESSAGES RECENT UIDNEXT UIDVALIDITY UNSEEN)
[19:28:36] IMAP4< * STATUS Sent (MESSAGES 0 RECENT 0 UIDNEXT 1 UIDVALIDITY 1523906887 UNSEEN 0)
[19:28:36] IMAP4< 10 OK Status completed.
[19:28:36] IMAP4> 11 STATUS Drafts (MESSAGES RECENT UIDNEXT UIDVALIDITY UNSEEN)
[19:28:36] IMAP4< * STATUS Drafts (MESSAGES 0 RECENT 0 UIDNEXT 1 UIDVALIDITY 1523906888 UNSEEN 0)
[19:28:36] IMAP4< 11 OK Status completed.
[19:28:36] IMAP4> 12 STATUS Trash (MESSAGES RECENT UIDNEXT UIDVALIDITY UNSEEN)
[19:28:36] IMAP4< * STATUS Trash (MESSAGES 0 RECENT 0 UIDNEXT 1 UIDVALIDITY 1523906889 UNSEEN 0)
[19:28:36] IMAP4< 12 OK Status completed.
[19:28:36] IMAP4> 13 STATUS Junk (MESSAGES RECENT UIDNEXT UIDVALIDITY UNSEEN)
[19:28:36] IMAP4< * STATUS Junk (MESSAGES 0 RECENT 0 UIDNEXT 1 UIDVALIDITY 1523906890 UNSEEN 0)
[19:28:36] IMAP4< 13 OK Status completed.
[19:28:36] IMAP4> 9 STATUS INBOX (MESSAGES RECENT UIDNEXT UIDVALIDITY UNSEEN)
[19:28:36] IMAP4< * STATUS INBOX (MESSAGES 0 RECENT 0 UIDNEXT 1 UIDVALIDITY 1523906887 UNSEEN 0)
[19:28:36] IMAP4< 9 OK Status completed.
[19:28:36] IMAP4> 10 STATUS Sent (MESSAGES RECENT UIDNEXT UIDVALIDITY UNSEEN)
[19:28:36] IMAP4< * STATUS Sent (MESSAGES 0 RECENT 0 UIDNEXT 1 UIDVALIDITY 1523906888 UNSEEN 0)
[19:28:36] IMAP4< 10 OK Status completed.
[19:28:36] IMAP4> 11 STATUS Drafts (MESSAGES RECENT UIDNEXT UIDVALIDITY UNSEEN)
[19:28:36] IMAP4< * STATUS Drafts (MESSAGES 0 RECENT 0 UIDNEXT 1 UIDVALIDITY 1523906889 UNSEEN 0)
[19:28:36] IMAP4< 11 OK Status completed.
[19:28:36] IMAP4> 12 STATUS Trash (MESSAGES RECENT UIDNEXT UIDVALIDITY UNSEEN)
[19:28:36] IMAP4< * STATUS Trash (MESSAGES 0 RECENT 0 UIDNEXT 1 UIDVALIDITY 1523906890 UNSEEN 0)
[19:28:36] IMAP4< 12 OK Status completed.
[19:28:36] IMAP4> 13 STATUS Junk (MESSAGES RECENT UIDNEXT UIDVALIDITY UNSEEN)
[19:28:36] IMAP4< * STATUS Junk (MESSAGES 0 RECENT 0 UIDNEXT 1 UIDVALIDITY 1523906891 UNSEEN 0)
[19:28:36] IMAP4< 13 OK Status completed.
[19:28:36] IMAP4> 9 STATUS INBOX (MESSAGES RECENT UIDNEXT UIDVALIDITY UNSEEN)
[19:28:36] IMAP4< * STATUS INBOX (MESSAGES 0 RECENT 0 UIDNEXT 1 UIDVALIDITY 1523906887 UNSEEN 0)
[19:28:36] IMAP4< 9 OK Status completed.
[19:28:36] IMAP4> 10 STATUS Sent (MESSAGES RECENT UIDNEXT UIDVALIDITY UNSEEN)
[19:28:36] IMAP4< * STATUS Sent (MESSAGES 0 RECENT 0 UIDNEXT 1 UIDVALIDITY 1523906888 UNSEEN 0)
[19:28:36] IMAP4< 10 OK Status completed.
[19:28:36] IMAP4> 11 STATUS Drafts (MESSAGES RECENT UIDNEXT UIDVALIDITY UNSEEN)
[19:28:36] IMAP4< * STATUS Drafts (MESSAGES 0 RECENT 0 UIDNEXT 1 UIDVALIDITY 1523906889 UNSEEN 0)
[19:28:36] IMAP4< 11 OK Status completed.
[19:28:36] IMAP4> 12 STATUS Trash (MESSAGES RECENT UIDNEXT UIDVALIDITY UNSEEN)
[19:28:36] IMAP4< * STATUS Trash (MESSAGES 0 RECENT 0 UIDNEXT 1 UIDVALIDITY 1523906890 UNSEEN 0)
[19:28:36] IMAP4< 12 OK Status completed.
[19:28:36] IMAP4> 13 STATUS Junk (MESSAGES RECENT UIDNEXT UIDVALIDITY UNSEEN)
[19:28:36] IMAP4< * STATUS Junk (MESSAGES 0 RECENT 0 UIDNEXT 1 UIDVALIDITY 1523906891 UNSEEN 0)
[19:28:36] IMAP4< 13 OK Status completed.
[19:28:36] IMAP4> 9 STATUS INBOX (MESSAGES RECENT UIDNEXT UIDVALIDITY UNSEEN)
[19:28:36] IMAP4< * STATUS INBOX (MESSAGES 0 RECENT 0 UIDNEXT 1 UIDVALIDITY 1523906887 UNSEEN 0)
[19:28:36] IMAP4< 9 OK Status completed.
[19:28:36] IMAP4> 10 STATUS Sent (MESSAGES RECENT UIDNEXT UIDVALIDITY UNSEEN)
[19:28:36] IMAP4< * STATUS Sent (MESSAGES 0 RECENT 0 UIDNEXT 1 UIDVALIDITY 1523906888 UNSEEN 0)
[19:28:36] IMAP4< 10 OK Status completed.
[19:28:36] IMAP4> 11 STATUS Drafts (MESSAGES RECENT UIDNEXT UIDVALIDITY UNSEEN)
[19:28:36] IMAP4< * STATUS Drafts (MESSAGES 0 RECENT 0 UIDNEXT 1 UIDVALIDITY 1523906889 UNSEEN 0)
[19:28:36] IMAP4< 11 OK Status completed.
[19:28:36] IMAP4> 12 STATUS Trash (MESSAGES RECENT UIDNEXT UIDVALIDITY UNSEEN)
[19:28:36] IMAP4< * STATUS Trash (MESSAGES 0 RECENT 0 UIDNEXT 1 UIDVALIDITY 1523906890 UNSEEN 0)
[19:28:36] IMAP4< 12 OK Status completed.
[19:28:36] IMAP4> 13 STATUS Junk (MESSAGES RECENT UIDNEXT UIDVALIDITY UNSEEN)
[19:28:36] IMAP4< * STATUS Junk (MESSAGES 0 RECENT 0 UIDNEXT 1 UIDVALIDITY 1523906891 UNSEEN 0)
[19:28:36] IMAP4< 13 OK Status completed.
[19:28:36] IMAP4> 9 STATUS INBOX (MESSAGES RECENT UIDNEXT UIDVALIDITY UNSEEN)
[19:28:36] IMAP4< * STATUS INBOX (MESSAGES 0 RECENT 0 UIDNEXT 1 UIDVALIDITY 1523906888 UNSEEN 0)
[19:28:36] IMAP4< 9 OK Status completed.
[19:28:36] IMAP4> 10 STATUS Sent (MESSAGES RECENT UIDNEXT UIDVALIDITY UNSEEN)
[19:28:36] IMAP4< * STATUS Sent (MESSAGES 0 RECENT 0 UIDNEXT 1 UIDVALIDITY 1523906889 UNSEEN 0)
[19:28:36] IMAP4< 10 OK Status completed.
[19:28:36] IMAP4> 11 STATUS Drafts (MESSAGES RECENT UIDNEXT UIDVALIDITY UNSEEN)
[19:28:36] IMAP4< * STATUS Drafts (MESSAGES 0 RECENT 0 UIDNEXT 1 UIDVALIDITY 1523906890 UNSEEN 0)
[19:28:36] IMAP4< 11 OK Status completed.
[19:28:36] IMAP4> 12 STATUS Trash (MESSAGES RECENT UIDNEXT UIDVALIDITY UNSEEN)
[19:28:36] IMAP4< * STATUS Trash (MESSAGES 0 RECENT 0 UIDNEXT 1 UIDVALIDITY 1523906891 UNSEEN 0)
[19:28:36] IMAP4< 12 OK Status completed.
[19:28:36] IMAP4> 13 STATUS Junk (MESSAGES RECENT UIDNEXT UIDVALIDITY UNSEEN)
[19:28:37] IMAP4< * STATUS Junk (MESSAGES 0 RECENT 0 UIDNEXT 1 UIDVALIDITY 1523906892 UNSEEN 0)
[19:28:37] IMAP4< 13 OK Status completed.
[19:28:37] IMAP4> 10 STATUS INBOX (MESSAGES RECENT UIDNEXT UIDVALIDITY UNSEEN)
[19:28:37] IMAP4< * STATUS INBOX (MESSAGES 0 RECENT 0 UIDNEXT 1 UIDVALIDITY 1523906888 UNSEEN 0)
[19:28:37] IMAP4< 10 OK Status completed.
[19:28:37] IMAP4> 11 STATUS Sent (MESSAGES RECENT UIDNEXT UIDVALIDITY UNSEEN)
[19:28:37] IMAP4< * STATUS Sent (MESSAGES 0 RECENT 0 UIDNEXT 1 UIDVALIDITY 1523906889 UNSEEN 0)
[19:28:37] IMAP4< 11 OK Status completed.
[19:28:37] IMAP4> 12 STATUS Drafts (MESSAGES RECENT UIDNEXT UIDVALIDITY UNSEEN)
[19:28:37] IMAP4< * STATUS Drafts (MESSAGES 0 RECENT 0 UIDNEXT 1 UIDVALIDITY 1523906890 UNSEEN 0)
[19:28:37] IMAP4< 12 OK Status completed.
[19:28:37] IMAP4> 13 STATUS Trash (MESSAGES RECENT UIDNEXT UIDVALIDITY UNSEEN)
[19:28:37] IMAP4< * STATUS Trash (MESSAGES 0 RECENT 0 UIDNEXT 1 UIDVALIDITY 1523906891 UNSEEN 0)
[19:28:37] IMAP4< 13 OK Status completed.
[19:28:37] IMAP4> 14 STATUS Junk (MESSAGES RECENT UIDNEXT UIDVALIDITY UNSEEN)
[19:28:37] IMAP4< * STATUS Junk (MESSAGES 0 RECENT 0 UIDNEXT 1 UIDVALIDITY 1523906892 UNSEEN 0)
[19:28:37] IMAP4< 14 OK Status completed.
