[18:51:00] * message: creating IMAP4 connection to mail:143 ...
[18:51:02] IMAP4< * OK [CAPABILITY IMAP4rev1 LITERAL+ SASL-IR LOGIN-REFERRALS ID ENABLE IDLE STARTTLS AUTH=PLAIN AUTH=LOGIN AUTH=CRAM-MD5] Dovecot ready.
[18:51:02] IMAP4> 1 CAPABILITY
[18:51:02] IMAP4< * CAPABILITY IMAP4rev1 LITERAL+ SASL-IR LOGIN-REFERRALS ID ENABLE IDLE STARTTLS AUTH=PLAIN AUTH=LOGIN AUTH=CRAM-MD5
[18:51:02] IMAP4< 1 OK Pre-login capabilities listed, post-login capabilities have more.
[18:51:02] IMAP4> 2 AUTHENTICATE CRAM-MD5
[18:51:02] IMAP4< + PDgzOTUyMDkzNDEyMTQxMTYuMTUyMDE4OTQ2MkBmaXJtYS5kZT4=
[18:51:02] IMAP< [Decoded: <8395209341214116.1520189462@firma.de>]
[18:51:02] IMAP> [Encoded: support@firma.de 3ade42b29ffeab079789dbde87d1b15b]
[18:51:02] IMAP> c3VwcG9ydEBmaXJtYS5kZSAzYWRlNDJiMjlmZmVhYjA3OTc4OWRiZGU4N2QxYjE1Yg==
[18:51:02] IMAP4< * CAPABILITY IMAP4rev1 LITERAL+ SASL-IR LOGIN-REFERRALS ID ENABLE IDLE SORT SORT=DISPLAY THREAD=REFERENCES THREAD=REFS THREAD=ORDEREDSUBJECT MULTIAPPEND URL-PARTIAL CATENATE UNSELECT CHILDREN NAMESPACE UIDPLUS LIST-EXTENDED I18NLEVEL=1 CONDSTORE QRESYNC ESEARCH ESORT SEARCHRES WITHIN CONTEXT=SEARCH LIST-STATUS SPECIAL-USE BINARY MOVE
[18:51:02] IMAP4< 2 OK Logged in
[18:51:02] IMAP4> 3 NAMESPACE
[18:51:02] IMAP4< * NAMESPACE (("" ".")) NIL NIL
[18:51:02] IMAP4< 3 OK Namespace completed.
[18:51:02] IMAP4> 4 SELECT INBOX
[18:51:02] IMAP4< * FLAGS (\Answered \Flagged \Deleted \Seen \Draft)
[18:51:02] IMAP4< * OK [PERMANENTFLAGS (\Answered \Flagged \Deleted \Seen \Draft \*)] Flags permitted.
[18:51:02] IMAP4< * 0 EXISTS
[18:51:02] IMAP4< * 0 RECENT
[18:51:02] IMAP4< * OK [UIDVALIDITY 1520181542] UIDs valid
[18:51:02] IMAP4< * OK [UIDNEXT 5] Predicted next UID
[18:51:02] IMAP4< 4 OK [READ-WRITE] Select completed (0.000 secs).
[18:51:07] IMAP4> 5 CLOSE
[18:51:07] IMAP4< 5 OK Close completed.
[18:51:07] IMAP4> 6 SELECT Sent
[18:51:07] IMAP4< * FLAGS (\Answered \Flagged \Deleted \Seen \Draft)
[18:51:07] IMAP4< * OK [PERMANENTFLAGS (\Answered \Flagged \Deleted \Seen \Draft \*)] Flags permitted.
[18:51:07] IMAP4< * 0 EXISTS
[18:51:07] IMAP4< * 0 RECENT
[18:51:07] IMAP4< * OK [UIDVALIDITY 1520181543] UIDs valid
[18:51:07] IMAP4< * OK [UIDNEXT 1] Predicted next UID
[18:51:07] IMAP4< 6 OK [READ-WRITE] Select completed (0.025 secs).
[18:51:08] IMAP4> 7 CLOSE
[18:51:08] IMAP4< 7 OK Close completed.
[18:51:08] IMAP4> 8 SELECT INBOX
[18:51:08] IMAP4< * FLAGS (\Answered \Flagged \Deleted \Seen \Draft)
[18:51:08] IMAP4< * OK [PERMANENTFLAGS (\Answered \Flagged \Deleted \Seen \Draft \*)] Flags permitted.
[18:51:08] IMAP4< * 0 EXISTS
[18:51:08] IMAP4< * 0 RECENT
[18:51:08] IMAP4< * OK [UIDVALIDITY 1520181542] UIDs valid
[18:51:08] IMAP4< * OK [UIDNEXT 5] Predicted next UID
[18:51:08] IMAP4< 8 OK [READ-WRITE] Select completed (0.000 secs).
[18:51:09] IMAP4> 9 CLOSE
[18:51:09] IMAP4< 9 OK Close completed.
[18:51:09] * message: creating IMAP4 connection to mail:143 ...
[18:51:10] ** LibSylph-WARNING: [18:51:10] Could not establish IMAP connection.

[18:51:10] ** warning: Could not establish IMAP connection.
[18:51:16] IMAP4> 10 SELECT INBOX
[18:51:16] IMAP4< * FLAGS (\Answered \Flagged \Deleted \Seen \Draft)
[18:51:16] IMAP4< * OK [PERMANENTFLAGS (\Answered \Flagged \Deleted \Seen \Draft \*)] Flags permitted.
[18:51:16] IMAP4< * 0 EXISTS
[18:51:16] IMAP4< * 0 RECENT
[18:51:16] IMAP4< * OK [UIDVALIDITY 1520181542] UIDs valid
[18:51:16] IMAP4< * OK [UIDNEXT 5] Predicted next UID
[18:51:16] IMAP4< 10 OK [READ-WRITE] Select completed (0.000 secs).
[18:51:27] IMAP4> 11 STATUS INBOX (MESSAGES RECENT UIDNEXT UIDVALIDITY UNSEEN)
[18:51:27] IMAP4< * STATUS INBOX (MESSAGES 0 RECENT 0 UIDNEXT 5 UIDVALIDITY 1520181542 UNSEEN 0)
[18:51:27] IMAP4< 11 OK [CLIENTBUG] Status on selected mailbox completed.
[18:51:27] IMAP4> 12 STATUS Sent (MESSAGES RECENT UIDNEXT UIDVALIDITY UNSEEN)
[18:51:27] IMAP4< * STATUS Sent (MESSAGES 0 RECENT 0 UIDNEXT 1 UIDVALIDITY 1520181543 UNSEEN 0)
[18:51:27] IMAP4< 12 OK Status completed.
[18:51:27] IMAP4> 13 STATUS Drafts (MESSAGES RECENT UIDNEXT UIDVALIDITY UNSEEN)
[18:51:27] IMAP4< * STATUS Drafts (MESSAGES 0 RECENT 0 UIDNEXT 1 UIDVALIDITY 1520181544 UNSEEN 0)
[18:51:27] IMAP4< 13 OK Status completed.
[18:51:27] IMAP4> 14 STATUS Trash (MESSAGES RECENT UIDNEXT UIDVALIDITY UNSEEN)
[18:51:27] IMAP4< * STATUS Trash (MESSAGES 0 RECENT 0 UIDNEXT 1 UIDVALIDITY 1520181545 UNSEEN 0)
[18:51:27] IMAP4< 14 OK Status completed.
[18:51:27] IMAP4> 15 STATUS Junk (MESSAGES RECENT UIDNEXT UIDVALIDITY UNSEEN)
[18:51:27] IMAP4< * STATUS Junk (MESSAGES 0 RECENT 0 UIDNEXT 1 UIDVALIDITY 1520181546 UNSEEN 0)
[18:51:27] IMAP4< 15 OK Status completed.
[18:51:27] IMAP4> 16 CLOSE
[18:51:27] IMAP4< 16 OK Close completed.
[18:51:27] IMAP4> 17 SELECT INBOX
[18:51:27] IMAP4< * FLAGS (\Answered \Flagged \Deleted \Seen \Draft)
[18:51:27] IMAP4< * OK [PERMANENTFLAGS (\Answered \Flagged \Deleted \Seen \Draft \*)] Flags permitted.
[18:51:27] IMAP4< * 1 EXISTS
[18:51:27] IMAP4< * 0 RECENT
[18:51:27] IMAP4< * OK [UNSEEN 1] First unseen.
[18:51:27] IMAP4< * OK [UIDVALIDITY 1520181542] UIDs valid
[18:51:27] IMAP4< * OK [UIDNEXT 6] Predicted next UID
[18:51:27] IMAP4< 17 OK [READ-WRITE] Select completed (0.001 secs).
[18:51:28] IMAP4> 18 UID FETCH 1:* (UID FLAGS RFC822.SIZE RFC822.HEADER)
[18:51:28] IMAP4< * 1 FETCH (UID 5 FLAGS () RFC822.SIZE 411 RFC822.HEADER {411}
[18:51:28] IMAP4< 18 OK Fetch completed.
[18:51:33] IMAP4> 19 UID FETCH 5 BODY.PEEK[]
[18:51:33] IMAP4< * 1 FETCH (UID 5 BODY[] {411}
[18:51:33] IMAP4< )
[18:51:33] IMAP4< 19 OK Fetch completed.
[18:54:40] IMAP4> 20 NOOP
[18:54:40] IMAP4< * 1 EXPUNGE
[18:54:40] IMAP4< * 1 EXISTS
[18:54:40] IMAP4< * 1 RECENT
[18:54:40] IMAP4< 20 OK NOOP completed.
[18:54:40] IMAP4> 21 STATUS INBOX (MESSAGES RECENT UIDNEXT UIDVALIDITY UNSEEN)
[18:54:40] IMAP4< * STATUS INBOX (MESSAGES 1 RECENT 1 UIDNEXT 7 UIDVALIDITY 1520181542 UNSEEN 1)
[18:54:40] IMAP4< 21 OK [CLIENTBUG] Status on selected mailbox completed.
[18:54:40] IMAP4> 22 STATUS Sent (MESSAGES RECENT UIDNEXT UIDVALIDITY UNSEEN)
[18:54:40] IMAP4< * STATUS Sent (MESSAGES 0 RECENT 0 UIDNEXT 1 UIDVALIDITY 1520181543 UNSEEN 0)
[18:54:40] IMAP4< 22 OK Status completed.
[18:54:40] IMAP4> 23 STATUS Drafts (MESSAGES RECENT UIDNEXT UIDVALIDITY UNSEEN)
[18:54:40] IMAP4< * STATUS Drafts (MESSAGES 0 RECENT 0 UIDNEXT 1 UIDVALIDITY 1520181544 UNSEEN 0)
[18:54:40] IMAP4< 23 OK Status completed.
[18:54:40] IMAP4> 24 STATUS Trash (MESSAGES RECENT UIDNEXT UIDVALIDITY UNSEEN)
[18:54:40] IMAP4< * STATUS Trash (MESSAGES 0 RECENT 0 UIDNEXT 1 UIDVALIDITY 1520181545 UNSEEN 0)
[18:54:40] IMAP4< 24 OK Status completed.
[18:54:40] IMAP4> 25 STATUS Junk (MESSAGES RECENT UIDNEXT UIDVALIDITY UNSEEN)
[18:54:40] IMAP4< * STATUS Junk (MESSAGES 0 RECENT 0 UIDNEXT 1 UIDVALIDITY 1520181546 UNSEEN 0)
[18:54:40] IMAP4< 25 OK Status completed.
[18:54:40] IMAP4> 26 CLOSE
[18:54:40] IMAP4< 26 OK Close completed.
[18:54:40] IMAP4> 27 SELECT INBOX
[18:54:40] IMAP4< * FLAGS (\Answered \Flagged \Deleted \Seen \Draft)
[18:54:40] IMAP4< * OK [PERMANENTFLAGS (\Answered \Flagged \Deleted \Seen \Draft \*)] Flags permitted.
[18:54:40] IMAP4< * 1 EXISTS
[18:54:40] IMAP4< * 0 RECENT
[18:54:40] IMAP4< * OK [UNSEEN 1] First unseen.
[18:54:40] IMAP4< * OK [UIDVALIDITY 1520181542] UIDs valid
[18:54:40] IMAP4< * OK [UIDNEXT 7] Predicted next UID
[18:54:40] IMAP4< 27 OK [READ-WRITE] Select completed (0.000 secs).
[18:54:40] IMAP4> 28 UID FETCH 1:* (UID FLAGS)
[18:54:40] IMAP4< (retrieving FLAGS...)
[18:54:40] IMAP4< 28 OK Fetch completed.
[18:54:40] IMAP4> 29 UID FETCH 6:6 (UID FLAGS RFC822.SIZE RFC822.HEADER)
[18:54:40] IMAP4< * 1 FETCH (UID 6 FLAGS () RFC822.SIZE 411 RFC822.HEADER {411}
[18:54:40] IMAP4< 29 OK Fetch completed.
[18:54:46] IMAP4> 30 UID FETCH 6 BODY.PEEK[]
[18:54:46] IMAP4< * 1 FETCH (UID 6 BODY[] {411}
[18:54:46] IMAP4< )
[18:54:46] IMAP4< 30 OK Fetch completed.
[18:54:51] IMAP4> 31 CLOSE
[18:54:51] IMAP4< 31 OK Close completed.
[18:54:53] IMAP4> 32 STATUS INBOX (MESSAGES RECENT UIDNEXT UIDVALIDITY UNSEEN)
[18:54:53] IMAP4< * STATUS INBOX (MESSAGES 1 RECENT 0 UIDNEXT 7 UIDVALIDITY 1520181542 UNSEEN 1)
[18:54:53] IMAP4< 32 OK Status completed.
[18:54:53] IMAP4> 33 STATUS Sent (MESSAGES RECENT UIDNEXT UIDVALIDITY UNSEEN)
[18:54:53] IMAP4< * STATUS Sent (MESSAGES 0 RECENT 0 UIDNEXT 1 UIDVALIDITY 1520181543 UNSEEN 0)
[18:54:53] IMAP4< 33 OK Status completed.
[18:54:53] IMAP4> 34 STATUS Drafts (MESSAGES RECENT UIDNEXT UIDVALIDITY UNSEEN)
[18:54:53] IMAP4< * STATUS Drafts (MESSAGES 0 RECENT 0 UIDNEXT 1 UIDVALIDITY 1520181544 UNSEEN 0)
[18:54:53] IMAP4< 34 OK Status completed.
[18:54:53] IMAP4> 35 STATUS Trash (MESSAGES RECENT UIDNEXT UIDVALIDITY UNSEEN)
[18:54:53] IMAP4< * STATUS Trash (MESSAGES 0 RECENT 0 UIDNEXT 1 UIDVALIDITY 1520181545 UNSEEN 0)
[18:54:53] IMAP4< 35 OK Status completed.
[18:54:53] IMAP4> 36 STATUS Junk (MESSAGES RECENT UIDNEXT UIDVALIDITY UNSEEN)
[18:54:53] IMAP4< * STATUS Junk (MESSAGES 0 RECENT 0 UIDNEXT 1 UIDVALIDITY 1520181546 UNSEEN 0)
[18:54:53] IMAP4< 36 OK Status completed.
[18:54:54] * message: creating IMAP4 connection to mail:143 ...
[18:54:56] IMAP4< * OK [CAPABILITY IMAP4rev1 LITERAL+ SASL-IR LOGIN-REFERRALS ID ENABLE IDLE STARTTLS AUTH=PLAIN AUTH=LOGIN AUTH=CRAM-MD5] Dovecot ready.
[18:54:56] IMAP4> 1 CAPABILITY
[18:54:56] IMAP4< * CAPABILITY IMAP4rev1 LITERAL+ SASL-IR LOGIN-REFERRALS ID ENABLE IDLE STARTTLS AUTH=PLAIN AUTH=LOGIN AUTH=CRAM-MD5
[18:54:56] IMAP4< 1 OK Pre-login capabilities listed, post-login capabilities have more.
[18:54:56] IMAP4> 2 AUTHENTICATE CRAM-MD5
[18:54:56] IMAP4< + PDUxNzQxOTU4OTI1OTY3MDcuMTUyMDE4OTY5NkBmaXJtYS5kZT4=
[18:54:56] IMAP< [Decoded: <5174195892596707.1520189696@firma.de>]
[18:54:56] IMAP> [Encoded: agent@firma.de 4f96edb4dc99f291fb7bc7052c1a683c]
[18:54:56] IMAP> YWdlbnRAZmlybWEuZGUgNGY5NmVkYjRkYzk5ZjI5MWZiN2JjNzA1MmMxYTY4M2M=
[18:54:56] IMAP4< * CAPABILITY IMAP4rev1 LITERAL+ SASL-IR LOGIN-REFERRALS ID ENABLE IDLE SORT SORT=DISPLAY THREAD=REFERENCES THREAD=REFS THREAD=ORDEREDSUBJECT MULTIAPPEND URL-PARTIAL CATENATE UNSELECT CHILDREN NAMESPACE UIDPLUS LIST-EXTENDED I18NLEVEL=1 CONDSTORE QRESYNC ESEARCH ESORT SEARCHRES WITHIN CONTEXT=SEARCH LIST-STATUS SPECIAL-USE BINARY MOVE
[18:54:56] IMAP4< 2 OK Logged in
[18:54:56] IMAP4> 3 NAMESPACE
[18:54:56] IMAP4< * NAMESPACE (("" ".")) NIL NIL
[18:54:56] IMAP4< 3 OK Namespace completed.
[18:54:56] IMAP4> 4 STATUS INBOX (MESSAGES RECENT UIDNEXT UIDVALIDITY UNSEEN)
[18:54:56] IMAP4< * STATUS INBOX (MESSAGES 0 RECENT 0 UIDNEXT 1 UIDVALIDITY 1520189696 UNSEEN 0)
[18:54:56] IMAP4< 4 OK Status completed.
[18:54:56] IMAP4> 5 STATUS Sent (MESSAGES RECENT UIDNEXT UIDVALIDITY UNSEEN)
[18:54:56] IMAP4< * STATUS Sent (MESSAGES 0 RECENT 0 UIDNEXT 1 UIDVALIDITY 1520189697 UNSEEN 0)
[18:54:56] IMAP4< 5 OK Status completed.
[18:54:56] IMAP4> 6 STATUS Drafts (MESSAGES RECENT UIDNEXT UIDVALIDITY UNSEEN)
[18:54:56] IMAP4< * STATUS Drafts (MESSAGES 0 RECENT 0 UIDNEXT 1 UIDVALIDITY 1520189698 UNSEEN 0)
[18:54:56] IMAP4< 6 OK Status completed.
[18:54:56] IMAP4> 7 STATUS Trash (MESSAGES RECENT UIDNEXT UIDVALIDITY UNSEEN)
[18:54:56] IMAP4< * STATUS Trash (MESSAGES 0 RECENT 0 UIDNEXT 1 UIDVALIDITY 1520189699 UNSEEN 0)
[18:54:56] IMAP4< 7 OK Status completed.
[18:54:56] IMAP4> 8 STATUS Junk (MESSAGES RECENT UIDNEXT UIDVALIDITY UNSEEN)
[18:54:56] IMAP4< * STATUS Junk (MESSAGES 0 RECENT 0 UIDNEXT 1 UIDVALIDITY 1520189700 UNSEEN 0)
[18:54:56] IMAP4< 8 OK Status completed.
[18:54:56] * message: creating IMAP4 connection to mail:143 ...
[18:54:58] IMAP4< * OK [CAPABILITY IMAP4rev1 LITERAL+ SASL-IR LOGIN-REFERRALS ID ENABLE IDLE STARTTLS AUTH=PLAIN AUTH=LOGIN AUTH=CRAM-MD5] Dovecot ready.
[18:54:58] IMAP4> 1 CAPABILITY
[18:54:58] IMAP4< * CAPABILITY IMAP4rev1 LITERAL+ SASL-IR LOGIN-REFERRALS ID ENABLE IDLE STARTTLS AUTH=PLAIN AUTH=LOGIN AUTH=CRAM-MD5
[18:54:58] IMAP4< 1 OK Pre-login capabilities listed, post-login capabilities have more.
[18:54:58] IMAP4> 2 AUTHENTICATE CRAM-MD5
[18:54:58] IMAP4< + PDQ3ODczNjYwNzI5NDM0OTAuMTUyMDE4OTY5OEBmaXJtYS5kZT4=
[18:54:58] IMAP< [Decoded: <4787366072943490.1520189698@firma.de>]
[18:54:58] IMAP> [Encoded: kun.de@priv.at 034fb0ebed52e9e5bcff3021fce27433]
[18:54:58] IMAP> a3VuLmRlQHByaXYuYXQgMDM0ZmIwZWJlZDUyZTllNWJjZmYzMDIxZmNlMjc0MzM=
[18:54:58] IMAP4< * CAPABILITY IMAP4rev1 LITERAL+ SASL-IR LOGIN-REFERRALS ID ENABLE IDLE SORT SORT=DISPLAY THREAD=REFERENCES THREAD=REFS THREAD=ORDEREDSUBJECT MULTIAPPEND URL-PARTIAL CATENATE UNSELECT CHILDREN NAMESPACE UIDPLUS LIST-EXTENDED I18NLEVEL=1 CONDSTORE QRESYNC ESEARCH ESORT SEARCHRES WITHIN CONTEXT=SEARCH LIST-STATUS SPECIAL-USE BINARY MOVE
[18:54:58] IMAP4< 2 OK Logged in
[18:54:58] IMAP4> 3 NAMESPACE
[18:54:58] IMAP4< * NAMESPACE (("" ".")) NIL NIL
[18:54:58] IMAP4< 3 OK Namespace completed.
[18:54:58] IMAP4> 4 STATUS INBOX (MESSAGES RECENT UIDNEXT UIDVALIDITY UNSEEN)
[18:54:58] IMAP4< * STATUS INBOX (MESSAGES 0 RECENT 0 UIDNEXT 1 UIDVALIDITY 1520189698 UNSEEN 0)
[18:54:58] IMAP4< 4 OK Status completed.
[18:54:58] IMAP4> 5 STATUS Sent (MESSAGES RECENT UIDNEXT UIDVALIDITY UNSEEN)
[18:54:58] IMAP4< * STATUS Sent (MESSAGES 0 RECENT 0 UIDNEXT 1 UIDVALIDITY 1520189699 UNSEEN 0)
[18:54:58] IMAP4< 5 OK Status completed.
[18:54:58] IMAP4> 6 STATUS Drafts (MESSAGES RECENT UIDNEXT UIDVALIDITY UNSEEN)
[18:54:58] IMAP4< * STATUS Drafts (MESSAGES 0 RECENT 0 UIDNEXT 1 UIDVALIDITY 1520189700 UNSEEN 0)
[18:54:58] IMAP4< 6 OK Status completed.
[18:54:58] IMAP4> 7 STATUS Trash (MESSAGES RECENT UIDNEXT UIDVALIDITY UNSEEN)
[18:54:58] IMAP4< * STATUS Trash (MESSAGES 0 RECENT 0 UIDNEXT 1 UIDVALIDITY 1520189701 UNSEEN 0)
[18:54:58] IMAP4< 7 OK Status completed.
[18:54:58] IMAP4> 8 STATUS Junk (MESSAGES RECENT UIDNEXT UIDVALIDITY UNSEEN)
[18:54:58] IMAP4< * STATUS Junk (MESSAGES 0 RECENT 0 UIDNEXT 1 UIDVALIDITY 1520189702 UNSEEN 0)
[18:54:58] IMAP4< 8 OK Status completed.
[18:54:58] IMAP4> 37 STATUS INBOX (MESSAGES RECENT UIDNEXT UIDVALIDITY UNSEEN)
[18:54:58] IMAP4< * STATUS INBOX (MESSAGES 1 RECENT 0 UIDNEXT 7 UIDVALIDITY 1520181542 UNSEEN 1)
[18:54:58] IMAP4< 37 OK Status completed.
[18:54:58] IMAP4> 38 STATUS Sent (MESSAGES RECENT UIDNEXT UIDVALIDITY UNSEEN)
[18:54:58] IMAP4< * STATUS Sent (MESSAGES 0 RECENT 0 UIDNEXT 1 UIDVALIDITY 1520181543 UNSEEN 0)
[18:54:58] IMAP4< 38 OK Status completed.
[18:54:58] IMAP4> 39 STATUS Drafts (MESSAGES RECENT UIDNEXT UIDVALIDITY UNSEEN)
[18:54:58] IMAP4< * STATUS Drafts (MESSAGES 0 RECENT 0 UIDNEXT 1 UIDVALIDITY 1520181544 UNSEEN 0)
[18:54:58] IMAP4< 39 OK Status completed.
[18:54:58] IMAP4> 40 STATUS Trash (MESSAGES RECENT UIDNEXT UIDVALIDITY UNSEEN)
[18:54:58] IMAP4< * STATUS Trash (MESSAGES 0 RECENT 0 UIDNEXT 1 UIDVALIDITY 1520181545 UNSEEN 0)
[18:54:58] IMAP4< 40 OK Status completed.
[18:54:58] IMAP4> 41 STATUS Junk (MESSAGES RECENT UIDNEXT UIDVALIDITY UNSEEN)
[18:54:58] IMAP4< * STATUS Junk (MESSAGES 0 RECENT 0 UIDNEXT 1 UIDVALIDITY 1520181546 UNSEEN 0)
[18:54:58] IMAP4< 41 OK Status completed.
[18:54:59] IMAP4> 42 SELECT INBOX
[18:54:59] IMAP4< * FLAGS (\Answered \Flagged \Deleted \Seen \Draft)
[18:54:59] IMAP4< * OK [PERMANENTFLAGS (\Answered \Flagged \Deleted \Seen \Draft \*)] Flags permitted.
[18:54:59] IMAP4< * 1 EXISTS
[18:54:59] IMAP4< * 0 RECENT
[18:54:59] IMAP4< * OK [UNSEEN 1] First unseen.
[18:54:59] IMAP4< * OK [UIDVALIDITY 1520181542] UIDs valid
[18:54:59] IMAP4< * OK [UIDNEXT 7] Predicted next UID
[18:54:59] IMAP4< 42 OK [READ-WRITE] Select completed (0.001 secs).
[18:54:59] IMAP4> 43 UID FETCH 1:* (UID FLAGS)
[18:54:59] IMAP4< (retrieving FLAGS...)
[18:54:59] IMAP4< 43 OK Fetch completed.
[18:55:17] IMAP4> 44 UID STORE 6 +FLAGS.SILENT (\Seen)
[18:55:17] IMAP4< * 1 EXPUNGE
[18:55:17] IMAP4< 44 OK Store completed.
[18:56:55] IMAP4> 45 NOOP
[18:56:55] IMAP4< * 1 EXISTS
[18:56:55] IMAP4< * 1 RECENT
[18:56:55] IMAP4< 45 OK NOOP completed.
[18:56:55] IMAP4> 46 STATUS INBOX (MESSAGES RECENT UIDNEXT UIDVALIDITY UNSEEN)
[18:56:55] IMAP4< * STATUS INBOX (MESSAGES 1 RECENT 1 UIDNEXT 8 UIDVALIDITY 1520181542 UNSEEN 1)
[18:56:55] IMAP4< 46 OK [CLIENTBUG] Status on selected mailbox completed.
[18:56:55] IMAP4> 47 STATUS Sent (MESSAGES RECENT UIDNEXT UIDVALIDITY UNSEEN)
[18:56:55] IMAP4< * STATUS Sent (MESSAGES 0 RECENT 0 UIDNEXT 1 UIDVALIDITY 1520181543 UNSEEN 0)
[18:56:55] IMAP4< 47 OK Status completed.
[18:56:55] IMAP4> 48 STATUS Drafts (MESSAGES RECENT UIDNEXT UIDVALIDITY UNSEEN)
[18:56:55] IMAP4< * STATUS Drafts (MESSAGES 0 RECENT 0 UIDNEXT 1 UIDVALIDITY 1520181544 UNSEEN 0)
[18:56:55] IMAP4< 48 OK Status completed.
[18:56:55] IMAP4> 49 STATUS Trash (MESSAGES RECENT UIDNEXT UIDVALIDITY UNSEEN)
[18:56:55] IMAP4< * STATUS Trash (MESSAGES 0 RECENT 0 UIDNEXT 1 UIDVALIDITY 1520181545 UNSEEN 0)
[18:56:55] IMAP4< 49 OK Status completed.
[18:56:55] IMAP4> 50 STATUS Junk (MESSAGES RECENT UIDNEXT UIDVALIDITY UNSEEN)
[18:56:55] IMAP4< * STATUS Junk (MESSAGES 0 RECENT 0 UIDNEXT 1 UIDVALIDITY 1520181546 UNSEEN 0)
[18:56:55] IMAP4< 50 OK Status completed.
[18:56:55] IMAP4> 51 CLOSE
[18:56:55] IMAP4< 51 OK Close completed.
[18:56:55] IMAP4> 52 SELECT INBOX
[18:56:55] IMAP4< * FLAGS (\Answered \Flagged \Deleted \Seen \Draft)
[18:56:55] IMAP4< * OK [PERMANENTFLAGS (\Answered \Flagged \Deleted \Seen \Draft \*)] Flags permitted.
[18:56:55] IMAP4< * 1 EXISTS
[18:56:55] IMAP4< * 0 RECENT
[18:56:55] IMAP4< * OK [UNSEEN 1] First unseen.
[18:56:55] IMAP4< * OK [UIDVALIDITY 1520181542] UIDs valid
[18:56:55] IMAP4< * OK [UIDNEXT 8] Predicted next UID
[18:56:55] IMAP4< 52 OK [READ-WRITE] Select completed (0.000 secs).
[18:56:55] IMAP4> 53 UID FETCH 1:* (UID FLAGS)
[18:56:55] IMAP4< (retrieving FLAGS...)
[18:56:55] IMAP4< 53 OK Fetch completed.
[18:56:55] IMAP4> 54 UID FETCH 7:7 (UID FLAGS RFC822.SIZE RFC822.HEADER)
[18:56:55] IMAP4< * 1 FETCH (UID 7 FLAGS () RFC822.SIZE 476 RFC822.HEADER {476}
[18:56:55] IMAP4< 54 OK Fetch completed.
[18:57:00] IMAP4> 55 UID FETCH 7 BODY.PEEK[]
[18:57:00] GdkPixbuf-DEBUG: gdk_pixbuf_from_pixdata() called on:
[18:57:00] GdkPixbuf-DEBUG: 	Encoding raw
[18:57:00] GdkPixbuf-DEBUG: 	Dimensions: 16 x 16
[18:57:00] GdkPixbuf-DEBUG: 	Rowstride: 64, Length: 1048
[18:57:00] GdkPixbuf-DEBUG: 	Copy pixels == false
[18:57:00] IMAP4< * 1 FETCH (UID 7 BODY[] {476}
[18:57:00] IMAP4< )
[18:57:00] IMAP4< 55 OK Fetch completed.
[18:57:00] IMAP4> 56 UID STORE 7 +FLAGS.SILENT (\Seen)
[18:57:00] IMAP4< 56 OK Store completed.
[18:58:24] IMAP4> 9 NOOP
[18:58:24] IMAP4< 9 OK NOOP completed.
[18:58:24] IMAP4> 10 STATUS INBOX (MESSAGES RECENT UIDNEXT UIDVALIDITY UNSEEN)
[18:58:24] IMAP4< * STATUS INBOX (MESSAGES 0 RECENT 0 UIDNEXT 1 UIDVALIDITY 1520189696 UNSEEN 0)
[18:58:24] IMAP4< 10 OK Status completed.
[18:58:24] IMAP4> 11 STATUS Sent (MESSAGES RECENT UIDNEXT UIDVALIDITY UNSEEN)
[18:58:24] IMAP4< * STATUS Sent (MESSAGES 0 RECENT 0 UIDNEXT 1 UIDVALIDITY 1520189697 UNSEEN 0)
[18:58:24] IMAP4< 11 OK Status completed.
[18:58:24] IMAP4> 12 STATUS Drafts (MESSAGES RECENT UIDNEXT UIDVALIDITY UNSEEN)
[18:58:24] IMAP4< * STATUS Drafts (MESSAGES 0 RECENT 0 UIDNEXT 1 UIDVALIDITY 1520189698 UNSEEN 0)
[18:58:24] IMAP4< 12 OK Status completed.
[18:58:24] IMAP4> 13 STATUS Trash (MESSAGES RECENT UIDNEXT UIDVALIDITY UNSEEN)
[18:58:24] IMAP4< * STATUS Trash (MESSAGES 0 RECENT 0 UIDNEXT 1 UIDVALIDITY 1520189699 UNSEEN 0)
[18:58:24] IMAP4< 13 OK Status completed.
[18:58:24] IMAP4> 14 STATUS Junk (MESSAGES RECENT UIDNEXT UIDVALIDITY UNSEEN)
[18:58:24] IMAP4< * STATUS Junk (MESSAGES 0 RECENT 0 UIDNEXT 1 UIDVALIDITY 1520189700 UNSEEN 0)
[18:58:24] IMAP4< 14 OK Status completed.
[18:58:24] IMAP4> 9 NOOP
[18:58:24] IMAP4< 9 OK NOOP completed.
[18:58:24] IMAP4> 10 STATUS INBOX (MESSAGES RECENT UIDNEXT UIDVALIDITY UNSEEN)
[18:58:24] IMAP4< * STATUS INBOX (MESSAGES 0 RECENT 0 UIDNEXT 1 UIDVALIDITY 1520189698 UNSEEN 0)
[18:58:24] IMAP4< 10 OK Status completed.
[18:58:24] IMAP4> 11 STATUS Sent (MESSAGES RECENT UIDNEXT UIDVALIDITY UNSEEN)
[18:58:24] IMAP4< * STATUS Sent (MESSAGES 0 RECENT 0 UIDNEXT 1 UIDVALIDITY 1520189699 UNSEEN 0)
[18:58:24] IMAP4< 11 OK Status completed.
[18:58:24] IMAP4> 12 STATUS Drafts (MESSAGES RECENT UIDNEXT UIDVALIDITY UNSEEN)
[18:58:24] IMAP4< * STATUS Drafts (MESSAGES 0 RECENT 0 UIDNEXT 1 UIDVALIDITY 1520189700 UNSEEN 0)
[18:58:24] IMAP4< 12 OK Status completed.
[18:58:24] IMAP4> 13 STATUS Trash (MESSAGES RECENT UIDNEXT UIDVALIDITY UNSEEN)
[18:58:24] IMAP4< * STATUS Trash (MESSAGES 0 RECENT 0 UIDNEXT 1 UIDVALIDITY 1520189701 UNSEEN 0)
[18:58:24] IMAP4< 13 OK Status completed.
[18:58:24] IMAP4> 14 STATUS Junk (MESSAGES RECENT UIDNEXT UIDVALIDITY UNSEEN)
[18:58:24] IMAP4< * STATUS Junk (MESSAGES 0 RECENT 0 UIDNEXT 1 UIDVALIDITY 1520189702 UNSEEN 0)
[18:58:24] IMAP4< 14 OK Status completed.
[18:58:24] IMAP4> 57 NOOP
[18:58:24] IMAP4< * 1 EXPUNGE
[18:58:24] IMAP4< 57 OK NOOP completed.
[18:58:24] IMAP4> 58 STATUS INBOX (MESSAGES RECENT UIDNEXT UIDVALIDITY UNSEEN)
[18:58:24] IMAP4< * STATUS INBOX (MESSAGES 0 RECENT 0 UIDNEXT 9 UIDVALIDITY 1520181542 UNSEEN 0)
[18:58:24] IMAP4< 58 OK [CLIENTBUG] Status on selected mailbox completed.
[18:58:24] IMAP4> 59 STATUS Sent (MESSAGES RECENT UIDNEXT UIDVALIDITY UNSEEN)
[18:58:24] IMAP4< * STATUS Sent (MESSAGES 0 RECENT 0 UIDNEXT 1 UIDVALIDITY 1520181543 UNSEEN 0)
[18:58:24] IMAP4< 59 OK Status completed.
[18:58:24] IMAP4> 60 STATUS Drafts (MESSAGES RECENT UIDNEXT UIDVALIDITY UNSEEN)
[18:58:24] IMAP4< * STATUS Drafts (MESSAGES 0 RECENT 0 UIDNEXT 1 UIDVALIDITY 1520181544 UNSEEN 0)
[18:58:24] IMAP4< 60 OK Status completed.
[18:58:24] IMAP4> 61 STATUS Trash (MESSAGES RECENT UIDNEXT UIDVALIDITY UNSEEN)
[18:58:24] IMAP4< * STATUS Trash (MESSAGES 0 RECENT 0 UIDNEXT 1 UIDVALIDITY 1520181545 UNSEEN 0)
[18:58:24] IMAP4< 61 OK Status completed.
[18:58:24] IMAP4> 62 STATUS Junk (MESSAGES RECENT UIDNEXT UIDVALIDITY UNSEEN)
[18:58:24] IMAP4< * STATUS Junk (MESSAGES 0 RECENT 0 UIDNEXT 1 UIDVALIDITY 1520181546 UNSEEN 0)
[18:58:24] IMAP4< 62 OK Status completed.
[18:58:24] IMAP4> 63 CLOSE
[18:58:24] IMAP4< 63 OK Close completed.
[18:58:24] IMAP4> 64 SELECT INBOX
[18:58:24] IMAP4< * FLAGS (\Answered \Flagged \Deleted \Seen \Draft)
[18:58:24] IMAP4< * OK [PERMANENTFLAGS (\Answered \Flagged \Deleted \Seen \Draft \*)] Flags permitted.
[18:58:24] IMAP4< * 0 EXISTS
[18:58:24] IMAP4< * 0 RECENT
[18:58:24] IMAP4< * OK [UIDVALIDITY 1520181542] UIDs valid
[18:58:24] IMAP4< * OK [UIDNEXT 9] Predicted next UID
[18:58:24] IMAP4< 64 OK [READ-WRITE] Select completed (0.000 secs).
[18:58:26] IMAP4> 65 STATUS INBOX (MESSAGES RECENT UIDNEXT UIDVALIDITY UNSEEN)
[18:58:26] IMAP4< * STATUS INBOX (MESSAGES 0 RECENT 0 UIDNEXT 9 UIDVALIDITY 1520181542 UNSEEN 0)
[18:58:26] IMAP4< 65 OK [CLIENTBUG] Status on selected mailbox completed.
[18:58:26] IMAP4> 66 STATUS Sent (MESSAGES RECENT UIDNEXT UIDVALIDITY UNSEEN)
[18:58:26] IMAP4< * STATUS Sent (MESSAGES 0 RECENT 0 UIDNEXT 1 UIDVALIDITY 1520181543 UNSEEN 0)
[18:58:26] IMAP4< 66 OK Status completed.
[18:58:26] IMAP4> 67 STATUS Drafts (MESSAGES RECENT UIDNEXT UIDVALIDITY UNSEEN)
[18:58:26] IMAP4< * STATUS Drafts (MESSAGES 0 RECENT 0 UIDNEXT 1 UIDVALIDITY 1520181544 UNSEEN 0)
[18:58:26] IMAP4< 67 OK Status completed.
[18:58:26] IMAP4> 68 STATUS Trash (MESSAGES RECENT UIDNEXT UIDVALIDITY UNSEEN)
[18:58:26] IMAP4< * STATUS Trash (MESSAGES 0 RECENT 0 UIDNEXT 1 UIDVALIDITY 1520181545 UNSEEN 0)
[18:58:26] IMAP4< 68 OK Status completed.
[18:58:26] IMAP4> 69 STATUS Junk (MESSAGES RECENT UIDNEXT UIDVALIDITY UNSEEN)
[18:58:26] IMAP4< * STATUS Junk (MESSAGES 0 RECENT 0 UIDNEXT 1 UIDVALIDITY 1520181546 UNSEEN 0)
[18:58:26] IMAP4< 69 OK Status completed.
[18:58:26] IMAP4> 70 CLOSE
[18:58:26] IMAP4< 70 OK Close completed.
[18:58:26] IMAP4> 71 SELECT INBOX
[18:58:26] IMAP4< * FLAGS (\Answered \Flagged \Deleted \Seen \Draft)
[18:58:26] IMAP4< * OK [PERMANENTFLAGS (\Answered \Flagged \Deleted \Seen \Draft \*)] Flags permitted.
[18:58:26] IMAP4< * 0 EXISTS
[18:58:26] IMAP4< * 0 RECENT
[18:58:26] IMAP4< * OK [UIDVALIDITY 1520181542] UIDs valid
[18:58:26] IMAP4< * OK [UIDNEXT 9] Predicted next UID
[18:58:26] IMAP4< 71 OK [READ-WRITE] Select completed (0.000 secs).
[19:04:21] IMAP4> 72 NOOP
[19:04:21] IMAP4< 72 OK NOOP completed.
[19:04:21] IMAP4> 73 STATUS INBOX (MESSAGES RECENT UIDNEXT UIDVALIDITY UNSEEN)
[19:04:21] IMAP4< * STATUS INBOX (MESSAGES 0 RECENT 0 UIDNEXT 12 UIDVALIDITY 1520181542 UNSEEN 0)
[19:04:21] IMAP4< 73 OK [CLIENTBUG] Status on selected mailbox completed.
[19:04:21] IMAP4> 74 STATUS Sent (MESSAGES RECENT UIDNEXT UIDVALIDITY UNSEEN)
[19:04:21] IMAP4< * STATUS Sent (MESSAGES 0 RECENT 0 UIDNEXT 1 UIDVALIDITY 1520181543 UNSEEN 0)
[19:04:21] IMAP4< 74 OK Status completed.
[19:04:21] IMAP4> 75 STATUS Drafts (MESSAGES RECENT UIDNEXT UIDVALIDITY UNSEEN)
[19:04:21] IMAP4< * STATUS Drafts (MESSAGES 0 RECENT 0 UIDNEXT 1 UIDVALIDITY 1520181544 UNSEEN 0)
[19:04:21] IMAP4< 75 OK Status completed.
[19:04:21] IMAP4> 76 STATUS Trash (MESSAGES RECENT UIDNEXT UIDVALIDITY UNSEEN)
[19:04:21] IMAP4< * STATUS Trash (MESSAGES 0 RECENT 0 UIDNEXT 1 UIDVALIDITY 1520181545 UNSEEN 0)
[19:04:21] IMAP4< 76 OK Status completed.
[19:04:21] IMAP4> 77 STATUS Junk (MESSAGES RECENT UIDNEXT UIDVALIDITY UNSEEN)
[19:04:21] IMAP4< * STATUS Junk (MESSAGES 0 RECENT 0 UIDNEXT 1 UIDVALIDITY 1520181546 UNSEEN 0)
[19:04:21] IMAP4< 77 OK Status completed.
[19:04:21] IMAP4> 78 CLOSE
[19:04:21] IMAP4< 78 OK Close completed.
[19:04:21] IMAP4> 79 SELECT INBOX
[19:04:21] IMAP4< * FLAGS (\Answered \Flagged \Deleted \Seen \Draft)
[19:04:21] IMAP4< * OK [PERMANENTFLAGS (\Answered \Flagged \Deleted \Seen \Draft \*)] Flags permitted.
[19:04:21] IMAP4< * 0 EXISTS
[19:04:21] IMAP4< * 0 RECENT
[19:04:21] IMAP4< * OK [UIDVALIDITY 1520181542] UIDs valid
[19:04:21] IMAP4< * OK [UIDNEXT 12] Predicted next UID
[19:04:21] IMAP4< 79 OK [READ-WRITE] Select completed (0.000 secs).
[19:04:24] IMAP4> 15 NOOP
[19:04:24] IMAP4< 15 OK NOOP completed.
[19:04:24] IMAP4> 16 STATUS INBOX (MESSAGES RECENT UIDNEXT UIDVALIDITY UNSEEN)
[19:04:24] IMAP4< * STATUS INBOX (MESSAGES 0 RECENT 0 UIDNEXT 1 UIDVALIDITY 1520189696 UNSEEN 0)
[19:04:24] IMAP4< 16 OK Status completed.
[19:04:24] IMAP4> 17 STATUS Sent (MESSAGES RECENT UIDNEXT UIDVALIDITY UNSEEN)
[19:04:24] IMAP4< * STATUS Sent (MESSAGES 0 RECENT 0 UIDNEXT 1 UIDVALIDITY 1520189697 UNSEEN 0)
[19:04:24] IMAP4< 17 OK Status completed.
[19:04:24] IMAP4> 18 STATUS Drafts (MESSAGES RECENT UIDNEXT UIDVALIDITY UNSEEN)
[19:04:24] IMAP4< * STATUS Drafts (MESSAGES 0 RECENT 0 UIDNEXT 1 UIDVALIDITY 1520189698 UNSEEN 0)
[19:04:24] IMAP4< 18 OK Status completed.
[19:04:24] IMAP4> 19 STATUS Trash (MESSAGES RECENT UIDNEXT UIDVALIDITY UNSEEN)
[19:04:24] IMAP4< * STATUS Trash (MESSAGES 0 RECENT 0 UIDNEXT 1 UIDVALIDITY 1520189699 UNSEEN 0)
[19:04:24] IMAP4< 19 OK Status completed.
[19:04:24] IMAP4> 20 STATUS Junk (MESSAGES RECENT UIDNEXT UIDVALIDITY UNSEEN)
[19:04:24] IMAP4< * STATUS Junk (MESSAGES 0 RECENT 0 UIDNEXT 1 UIDVALIDITY 1520189700 UNSEEN 0)
[19:04:24] IMAP4< 20 OK Status completed.
[19:04:24] IMAP4> 15 NOOP
[19:04:24] IMAP4< 15 OK NOOP completed.
[19:04:24] IMAP4> 16 STATUS INBOX (MESSAGES RECENT UIDNEXT UIDVALIDITY UNSEEN)
[19:04:24] IMAP4< * STATUS INBOX (MESSAGES 0 RECENT 0 UIDNEXT 1 UIDVALIDITY 1520189698 UNSEEN 0)
[19:04:24] IMAP4< 16 OK Status completed.
[19:04:24] IMAP4> 17 STATUS Sent (MESSAGES RECENT UIDNEXT UIDVALIDITY UNSEEN)
[19:04:24] IMAP4< * STATUS Sent (MESSAGES 0 RECENT 0 UIDNEXT 1 UIDVALIDITY 1520189699 UNSEEN 0)
[19:04:24] IMAP4< 17 OK Status completed.
[19:04:24] IMAP4> 18 STATUS Drafts (MESSAGES RECENT UIDNEXT UIDVALIDITY UNSEEN)
[19:04:24] IMAP4< * STATUS Drafts (MESSAGES 0 RECENT 0 UIDNEXT 1 UIDVALIDITY 1520189700 UNSEEN 0)
[19:04:24] IMAP4< 18 OK Status completed.
[19:04:24] IMAP4> 19 STATUS Trash (MESSAGES RECENT UIDNEXT UIDVALIDITY UNSEEN)
[19:04:24] IMAP4< * STATUS Trash (MESSAGES 0 RECENT 0 UIDNEXT 1 UIDVALIDITY 1520189701 UNSEEN 0)
[19:04:24] IMAP4< 19 OK Status completed.
[19:04:24] IMAP4> 20 STATUS Junk (MESSAGES RECENT UIDNEXT UIDVALIDITY UNSEEN)
[19:04:24] IMAP4< * STATUS Junk (MESSAGES 0 RECENT 0 UIDNEXT 1 UIDVALIDITY 1520189702 UNSEEN 0)
[19:04:24] IMAP4< 20 OK Status completed.
[19:04:24] IMAP4> 80 STATUS INBOX (MESSAGES RECENT UIDNEXT UIDVALIDITY UNSEEN)
[19:04:24] IMAP4< * STATUS INBOX (MESSAGES 0 RECENT 0 UIDNEXT 12 UIDVALIDITY 1520181542 UNSEEN 0)
[19:04:24] IMAP4< 80 OK [CLIENTBUG] Status on selected mailbox completed.
[19:04:24] IMAP4> 81 STATUS Sent (MESSAGES RECENT UIDNEXT UIDVALIDITY UNSEEN)
[19:04:24] IMAP4< * STATUS Sent (MESSAGES 0 RECENT 0 UIDNEXT 1 UIDVALIDITY 1520181543 UNSEEN 0)
[19:04:24] IMAP4< 81 OK Status completed.
[19:04:24] IMAP4> 82 STATUS Drafts (MESSAGES RECENT UIDNEXT UIDVALIDITY UNSEEN)
[19:04:24] IMAP4< * STATUS Drafts (MESSAGES 0 RECENT 0 UIDNEXT 1 UIDVALIDITY 1520181544 UNSEEN 0)
[19:04:24] IMAP4< 82 OK Status completed.
[19:04:24] IMAP4> 83 STATUS Trash (MESSAGES RECENT UIDNEXT UIDVALIDITY UNSEEN)
[19:04:24] IMAP4< * STATUS Trash (MESSAGES 0 RECENT 0 UIDNEXT 1 UIDVALIDITY 1520181545 UNSEEN 0)
[19:04:24] IMAP4< 83 OK Status completed.
[19:04:24] IMAP4> 84 STATUS Junk (MESSAGES RECENT UIDNEXT UIDVALIDITY UNSEEN)
[19:04:24] IMAP4< * STATUS Junk (MESSAGES 0 RECENT 0 UIDNEXT 1 UIDVALIDITY 1520181546 UNSEEN 0)
[19:04:24] IMAP4< 84 OK Status completed.
[19:04:24] IMAP4> 85 CLOSE
[19:04:24] IMAP4< 85 OK Close completed.
[19:04:24] IMAP4> 86 SELECT INBOX
[19:04:24] IMAP4< * FLAGS (\Answered \Flagged \Deleted \Seen \Draft)
[19:04:24] IMAP4< * OK [PERMANENTFLAGS (\Answered \Flagged \Deleted \Seen \Draft \*)] Flags permitted.
[19:04:24] IMAP4< * 0 EXISTS
[19:04:24] IMAP4< * 0 RECENT
[19:04:24] IMAP4< * OK [UIDVALIDITY 1520181542] UIDs valid
[19:04:24] IMAP4< * OK [UIDNEXT 12] Predicted next UID
[19:04:24] IMAP4< 86 OK [READ-WRITE] Select completed (0.000 secs).
[19:04:26] IMAP4> 87 STATUS INBOX (MESSAGES RECENT UIDNEXT UIDVALIDITY UNSEEN)
[19:04:26] IMAP4< * STATUS INBOX (MESSAGES 0 RECENT 0 UIDNEXT 12 UIDVALIDITY 1520181542 UNSEEN 0)
[19:04:26] IMAP4< 87 OK [CLIENTBUG] Status on selected mailbox completed.
[19:04:26] IMAP4> 88 STATUS Sent (MESSAGES RECENT UIDNEXT UIDVALIDITY UNSEEN)
[19:04:26] IMAP4< * STATUS Sent (MESSAGES 0 RECENT 0 UIDNEXT 1 UIDVALIDITY 1520181543 UNSEEN 0)
[19:04:26] IMAP4< 88 OK Status completed.
[19:04:26] IMAP4> 89 STATUS Drafts (MESSAGES RECENT UIDNEXT UIDVALIDITY UNSEEN)
[19:04:26] IMAP4< * STATUS Drafts (MESSAGES 0 RECENT 0 UIDNEXT 1 UIDVALIDITY 1520181544 UNSEEN 0)
[19:04:26] IMAP4< 89 OK Status completed.
[19:04:26] IMAP4> 90 STATUS Trash (MESSAGES RECENT UIDNEXT UIDVALIDITY UNSEEN)
[19:04:26] IMAP4< * STATUS Trash (MESSAGES 0 RECENT 0 UIDNEXT 1 UIDVALIDITY 1520181545 UNSEEN 0)
[19:04:26] IMAP4< 90 OK Status completed.
[19:04:26] IMAP4> 91 STATUS Junk (MESSAGES RECENT UIDNEXT UIDVALIDITY UNSEEN)
[19:04:26] IMAP4< * STATUS Junk (MESSAGES 0 RECENT 0 UIDNEXT 1 UIDVALIDITY 1520181546 UNSEEN 0)
[19:04:26] IMAP4< 91 OK Status completed.
[19:04:26] IMAP4> 92 CLOSE
[19:04:26] IMAP4< 92 OK Close completed.
[19:04:26] IMAP4> 93 SELECT INBOX
[19:04:26] IMAP4< * FLAGS (\Answered \Flagged \Deleted \Seen \Draft)
[19:04:26] IMAP4< * OK [PERMANENTFLAGS (\Answered \Flagged \Deleted \Seen \Draft \*)] Flags permitted.
[19:04:26] IMAP4< * 0 EXISTS
[19:04:26] IMAP4< * 0 RECENT
[19:04:26] IMAP4< * OK [UIDVALIDITY 1520181542] UIDs valid
[19:04:26] IMAP4< * OK [UIDNEXT 12] Predicted next UID
[19:04:26] IMAP4< 93 OK [READ-WRITE] Select completed (0.000 secs).
[19:06:59] IMAP4> 21 NOOP
[19:06:59] IMAP4< 21 OK NOOP completed.
[19:06:59] IMAP4> 22 STATUS INBOX (MESSAGES RECENT UIDNEXT UIDVALIDITY UNSEEN)
[19:06:59] IMAP4< * STATUS INBOX (MESSAGES 0 RECENT 0 UIDNEXT 1 UIDVALIDITY 1520189696 UNSEEN 0)
[19:06:59] IMAP4< 22 OK Status completed.
[19:06:59] IMAP4> 23 STATUS Sent (MESSAGES RECENT UIDNEXT UIDVALIDITY UNSEEN)
[19:06:59] IMAP4< * STATUS Sent (MESSAGES 0 RECENT 0 UIDNEXT 1 UIDVALIDITY 1520189697 UNSEEN 0)
[19:06:59] IMAP4< 23 OK Status completed.
[19:06:59] IMAP4> 24 STATUS Drafts (MESSAGES RECENT UIDNEXT UIDVALIDITY UNSEEN)
[19:06:59] IMAP4< * STATUS Drafts (MESSAGES 0 RECENT 0 UIDNEXT 1 UIDVALIDITY 1520189698 UNSEEN 0)
[19:06:59] IMAP4< 24 OK Status completed.
[19:06:59] IMAP4> 25 STATUS Trash (MESSAGES RECENT UIDNEXT UIDVALIDITY UNSEEN)
[19:06:59] IMAP4< * STATUS Trash (MESSAGES 0 RECENT 0 UIDNEXT 1 UIDVALIDITY 1520189699 UNSEEN 0)
[19:06:59] IMAP4< 25 OK Status completed.
[19:06:59] IMAP4> 26 STATUS Junk (MESSAGES RECENT UIDNEXT UIDVALIDITY UNSEEN)
[19:06:59] IMAP4< * STATUS Junk (MESSAGES 0 RECENT 0 UIDNEXT 1 UIDVALIDITY 1520189700 UNSEEN 0)
[19:06:59] IMAP4< 26 OK Status completed.
[19:06:59] IMAP4> 21 NOOP
[19:06:59] IMAP4< 21 OK NOOP completed.
[19:06:59] IMAP4> 22 STATUS INBOX (MESSAGES RECENT UIDNEXT UIDVALIDITY UNSEEN)
[19:06:59] IMAP4< * STATUS INBOX (MESSAGES 0 RECENT 0 UIDNEXT 1 UIDVALIDITY 1520189698 UNSEEN 0)
[19:06:59] IMAP4< 22 OK Status completed.
[19:06:59] IMAP4> 23 STATUS Sent (MESSAGES RECENT UIDNEXT UIDVALIDITY UNSEEN)
[19:06:59] IMAP4< * STATUS Sent (MESSAGES 0 RECENT 0 UIDNEXT 1 UIDVALIDITY 1520189699 UNSEEN 0)
[19:06:59] IMAP4< 23 OK Status completed.
[19:06:59] IMAP4> 24 STATUS Drafts (MESSAGES RECENT UIDNEXT UIDVALIDITY UNSEEN)
[19:06:59] IMAP4< * STATUS Drafts (MESSAGES 0 RECENT 0 UIDNEXT 1 UIDVALIDITY 1520189700 UNSEEN 0)
[19:06:59] IMAP4< 24 OK Status completed.
[19:06:59] IMAP4> 25 STATUS Trash (MESSAGES RECENT UIDNEXT UIDVALIDITY UNSEEN)
[19:06:59] IMAP4< * STATUS Trash (MESSAGES 0 RECENT 0 UIDNEXT 1 UIDVALIDITY 1520189701 UNSEEN 0)
[19:06:59] IMAP4< 25 OK Status completed.
[19:06:59] IMAP4> 26 STATUS Junk (MESSAGES RECENT UIDNEXT UIDVALIDITY UNSEEN)
[19:06:59] IMAP4< * STATUS Junk (MESSAGES 0 RECENT 0 UIDNEXT 1 UIDVALIDITY 1520189702 UNSEEN 0)
[19:06:59] IMAP4< 26 OK Status completed.
[19:06:59] IMAP4> 94 NOOP
[19:06:59] IMAP4< * 2 EXISTS
[19:06:59] IMAP4< * 2 RECENT
[19:06:59] IMAP4< 94 OK NOOP completed.
[19:06:59] IMAP4> 95 STATUS INBOX (MESSAGES RECENT UIDNEXT UIDVALIDITY UNSEEN)
[19:06:59] IMAP4< * STATUS INBOX (MESSAGES 2 RECENT 2 UIDNEXT 14 UIDVALIDITY 1520181542 UNSEEN 2)
[19:06:59] IMAP4< 95 OK [CLIENTBUG] Status on selected mailbox completed.
[19:06:59] IMAP4> 96 STATUS Sent (MESSAGES RECENT UIDNEXT UIDVALIDITY UNSEEN)
[19:06:59] IMAP4< * STATUS Sent (MESSAGES 0 RECENT 0 UIDNEXT 1 UIDVALIDITY 1520181543 UNSEEN 0)
[19:06:59] IMAP4< 96 OK Status completed.
[19:06:59] IMAP4> 97 STATUS Drafts (MESSAGES RECENT UIDNEXT UIDVALIDITY UNSEEN)
[19:06:59] IMAP4< * STATUS Drafts (MESSAGES 0 RECENT 0 UIDNEXT 1 UIDVALIDITY 1520181544 UNSEEN 0)
[19:06:59] IMAP4< 97 OK Status completed.
[19:06:59] IMAP4> 98 STATUS Trash (MESSAGES RECENT UIDNEXT UIDVALIDITY UNSEEN)
[19:06:59] IMAP4< * STATUS Trash (MESSAGES 0 RECENT 0 UIDNEXT 1 UIDVALIDITY 1520181545 UNSEEN 0)
[19:06:59] IMAP4< 98 OK Status completed.
[19:06:59] IMAP4> 99 STATUS Junk (MESSAGES RECENT UIDNEXT UIDVALIDITY UNSEEN)
[19:06:59] IMAP4< * STATUS Junk (MESSAGES 0 RECENT 0 UIDNEXT 1 UIDVALIDITY 1520181546 UNSEEN 0)
[19:06:59] IMAP4< 99 OK Status completed.
[19:06:59] IMAP4> 100 CLOSE
[19:06:59] IMAP4< 100 OK Close completed.
[19:06:59] IMAP4> 101 SELECT INBOX
[19:06:59] IMAP4< * FLAGS (\Answered \Flagged \Deleted \Seen \Draft)
[19:06:59] IMAP4< * OK [PERMANENTFLAGS (\Answered \Flagged \Deleted \Seen \Draft \*)] Flags permitted.
[19:06:59] IMAP4< * 2 EXISTS
[19:06:59] IMAP4< * 0 RECENT
[19:06:59] IMAP4< * OK [UNSEEN 1] First unseen.
[19:06:59] IMAP4< * OK [UIDVALIDITY 1520181542] UIDs valid
[19:06:59] IMAP4< * OK [UIDNEXT 14] Predicted next UID
[19:06:59] IMAP4< 101 OK [READ-WRITE] Select completed (0.000 secs).
[19:06:59] IMAP4> 102 UID FETCH 1:* (UID FLAGS)
[19:06:59] IMAP4< (retrieving FLAGS...)
[19:06:59] IMAP4< 102 OK Fetch completed.
[19:06:59] IMAP4> 103 UID FETCH 12:13 (UID FLAGS RFC822.SIZE RFC822.HEADER)
[19:06:59] IMAP4< * 1 FETCH (UID 12 FLAGS () RFC822.SIZE 468 RFC822.HEADER {453}
[19:06:59] IMAP4< * 2 FETCH (UID 13 FLAGS () RFC822.SIZE 459 RFC822.HEADER {453}
[19:06:59] IMAP4< 103 OK Fetch completed.
[19:06:59] GdkPixbuf-DEBUG: gdk_pixbuf_from_pixdata() called on:
[19:06:59] GdkPixbuf-DEBUG: 	Encoding rle
[19:06:59] GdkPixbuf-DEBUG: 	Dimensions: 48 x 48
[19:06:59] GdkPixbuf-DEBUG: 	Rowstride: 192, Length: 4630
[19:06:59] GdkPixbuf-DEBUG: 	Copy pixels == false
[19:07:01] IMAP4> 104 UID FETCH 13 BODY.PEEK[]
[19:07:01] IMAP4< * 2 FETCH (UID 13 BODY[] {459}
[19:07:01] IMAP4< )
[19:07:01] IMAP4< 104 OK Fetch completed.
[19:07:01] IMAP4> 105 UID STORE 13 +FLAGS.SILENT (\Seen)
[19:07:01] IMAP4< 105 OK Store completed.
[19:07:02] IMAP4> 106 UID FETCH 12 BODY.PEEK[]
[19:07:02] IMAP4< * 1 FETCH (UID 12 BODY[] {468}
[19:07:02] IMAP4< )
[19:07:02] IMAP4< 106 OK Fetch completed.
[19:07:02] IMAP4> 107 UID STORE 12 +FLAGS.SILENT (\Seen)
[19:07:02] IMAP4< 107 OK Store completed.
[19:20:39] IMAP4> 108 NOOP
[19:20:39] IMAP4< * 2 EXPUNGE
[19:20:39] IMAP4< * 1 EXPUNGE
[19:20:39] IMAP4< * 1 EXISTS
[19:20:39] IMAP4< * 1 RECENT
[19:20:39] IMAP4< 108 OK NOOP completed.
[19:20:39] IMAP4> 109 STATUS INBOX (MESSAGES RECENT UIDNEXT UIDVALIDITY UNSEEN)
[19:20:39] IMAP4< * STATUS INBOX (MESSAGES 1 RECENT 1 UIDNEXT 15 UIDVALIDITY 1520181542 UNSEEN 1)
[19:20:39] IMAP4< 109 OK [CLIENTBUG] Status on selected mailbox completed.
[19:20:39] IMAP4> 110 STATUS Sent (MESSAGES RECENT UIDNEXT UIDVALIDITY UNSEEN)
[19:20:39] IMAP4< * STATUS Sent (MESSAGES 0 RECENT 0 UIDNEXT 1 UIDVALIDITY 1520181543 UNSEEN 0)
[19:20:39] IMAP4< 110 OK Status completed.
[19:20:39] IMAP4> 111 STATUS Drafts (MESSAGES RECENT UIDNEXT UIDVALIDITY UNSEEN)
[19:20:39] IMAP4< * STATUS Drafts (MESSAGES 0 RECENT 0 UIDNEXT 1 UIDVALIDITY 1520181544 UNSEEN 0)
[19:20:39] IMAP4< 111 OK Status completed.
[19:20:39] IMAP4> 112 STATUS Trash (MESSAGES RECENT UIDNEXT UIDVALIDITY UNSEEN)
[19:20:39] IMAP4< * STATUS Trash (MESSAGES 0 RECENT 0 UIDNEXT 1 UIDVALIDITY 1520181545 UNSEEN 0)
[19:20:39] IMAP4< 112 OK Status completed.
[19:20:39] IMAP4> 113 STATUS Junk (MESSAGES RECENT UIDNEXT UIDVALIDITY UNSEEN)
[19:20:39] IMAP4< * STATUS Junk (MESSAGES 0 RECENT 0 UIDNEXT 1 UIDVALIDITY 1520181546 UNSEEN 0)
[19:20:39] IMAP4< 113 OK Status completed.
[19:20:39] IMAP4> 114 CLOSE
[19:20:39] IMAP4< 114 OK Close completed.
[19:20:39] IMAP4> 115 SELECT INBOX
[19:20:39] IMAP4< * FLAGS (\Answered \Flagged \Deleted \Seen \Draft)
[19:20:39] IMAP4< * OK [PERMANENTFLAGS (\Answered \Flagged \Deleted \Seen \Draft \*)] Flags permitted.
[19:20:39] IMAP4< * 1 EXISTS
[19:20:39] IMAP4< * 0 RECENT
[19:20:39] IMAP4< * OK [UNSEEN 1] First unseen.
[19:20:39] IMAP4< * OK [UIDVALIDITY 1520181542] UIDs valid
[19:20:39] IMAP4< * OK [UIDNEXT 15] Predicted next UID
[19:20:39] IMAP4< 115 OK [READ-WRITE] Select completed (0.000 secs).
[19:20:39] IMAP4> 116 UID FETCH 1:* (UID FLAGS)
[19:20:39] IMAP4< (retrieving FLAGS...)
[19:20:39] IMAP4< 116 OK Fetch completed.
[19:20:39] IMAP4> 117 UID FETCH 14:14 (UID FLAGS RFC822.SIZE RFC822.HEADER)
[19:20:39] IMAP4< * 1 FETCH (UID 14 FLAGS () RFC822.SIZE 466 RFC822.HEADER {453}
[19:20:39] IMAP4< 117 OK Fetch completed.
[19:20:52] IMAP4> 118 STATUS INBOX (MESSAGES RECENT UIDNEXT UIDVALIDITY UNSEEN)
[19:20:52] IMAP4< * STATUS INBOX (MESSAGES 1 RECENT 0 UIDNEXT 15 UIDVALIDITY 1520181542 UNSEEN 1)
[19:20:52] IMAP4< 118 OK [CLIENTBUG] Status on selected mailbox completed.
[19:20:52] IMAP4> 119 STATUS Sent (MESSAGES RECENT UIDNEXT UIDVALIDITY UNSEEN)
[19:20:52] IMAP4< * STATUS Sent (MESSAGES 0 RECENT 0 UIDNEXT 1 UIDVALIDITY 1520181543 UNSEEN 0)
[19:20:52] IMAP4< 119 OK Status completed.
[19:20:52] IMAP4> 120 STATUS Drafts (MESSAGES RECENT UIDNEXT UIDVALIDITY UNSEEN)
[19:20:52] IMAP4< * STATUS Drafts (MESSAGES 0 RECENT 0 UIDNEXT 1 UIDVALIDITY 1520181544 UNSEEN 0)
[19:20:52] IMAP4< 120 OK Status completed.
[19:20:52] IMAP4> 121 STATUS Trash (MESSAGES RECENT UIDNEXT UIDVALIDITY UNSEEN)
[19:20:52] IMAP4< * STATUS Trash (MESSAGES 0 RECENT 0 UIDNEXT 1 UIDVALIDITY 1520181545 UNSEEN 0)
[19:20:52] IMAP4< 121 OK Status completed.
[19:20:52] IMAP4> 122 STATUS Junk (MESSAGES RECENT UIDNEXT UIDVALIDITY UNSEEN)
[19:20:52] IMAP4< * STATUS Junk (MESSAGES 0 RECENT 0 UIDNEXT 1 UIDVALIDITY 1520181546 UNSEEN 0)
[19:20:52] IMAP4< 122 OK Status completed.
[19:20:52] IMAP4> 123 CLOSE
[19:20:52] IMAP4< 123 OK Close completed.
[19:20:52] IMAP4> 124 SELECT INBOX
[19:20:52] IMAP4< * FLAGS (\Answered \Flagged \Deleted \Seen \Draft)
[19:20:52] IMAP4< * OK [PERMANENTFLAGS (\Answered \Flagged \Deleted \Seen \Draft \*)] Flags permitted.
[19:20:52] IMAP4< * 1 EXISTS
[19:20:52] IMAP4< * 0 RECENT
[19:20:52] IMAP4< * OK [UNSEEN 1] First unseen.
[19:20:52] IMAP4< * OK [UIDVALIDITY 1520181542] UIDs valid
[19:20:52] IMAP4< * OK [UIDNEXT 15] Predicted next UID
[19:20:52] IMAP4< 124 OK [READ-WRITE] Select completed (0.000 secs).
[19:20:52] IMAP4> 125 UID FETCH 1:* (UID FLAGS)
[19:20:52] IMAP4< (retrieving FLAGS...)
[19:20:52] IMAP4< 125 OK Fetch completed.
