[18:25:29] GdkPixbuf-DEBUG: gdk_pixbuf_from_pixdata() called on:
[18:25:29] GdkPixbuf-DEBUG: 	Encoding raw
[18:25:29] GdkPixbuf-DEBUG: 	Dimensions: 16 x 16
[18:25:29] GdkPixbuf-DEBUG: 	Rowstride: 64, Length: 1048
[18:25:29] GdkPixbuf-DEBUG: 	Copy pixels == false
[18:25:29] GdkPixbuf-DEBUG: gdk_pixbuf_from_pixdata() called on:
[18:25:29] GdkPixbuf-DEBUG: 	Encoding raw
[18:25:29] GdkPixbuf-DEBUG: 	Dimensions: 16 x 16
[18:25:29] GdkPixbuf-DEBUG: 	Rowstride: 64, Length: 1048
[18:25:29] GdkPixbuf-DEBUG: 	Copy pixels == false
[18:26:10] * message: creating IMAP4 connection to mail:143 ...
[18:26:13] IMAP4< * OK [CAPABILITY IMAP4rev1 LITERAL+ SASL-IR LOGIN-REFERRALS ID ENABLE IDLE STARTTLS AUTH=PLAIN AUTH=LOGIN AUTH=CRAM-MD5] Dovecot ready.
[18:26:13] IMAP4> 1 CAPABILITY
[18:26:13] IMAP4< * CAPABILITY IMAP4rev1 LITERAL+ SASL-IR LOGIN-REFERRALS ID ENABLE IDLE STARTTLS AUTH=PLAIN AUTH=LOGIN AUTH=CRAM-MD5
[18:26:13] IMAP4< 1 OK Pre-login capabilities listed, post-login capabilities have more.
[18:26:13] IMAP4> 2 AUTHENTICATE CRAM-MD5
[18:26:13] IMAP4< + PDEwOTUxMjQ0NjU4NjUyNzUuMTUyMzEyNTU3M0BmaXJtYS5kZT4=
[18:26:13] IMAP< [Decoded: <1095124465865275.1523125573@firma.de>]
[18:26:13] IMAP> [Encoded: kunde@firma.de 63e89fc5bfdea055f2f436be1abe010c]
[18:26:13] IMAP> a3VuZGVAZmlybWEuZGUgNjNlODlmYzViZmRlYTA1NWYyZjQzNmJlMWFiZTAxMGM=
[18:26:13] IMAP4< * CAPABILITY IMAP4rev1 LITERAL+ SASL-IR LOGIN-REFERRALS ID ENABLE IDLE SORT SORT=DISPLAY THREAD=REFERENCES THREAD=REFS THREAD=ORDEREDSUBJECT MULTIAPPEND URL-PARTIAL CATENATE UNSELECT CHILDREN NAMESPACE UIDPLUS LIST-EXTENDED I18NLEVEL=1 CONDSTORE QRESYNC ESEARCH ESORT SEARCHRES WITHIN CONTEXT=SEARCH LIST-STATUS SPECIAL-USE BINARY MOVE
[18:26:13] IMAP4< 2 OK Logged in
[18:26:13] IMAP4> 3 NAMESPACE
[18:26:13] IMAP4< * NAMESPACE (("" ".")) NIL NIL
[18:26:13] IMAP4< 3 OK Namespace completed.
[18:26:13] IMAP4> 4 LIST "" "*"
[18:26:13] IMAP4< 4 OK List completed.
[18:26:27] * message: creating IMAP4 connection to mail:143 ...
[18:26:29] IMAP4< * OK [CAPABILITY IMAP4rev1 LITERAL+ SASL-IR LOGIN-REFERRALS ID ENABLE IDLE STARTTLS AUTH=PLAIN AUTH=LOGIN AUTH=CRAM-MD5] Dovecot ready.
[18:26:29] IMAP4> 1 CAPABILITY
[18:26:29] IMAP4< * CAPABILITY IMAP4rev1 LITERAL+ SASL-IR LOGIN-REFERRALS ID ENABLE IDLE STARTTLS AUTH=PLAIN AUTH=LOGIN AUTH=CRAM-MD5
[18:26:29] IMAP4< 1 OK Pre-login capabilities listed, post-login capabilities have more.
[18:26:29] IMAP4> 2 AUTHENTICATE CRAM-MD5
[18:26:29] IMAP4< + PDYyNjAxMTMyMTc5MjcwODMuMTUyMzEyNTU4OUBmaXJtYS5kZT4=
[18:26:29] IMAP< [Decoded: <6260113217927083.1523125589@firma.de>]
[18:26:29] IMAP> [Encoded: agent@firma.de 78aafae5c2cb97033d49ddbb323c76e3]
[18:26:29] IMAP> YWdlbnRAZmlybWEuZGUgNzhhYWZhZTVjMmNiOTcwMzNkNDlkZGJiMzIzYzc2ZTM=
[18:26:29] IMAP4< * CAPABILITY IMAP4rev1 LITERAL+ SASL-IR LOGIN-REFERRALS ID ENABLE IDLE SORT SORT=DISPLAY THREAD=REFERENCES THREAD=REFS THREAD=ORDEREDSUBJECT MULTIAPPEND URL-PARTIAL CATENATE UNSELECT CHILDREN NAMESPACE UIDPLUS LIST-EXTENDED I18NLEVEL=1 CONDSTORE QRESYNC ESEARCH ESORT SEARCHRES WITHIN CONTEXT=SEARCH LIST-STATUS SPECIAL-USE BINARY MOVE
[18:26:29] IMAP4< 2 OK Logged in
[18:26:29] IMAP4> 3 NAMESPACE
[18:26:29] IMAP4< * NAMESPACE (("" ".")) NIL NIL
[18:26:29] IMAP4< 3 OK Namespace completed.
[18:26:29] IMAP4> 4 STATUS INBOX (MESSAGES RECENT UIDNEXT UIDVALIDITY UNSEEN)
[18:26:29] IMAP4< * STATUS INBOX (MESSAGES 12 RECENT 0 UIDNEXT 13 UIDVALIDITY 1521822734 UNSEEN 9)
[18:26:29] IMAP4< 4 OK Status completed.
[18:26:29] IMAP4> 5 STATUS Sent (MESSAGES RECENT UIDNEXT UIDVALIDITY UNSEEN)
[18:26:29] IMAP4< * STATUS Sent (MESSAGES 6 RECENT 6 UIDNEXT 7 UIDVALIDITY 1521822733 UNSEEN 0)
[18:26:29] IMAP4< 5 OK Status completed.
[18:26:29] IMAP4> 6 STATUS Drafts (MESSAGES RECENT UIDNEXT UIDVALIDITY UNSEEN)
[18:26:29] IMAP4< * STATUS Drafts (MESSAGES 0 RECENT 0 UIDNEXT 1 UIDVALIDITY 1521822735 UNSEEN 0)
[18:26:29] IMAP4< 6 OK Status completed.
[18:26:29] IMAP4> 7 STATUS Trash (MESSAGES RECENT UIDNEXT UIDVALIDITY UNSEEN)
[18:26:29] IMAP4< * STATUS Trash (MESSAGES 0 RECENT 0 UIDNEXT 1 UIDVALIDITY 1521822736 UNSEEN 0)
[18:26:29] IMAP4< 7 OK Status completed.
[18:26:29] IMAP4> 8 STATUS Junk (MESSAGES RECENT UIDNEXT UIDVALIDITY UNSEEN)
[18:26:29] IMAP4< * STATUS Junk (MESSAGES 0 RECENT 0 UIDNEXT 1 UIDVALIDITY 1521822737 UNSEEN 0)
[18:26:29] IMAP4< 8 OK Status completed.
[18:26:29] * message: creating IMAP4 connection to mail:143 ...
[18:26:30] IMAP4< * OK [CAPABILITY IMAP4rev1 LITERAL+ SASL-IR LOGIN-REFERRALS ID ENABLE IDLE STARTTLS AUTH=PLAIN AUTH=LOGIN AUTH=CRAM-MD5] Dovecot ready.
[18:26:30] IMAP4> 1 CAPABILITY
[18:26:30] IMAP4< * CAPABILITY IMAP4rev1 LITERAL+ SASL-IR LOGIN-REFERRALS ID ENABLE IDLE STARTTLS AUTH=PLAIN AUTH=LOGIN AUTH=CRAM-MD5
[18:26:30] IMAP4< 1 OK Pre-login capabilities listed, post-login capabilities have more.
[18:26:30] IMAP4> 2 AUTHENTICATE CRAM-MD5
[18:26:30] IMAP4< + PDI4MTUwMzMyMjI3MzM3ODEuMTUyMzEyNTU5MEBmaXJtYS5kZT4=
[18:26:30] IMAP< [Decoded: <2815033222733781.1523125590@firma.de>]
[18:26:30] IMAP> [Encoded: support@firma.de aa018c49bc91d8b808ca2110b512b724]
[18:26:30] IMAP> c3VwcG9ydEBmaXJtYS5kZSBhYTAxOGM0OWJjOTFkOGI4MDhjYTIxMTBiNTEyYjcyNA==
[18:26:30] IMAP4< * CAPABILITY IMAP4rev1 LITERAL+ SASL-IR LOGIN-REFERRALS ID ENABLE IDLE SORT SORT=DISPLAY THREAD=REFERENCES THREAD=REFS THREAD=ORDEREDSUBJECT MULTIAPPEND URL-PARTIAL CATENATE UNSELECT CHILDREN NAMESPACE UIDPLUS LIST-EXTENDED I18NLEVEL=1 CONDSTORE QRESYNC ESEARCH ESORT SEARCHRES WITHIN CONTEXT=SEARCH LIST-STATUS SPECIAL-USE BINARY MOVE
[18:26:30] IMAP4< 2 OK Logged in
[18:26:30] IMAP4> 3 NAMESPACE
[18:26:30] IMAP4< * NAMESPACE (("" ".")) NIL NIL
[18:26:30] IMAP4< 3 OK Namespace completed.
[18:26:30] IMAP4> 4 STATUS INBOX (MESSAGES RECENT UIDNEXT UIDVALIDITY UNSEEN)
[18:26:30] IMAP4< * STATUS INBOX (MESSAGES 0 RECENT 0 UIDNEXT 10 UIDVALIDITY 1521822003 UNSEEN 0)
[18:26:30] IMAP4< 4 OK Status completed.
[18:26:30] IMAP4> 5 STATUS Sent (MESSAGES RECENT UIDNEXT UIDVALIDITY UNSEEN)
[18:26:30] IMAP4< * STATUS Sent (MESSAGES 0 RECENT 0 UIDNEXT 1 UIDVALIDITY 1521822004 UNSEEN 0)
[18:26:30] IMAP4< 5 OK Status completed.
[18:26:30] IMAP4> 6 STATUS Drafts (MESSAGES RECENT UIDNEXT UIDVALIDITY UNSEEN)
[18:26:30] IMAP4< * STATUS Drafts (MESSAGES 0 RECENT 0 UIDNEXT 1 UIDVALIDITY 1521822005 UNSEEN 0)
[18:26:30] IMAP4< 6 OK Status completed.
[18:26:30] IMAP4> 7 STATUS Trash (MESSAGES RECENT UIDNEXT UIDVALIDITY UNSEEN)
[18:26:30] IMAP4< * STATUS Trash (MESSAGES 0 RECENT 0 UIDNEXT 1 UIDVALIDITY 1521822006 UNSEEN 0)
[18:26:30] IMAP4< 7 OK Status completed.
[18:26:30] IMAP4> 8 STATUS Junk (MESSAGES RECENT UIDNEXT UIDVALIDITY UNSEEN)
[18:26:30] IMAP4< * STATUS Junk (MESSAGES 0 RECENT 0 UIDNEXT 1 UIDVALIDITY 1521822007 UNSEEN 0)
[18:26:30] IMAP4< 8 OK Status completed.
[18:26:30] IMAP4> 5 STATUS INBOX (MESSAGES RECENT UIDNEXT UIDVALIDITY UNSEEN)
[18:26:30] IMAP4< * STATUS INBOX (MESSAGES 0 RECENT 0 UIDNEXT 1 UIDVALIDITY 1523125590 UNSEEN 0)
[18:26:30] IMAP4< 5 OK Status completed.
[18:26:30] IMAP4> 6 STATUS Sent (MESSAGES RECENT UIDNEXT UIDVALIDITY UNSEEN)
[18:26:30] IMAP4< * STATUS Sent (MESSAGES 0 RECENT 0 UIDNEXT 1 UIDVALIDITY 1523125591 UNSEEN 0)
[18:26:30] IMAP4< 6 OK Status completed.
[18:26:30] IMAP4> 7 STATUS Drafts (MESSAGES RECENT UIDNEXT UIDVALIDITY UNSEEN)
[18:26:30] IMAP4< * STATUS Drafts (MESSAGES 0 RECENT 0 UIDNEXT 1 UIDVALIDITY 1523125592 UNSEEN 0)
[18:26:30] IMAP4< 7 OK Status completed.
[18:26:30] IMAP4> 8 STATUS Trash (MESSAGES RECENT UIDNEXT UIDVALIDITY UNSEEN)
[18:26:30] IMAP4< * STATUS Trash (MESSAGES 0 RECENT 0 UIDNEXT 1 UIDVALIDITY 1523125593 UNSEEN 0)
[18:26:30] IMAP4< 8 OK Status completed.
[18:26:30] IMAP4> 9 STATUS Junk (MESSAGES RECENT UIDNEXT UIDVALIDITY UNSEEN)
[18:26:30] IMAP4< * STATUS Junk (MESSAGES 0 RECENT 0 UIDNEXT 1 UIDVALIDITY 1523125594 UNSEEN 0)
[18:26:30] IMAP4< 9 OK Status completed.
[18:26:30] GdkPixbuf-DEBUG: gdk_pixbuf_from_pixdata() called on:
[18:26:30] GdkPixbuf-DEBUG: 	Encoding rle
[18:26:30] GdkPixbuf-DEBUG: 	Dimensions: 48 x 48
[18:26:30] GdkPixbuf-DEBUG: 	Rowstride: 192, Length: 4630
[18:26:30] GdkPixbuf-DEBUG: 	Copy pixels == false
[18:26:31] IMAP4> 9 SELECT INBOX
[18:26:31] IMAP4< * FLAGS (\Answered \Flagged \Deleted \Seen \Draft)
[18:26:31] IMAP4< * OK [PERMANENTFLAGS (\Answered \Flagged \Deleted \Seen \Draft \*)] Flags permitted.
[18:26:31] IMAP4< * 12 EXISTS
[18:26:31] IMAP4< * 0 RECENT
[18:26:31] IMAP4< * OK [UNSEEN 3] First unseen.
[18:26:31] IMAP4< * OK [UIDVALIDITY 1521822734] UIDs valid
[18:26:31] IMAP4< * OK [UIDNEXT 13] Predicted next UID
[18:26:31] IMAP4< 9 OK [READ-WRITE] Select completed (0.000 secs).
[18:26:31] IMAP4> 10 UID FETCH 1:* (UID FLAGS RFC822.SIZE RFC822.HEADER)
[18:26:31] IMAP4< * 1 FETCH (UID 1 FLAGS (\Answered \Seen) RFC822.SIZE 2039 RFC822.HEADER {811}
[18:26:31] IMAP4< * 2 FETCH (UID 2 FLAGS (\Answered \Seen) RFC822.SIZE 1802 RFC822.HEADER {814}
[18:26:31] IMAP4< * 3 FETCH (UID 3 FLAGS () RFC822.SIZE 7312 RFC822.HEADER {721}
[18:26:31] IMAP4< * 4 FETCH (UID 4 FLAGS () RFC822.SIZE 7329 RFC822.HEADER {720}
[18:26:31] IMAP4< * 5 FETCH (UID 5 FLAGS () RFC822.SIZE 1802 RFC822.HEADER {814}
[18:26:31] IMAP4< * 6 FETCH (UID 6 FLAGS (\Seen) RFC822.SIZE 2046 RFC822.HEADER {812}
[18:26:31] IMAP4< * 7 FETCH (UID 7 FLAGS () RFC822.SIZE 7321 RFC822.HEADER {721}
[18:26:31] IMAP4< * 8 FETCH (UID 8 FLAGS () RFC822.SIZE 7325 RFC822.HEADER {721}
[18:26:31] IMAP4< * 9 FETCH (UID 9 FLAGS () RFC822.SIZE 2038 RFC822.HEADER {811}
[18:26:31] IMAP4< * 10 FETCH (UID 10 FLAGS () RFC822.SIZE 7616 RFC822.HEADER {725}
[18:26:31] IMAP4< * 11 FETCH (UID 11 FLAGS () RFC822.SIZE 2035 RFC822.HEADER {808}
[18:26:31] IMAP4< * 12 FETCH (UID 12 FLAGS () RFC822.SIZE 7639 RFC822.HEADER {723}
[18:26:31] IMAP4< 10 OK Fetch completed.
[18:26:31] IMAP4> 11 UID FETCH 3 BODY.PEEK[]
[18:26:31] IMAP4< * 3 FETCH (UID 3 BODY[] {7312}
[18:26:31] IMAP4< )
[18:26:31] IMAP4< 11 OK Fetch completed.
[18:26:34] IMAP4> 12 UID COPY 1:12 Trash
[18:26:34] IMAP4< 12 OK [COPYUID 1521822736 1:12 1:12] Copy completed.
[18:26:34] IMAP4> 13 UID STORE 1:12 +FLAGS.SILENT (\Deleted)
[18:26:34] IMAP4< 13 OK Store completed.
[18:26:34] IMAP4> 14 EXPUNGE
[18:26:34] IMAP4< * 12 EXPUNGE
[18:26:34] IMAP4< * 11 EXPUNGE
[18:26:34] IMAP4< * 10 EXPUNGE
[18:26:34] IMAP4< * 9 EXPUNGE
[18:26:34] IMAP4< * 8 EXPUNGE
[18:26:34] IMAP4< * 7 EXPUNGE
[18:26:34] IMAP4< * 6 EXPUNGE
[18:26:34] IMAP4< * 5 EXPUNGE
[18:26:34] IMAP4< * 4 EXPUNGE
[18:26:34] IMAP4< * 3 EXPUNGE
[18:26:34] IMAP4< * 2 EXPUNGE
[18:26:34] IMAP4< * 1 EXPUNGE
[18:26:34] IMAP4< 14 OK Expunge completed.
[18:26:34] IMAP4> 15 NOOP
[18:26:34] IMAP4< 15 OK NOOP completed.
[18:26:34] IMAP4> 16 STATUS Trash (MESSAGES RECENT UIDNEXT UIDVALIDITY UNSEEN)
[18:26:34] IMAP4< * STATUS Trash (MESSAGES 12 RECENT 12 UIDNEXT 13 UIDVALIDITY 1521822736 UNSEEN 9)
[18:26:34] IMAP4< 16 OK Status completed.
[18:26:36] IMAP4> 17 CLOSE
[18:26:36] IMAP4< 17 OK Close completed.
[18:26:36] IMAP4> 18 SELECT Trash
[18:26:36] IMAP4< * FLAGS (\Answered \Flagged \Deleted \Seen \Draft)
[18:26:36] IMAP4< * OK [PERMANENTFLAGS (\Answered \Flagged \Deleted \Seen \Draft \*)] Flags permitted.
[18:26:36] IMAP4< * 12 EXISTS
[18:26:36] IMAP4< * 12 RECENT
[18:26:36] IMAP4< * OK [UNSEEN 3] First unseen.
[18:26:36] IMAP4< * OK [UIDVALIDITY 1521822736] UIDs valid
[18:26:36] IMAP4< * OK [UIDNEXT 13] Predicted next UID
[18:26:36] IMAP4< 18 OK [READ-WRITE] Select completed (0.002 secs).
[18:26:36] IMAP4> 19 UID FETCH 1:* (UID FLAGS RFC822.SIZE RFC822.HEADER)
[18:26:36] IMAP4< * 1 FETCH (UID 1 FLAGS (\Answered \Seen \Recent) RFC822.SIZE 2039 RFC822.HEADER {811}
[18:26:36] IMAP4< * 2 FETCH (UID 2 FLAGS (\Answered \Seen \Recent) RFC822.SIZE 1802 RFC822.HEADER {814}
[18:26:36] IMAP4< * 3 FETCH (UID 3 FLAGS (\Recent) RFC822.SIZE 7312 RFC822.HEADER {721}
[18:26:36] IMAP4< * 4 FETCH (UID 4 FLAGS (\Recent) RFC822.SIZE 7329 RFC822.HEADER {720}
[18:26:36] IMAP4< * 5 FETCH (UID 5 FLAGS (\Recent) RFC822.SIZE 1802 RFC822.HEADER {814}
[18:26:36] IMAP4< * 6 FETCH (UID 6 FLAGS (\Seen \Recent) RFC822.SIZE 2046 RFC822.HEADER {812}
[18:26:36] IMAP4< * 7 FETCH (UID 7 FLAGS (\Recent) RFC822.SIZE 7321 RFC822.HEADER {721}
[18:26:36] IMAP4< * 8 FETCH (UID 8 FLAGS (\Recent) RFC822.SIZE 7325 RFC822.HEADER {721}
[18:26:36] IMAP4< * 9 FETCH (UID 9 FLAGS (\Recent) RFC822.SIZE 2038 RFC822.HEADER {811}
[18:26:36] IMAP4< * 10 FETCH (UID 10 FLAGS (\Recent) RFC822.SIZE 7616 RFC822.HEADER {725}
[18:26:36] IMAP4< * 11 FETCH (UID 11 FLAGS (\Recent) RFC822.SIZE 2035 RFC822.HEADER {808}
[18:26:36] IMAP4< * 12 FETCH (UID 12 FLAGS (\Recent) RFC822.SIZE 7639 RFC822.HEADER {723}
[18:26:36] IMAP4< 19 OK Fetch completed.
[18:26:36] IMAP4> 20 UID FETCH 3 BODY.PEEK[]
[18:26:36] IMAP4< * 3 FETCH (UID 3 BODY[] {7312}
[18:26:36] IMAP4< )
[18:26:36] IMAP4< 20 OK Fetch completed.
[18:26:37] IMAP4> 21 UID FETCH 4 BODY.PEEK[]
[18:26:37] IMAP4< * 4 FETCH (UID 4 BODY[] {7329}
[18:26:37] IMAP4< )
[18:26:37] IMAP4< 21 OK Fetch completed.
[18:26:37] IMAP4> 22 UID STORE 4 +FLAGS.SILENT (\Seen)
[18:26:37] IMAP4< 22 OK Store completed.
[18:26:40] IMAP4> 23 UID STORE 1:12 +FLAGS.SILENT (\Deleted)
[18:26:40] IMAP4< 23 OK Store completed.
[18:26:40] IMAP4> 24 EXPUNGE
[18:26:40] IMAP4< * 12 EXPUNGE
[18:26:40] IMAP4< * 11 EXPUNGE
[18:26:40] IMAP4< * 10 EXPUNGE
[18:26:40] IMAP4< * 9 EXPUNGE
[18:26:40] IMAP4< * 8 EXPUNGE
[18:26:40] IMAP4< * 7 EXPUNGE
[18:26:40] IMAP4< * 6 EXPUNGE
[18:26:40] IMAP4< * 5 EXPUNGE
[18:26:40] IMAP4< * 4 EXPUNGE
[18:26:40] IMAP4< * 3 EXPUNGE
[18:26:40] IMAP4< * 2 EXPUNGE
[18:26:40] IMAP4< * 1 EXPUNGE
[18:26:40] IMAP4< * 0 RECENT
[18:26:40] IMAP4< 24 OK Expunge completed.
[18:26:40] IMAP4> 25 NOOP
[18:26:40] IMAP4< 25 OK NOOP completed.
[18:26:42] IMAP4> 26 CLOSE
[18:26:42] IMAP4< 26 OK Close completed.
[18:26:42] IMAP4> 9 SELECT INBOX
[18:26:42] IMAP4< * FLAGS (\Answered \Flagged \Deleted \Seen \Draft)
[18:26:42] IMAP4< * OK [PERMANENTFLAGS (\Answered \Flagged \Deleted \Seen \Draft \*)] Flags permitted.
[18:26:42] IMAP4< * 0 EXISTS
[18:26:42] IMAP4< * 0 RECENT
[18:26:42] IMAP4< * OK [UIDVALIDITY 1521822003] UIDs valid
[18:26:42] IMAP4< * OK [UIDNEXT 10] Predicted next UID
[18:26:42] IMAP4< 9 OK [READ-WRITE] Select completed (0.000 secs).
[18:26:43] IMAP4> 10 CLOSE
[18:26:43] IMAP4< 10 OK Close completed.
[18:26:43] IMAP4> 11 SELECT Trash
[18:26:43] IMAP4< * FLAGS (\Answered \Flagged \Deleted \Seen \Draft)
[18:26:43] IMAP4< * OK [PERMANENTFLAGS (\Answered \Flagged \Deleted \Seen \Draft \*)] Flags permitted.
[18:26:43] IMAP4< * 0 EXISTS
[18:26:43] IMAP4< * 0 RECENT
[18:26:43] IMAP4< * OK [UIDVALIDITY 1521822006] UIDs valid
[18:26:43] IMAP4< * OK [UIDNEXT 1] Predicted next UID
[18:26:43] IMAP4< 11 OK [READ-WRITE] Select completed (0.000 secs).
[18:26:44] IMAP4> 12 CLOSE
[18:26:44] IMAP4< 12 OK Close completed.
[18:26:44] IMAP4> 10 SELECT INBOX
[18:26:44] IMAP4< * FLAGS (\Answered \Flagged \Deleted \Seen \Draft)
[18:26:44] IMAP4< * OK [PERMANENTFLAGS (\Answered \Flagged \Deleted \Seen \Draft \*)] Flags permitted.
[18:26:44] IMAP4< * 0 EXISTS
[18:26:44] IMAP4< * 0 RECENT
[18:26:44] IMAP4< * OK [UIDVALIDITY 1523125590] UIDs valid
[18:26:44] IMAP4< * OK [UIDNEXT 1] Predicted next UID
[18:26:44] IMAP4< 10 OK [READ-WRITE] Select completed (0.013 secs).
[18:26:45] IMAP4> 11 CLOSE
[18:26:45] IMAP4< 11 OK Close completed.
[18:26:45] IMAP4> 27 SELECT INBOX
[18:26:45] IMAP4< * FLAGS (\Answered \Flagged \Deleted \Seen \Draft)
[18:26:45] IMAP4< * OK [PERMANENTFLAGS (\Answered \Flagged \Deleted \Seen \Draft \*)] Flags permitted.
[18:26:45] IMAP4< * 0 EXISTS
[18:26:45] IMAP4< * 0 RECENT
[18:26:45] IMAP4< * OK [UIDVALIDITY 1521822734] UIDs valid
[18:26:45] IMAP4< * OK [UIDNEXT 13] Predicted next UID
[18:26:45] IMAP4< 27 OK [READ-WRITE] Select completed (0.000 secs).
[18:26:46] IMAP4> 28 STATUS INBOX (MESSAGES RECENT UIDNEXT UIDVALIDITY UNSEEN)
[18:26:46] IMAP4< * STATUS INBOX (MESSAGES 0 RECENT 0 UIDNEXT 13 UIDVALIDITY 1521822734 UNSEEN 0)
[18:26:46] IMAP4< 28 OK [CLIENTBUG] Status on selected mailbox completed.
[18:26:46] IMAP4> 29 STATUS Sent (MESSAGES RECENT UIDNEXT UIDVALIDITY UNSEEN)
[18:26:46] IMAP4< * STATUS Sent (MESSAGES 6 RECENT 6 UIDNEXT 7 UIDVALIDITY 1521822733 UNSEEN 0)
[18:26:46] IMAP4< 29 OK Status completed.
[18:26:46] IMAP4> 30 STATUS Drafts (MESSAGES RECENT UIDNEXT UIDVALIDITY UNSEEN)
[18:26:46] IMAP4< * STATUS Drafts (MESSAGES 0 RECENT 0 UIDNEXT 1 UIDVALIDITY 1521822735 UNSEEN 0)
[18:26:46] IMAP4< 30 OK Status completed.
[18:26:46] IMAP4> 31 STATUS Trash (MESSAGES RECENT UIDNEXT UIDVALIDITY UNSEEN)
[18:26:46] IMAP4< * STATUS Trash (MESSAGES 0 RECENT 0 UIDNEXT 13 UIDVALIDITY 1521822736 UNSEEN 0)
[18:26:46] IMAP4< 31 OK Status completed.
[18:26:46] IMAP4> 32 STATUS Junk (MESSAGES RECENT UIDNEXT UIDVALIDITY UNSEEN)
[18:26:46] IMAP4< * STATUS Junk (MESSAGES 0 RECENT 0 UIDNEXT 1 UIDVALIDITY 1521822737 UNSEEN 0)
[18:26:46] IMAP4< 32 OK Status completed.
[18:26:46] IMAP4> 33 CLOSE
[18:26:46] IMAP4< 33 OK Close completed.
[18:26:46] IMAP4> 34 SELECT INBOX
[18:26:46] IMAP4< * FLAGS (\Answered \Flagged \Deleted \Seen \Draft)
[18:26:46] IMAP4< * OK [PERMANENTFLAGS (\Answered \Flagged \Deleted \Seen \Draft \*)] Flags permitted.
[18:26:46] IMAP4< * 0 EXISTS
[18:26:46] IMAP4< * 0 RECENT
[18:26:46] IMAP4< * OK [UIDVALIDITY 1521822734] UIDs valid
[18:26:46] IMAP4< * OK [UIDNEXT 13] Predicted next UID
[18:26:46] IMAP4< 34 OK [READ-WRITE] Select completed (0.000 secs).
[18:26:46] IMAP4> 13 STATUS INBOX (MESSAGES RECENT UIDNEXT UIDVALIDITY UNSEEN)
[18:26:46] IMAP4< * STATUS INBOX (MESSAGES 0 RECENT 0 UIDNEXT 10 UIDVALIDITY 1521822003 UNSEEN 0)
[18:26:46] IMAP4< 13 OK Status completed.
[18:26:46] IMAP4> 14 STATUS Sent (MESSAGES RECENT UIDNEXT UIDVALIDITY UNSEEN)
[18:26:46] IMAP4< * STATUS Sent (MESSAGES 0 RECENT 0 UIDNEXT 1 UIDVALIDITY 1521822004 UNSEEN 0)
[18:26:46] IMAP4< 14 OK Status completed.
[18:26:46] IMAP4> 15 STATUS Drafts (MESSAGES RECENT UIDNEXT UIDVALIDITY UNSEEN)
[18:26:46] IMAP4< * STATUS Drafts (MESSAGES 0 RECENT 0 UIDNEXT 1 UIDVALIDITY 1521822005 UNSEEN 0)
[18:26:46] IMAP4< 15 OK Status completed.
[18:26:46] IMAP4> 16 STATUS Trash (MESSAGES RECENT UIDNEXT UIDVALIDITY UNSEEN)
[18:26:46] IMAP4< * STATUS Trash (MESSAGES 0 RECENT 0 UIDNEXT 1 UIDVALIDITY 1521822006 UNSEEN 0)
[18:26:46] IMAP4< 16 OK Status completed.
[18:26:46] IMAP4> 17 STATUS Junk (MESSAGES RECENT UIDNEXT UIDVALIDITY UNSEEN)
[18:26:46] IMAP4< * STATUS Junk (MESSAGES 0 RECENT 0 UIDNEXT 1 UIDVALIDITY 1521822007 UNSEEN 0)
[18:26:46] IMAP4< 17 OK Status completed.
[18:26:46] IMAP4> 12 STATUS INBOX (MESSAGES RECENT UIDNEXT UIDVALIDITY UNSEEN)
[18:26:46] IMAP4< * STATUS INBOX (MESSAGES 0 RECENT 0 UIDNEXT 1 UIDVALIDITY 1523125590 UNSEEN 0)
[18:26:46] IMAP4< 12 OK Status completed.
[18:26:46] IMAP4> 13 STATUS Sent (MESSAGES RECENT UIDNEXT UIDVALIDITY UNSEEN)
[18:26:46] IMAP4< * STATUS Sent (MESSAGES 0 RECENT 0 UIDNEXT 1 UIDVALIDITY 1523125591 UNSEEN 0)
[18:26:46] IMAP4< 13 OK Status completed.
[18:26:46] IMAP4> 14 STATUS Drafts (MESSAGES RECENT UIDNEXT UIDVALIDITY UNSEEN)
[18:26:46] IMAP4< * STATUS Drafts (MESSAGES 0 RECENT 0 UIDNEXT 1 UIDVALIDITY 1523125592 UNSEEN 0)
[18:26:46] IMAP4< 14 OK Status completed.
[18:26:46] IMAP4> 15 STATUS Trash (MESSAGES RECENT UIDNEXT UIDVALIDITY UNSEEN)
[18:26:46] IMAP4< * STATUS Trash (MESSAGES 0 RECENT 0 UIDNEXT 1 UIDVALIDITY 1523125593 UNSEEN 0)
[18:26:46] IMAP4< 15 OK Status completed.
[18:26:46] IMAP4> 16 STATUS Junk (MESSAGES RECENT UIDNEXT UIDVALIDITY UNSEEN)
[18:26:46] IMAP4< * STATUS Junk (MESSAGES 0 RECENT 0 UIDNEXT 1 UIDVALIDITY 1523125594 UNSEEN 0)
[18:26:46] IMAP4< 16 OK Status completed.
