[19:19:47] * message: creating IMAP4 connection to mail:143 ...
[19:19:47] IMAP4< * OK [CAPABILITY IMAP4rev1 LITERAL+ SASL-IR LOGIN-REFERRALS ID ENABLE IDLE STARTTLS AUTH=PLAIN AUTH=LOGIN AUTH=CRAM-MD5] Dovecot ready.
[19:19:47] IMAP4> 1 CAPABILITY
[19:19:47] IMAP4< * CAPABILITY IMAP4rev1 LITERAL+ SASL-IR LOGIN-REFERRALS ID ENABLE IDLE STARTTLS AUTH=PLAIN AUTH=LOGIN AUTH=CRAM-MD5
[19:19:47] IMAP4< 1 OK Pre-login capabilities listed, post-login capabilities have more.
[19:19:47] IMAP4> 2 AUTHENTICATE CRAM-MD5
[19:19:47] IMAP4< + PDU3NTg1MzA1MTU0MTg1OTkuMTUyMzEyODc4N0BmaXJtYS5kZT4=
[19:19:47] IMAP< [Decoded: <5758530515418599.1523128787@firma.de>]
[19:19:47] IMAP> [Encoded: agent@firma.de 7cffe624f5719cd2b1200ff90a43769a]
[19:19:47] IMAP> YWdlbnRAZmlybWEuZGUgN2NmZmU2MjRmNTcxOWNkMmIxMjAwZmY5MGE0Mzc2OWE=
[19:19:47] IMAP4< * CAPABILITY IMAP4rev1 LITERAL+ SASL-IR LOGIN-REFERRALS ID ENABLE IDLE SORT SORT=DISPLAY THREAD=REFERENCES THREAD=REFS THREAD=ORDEREDSUBJECT MULTIAPPEND URL-PARTIAL CATENATE UNSELECT CHILDREN NAMESPACE UIDPLUS LIST-EXTENDED I18NLEVEL=1 CONDSTORE QRESYNC ESEARCH ESORT SEARCHRES WITHIN CONTEXT=SEARCH LIST-STATUS SPECIAL-USE BINARY MOVE
[19:19:47] IMAP4< 2 OK Logged in
[19:19:47] IMAP4> 3 NAMESPACE
[19:19:47] IMAP4< * NAMESPACE (("" ".")) NIL NIL
[19:19:47] IMAP4< 3 OK Namespace completed.
[19:19:47] IMAP4> 4 STATUS INBOX (MESSAGES RECENT UIDNEXT UIDVALIDITY UNSEEN)
[19:19:47] IMAP4< * STATUS INBOX (MESSAGES 0 RECENT 0 UIDNEXT 13 UIDVALIDITY 1521822734 UNSEEN 0)
[19:19:47] IMAP4< 4 OK Status completed.
[19:19:47] IMAP4> 5 STATUS Sent (MESSAGES RECENT UIDNEXT UIDVALIDITY UNSEEN)
[19:19:47] IMAP4< * STATUS Sent (MESSAGES 6 RECENT 6 UIDNEXT 7 UIDVALIDITY 1521822733 UNSEEN 0)
[19:19:47] IMAP4< 5 OK Status completed.
[19:19:47] IMAP4> 6 STATUS Drafts (MESSAGES RECENT UIDNEXT UIDVALIDITY UNSEEN)
[19:19:47] IMAP4< * STATUS Drafts (MESSAGES 0 RECENT 0 UIDNEXT 1 UIDVALIDITY 1521822735 UNSEEN 0)
[19:19:47] IMAP4< 6 OK Status completed.
[19:19:47] IMAP4> 7 STATUS Trash (MESSAGES RECENT UIDNEXT UIDVALIDITY UNSEEN)
[19:19:47] IMAP4< * STATUS Trash (MESSAGES 0 RECENT 0 UIDNEXT 13 UIDVALIDITY 1521822736 UNSEEN 0)
[19:19:47] IMAP4< 7 OK Status completed.
[19:19:47] IMAP4> 8 STATUS Junk (MESSAGES RECENT UIDNEXT UIDVALIDITY UNSEEN)
[19:19:47] IMAP4< * STATUS Junk (MESSAGES 0 RECENT 0 UIDNEXT 1 UIDVALIDITY 1521822737 UNSEEN 0)
[19:19:47] IMAP4< 8 OK Status completed.
[19:19:47] * message: creating IMAP4 connection to mail:143 ...
[19:19:47] IMAP4< * OK [CAPABILITY IMAP4rev1 LITERAL+ SASL-IR LOGIN-REFERRALS ID ENABLE IDLE STARTTLS AUTH=PLAIN AUTH=LOGIN AUTH=CRAM-MD5] Dovecot ready.
[19:19:47] IMAP4> 1 CAPABILITY
[19:19:47] IMAP4< * CAPABILITY IMAP4rev1 LITERAL+ SASL-IR LOGIN-REFERRALS ID ENABLE IDLE STARTTLS AUTH=PLAIN AUTH=LOGIN AUTH=CRAM-MD5
[19:19:47] IMAP4< 1 OK Pre-login capabilities listed, post-login capabilities have more.
[19:19:47] IMAP4> 2 AUTHENTICATE CRAM-MD5
[19:19:47] IMAP4< + PDMzMTU5NTIxODA5MDk1MDUuMTUyMzEyODc4N0BmaXJtYS5kZT4=
[19:19:47] IMAP< [Decoded: <3315952180909505.1523128787@firma.de>]
[19:19:47] IMAP> [Encoded: support@firma.de e95ae8a5f9cff3345662b4008b384546]
[19:19:47] IMAP> c3VwcG9ydEBmaXJtYS5kZSBlOTVhZThhNWY5Y2ZmMzM0NTY2MmI0MDA4YjM4NDU0Ng==
[19:19:47] IMAP4< * CAPABILITY IMAP4rev1 LITERAL+ SASL-IR LOGIN-REFERRALS ID ENABLE IDLE SORT SORT=DISPLAY THREAD=REFERENCES THREAD=REFS THREAD=ORDEREDSUBJECT MULTIAPPEND URL-PARTIAL CATENATE UNSELECT CHILDREN NAMESPACE UIDPLUS LIST-EXTENDED I18NLEVEL=1 CONDSTORE QRESYNC ESEARCH ESORT SEARCHRES WITHIN CONTEXT=SEARCH LIST-STATUS SPECIAL-USE BINARY MOVE
[19:19:47] IMAP4< 2 OK Logged in
[19:19:47] IMAP4> 3 NAMESPACE
[19:19:47] IMAP4< * NAMESPACE (("" ".")) NIL NIL
[19:19:47] IMAP4< 3 OK Namespace completed.
[19:19:47] IMAP4> 4 STATUS INBOX (MESSAGES RECENT UIDNEXT UIDVALIDITY UNSEEN)
[19:19:47] IMAP4< * STATUS INBOX (MESSAGES 0 RECENT 0 UIDNEXT 10 UIDVALIDITY 1521822003 UNSEEN 0)
[19:19:47] IMAP4< 4 OK Status completed.
[19:19:47] IMAP4> 5 STATUS Sent (MESSAGES RECENT UIDNEXT UIDVALIDITY UNSEEN)
[19:19:47] IMAP4< * STATUS Sent (MESSAGES 0 RECENT 0 UIDNEXT 1 UIDVALIDITY 1521822004 UNSEEN 0)
[19:19:47] IMAP4< 5 OK Status completed.
[19:19:47] IMAP4> 6 STATUS Drafts (MESSAGES RECENT UIDNEXT UIDVALIDITY UNSEEN)
[19:19:47] IMAP4< * STATUS Drafts (MESSAGES 0 RECENT 0 UIDNEXT 1 UIDVALIDITY 1521822005 UNSEEN 0)
[19:19:47] IMAP4< 6 OK Status completed.
[19:19:47] IMAP4> 7 STATUS Trash (MESSAGES RECENT UIDNEXT UIDVALIDITY UNSEEN)
[19:19:47] IMAP4< * STATUS Trash (MESSAGES 0 RECENT 0 UIDNEXT 1 UIDVALIDITY 1521822006 UNSEEN 0)
[19:19:47] IMAP4< 7 OK Status completed.
[19:19:47] IMAP4> 8 STATUS Junk (MESSAGES RECENT UIDNEXT UIDVALIDITY UNSEEN)
[19:19:47] IMAP4< * STATUS Junk (MESSAGES 0 RECENT 0 UIDNEXT 1 UIDVALIDITY 1521822007 UNSEEN 0)
[19:19:47] IMAP4< 8 OK Status completed.
[19:19:47] * message: creating IMAP4 connection to mail:143 ...
[19:19:47] IMAP4< * OK [CAPABILITY IMAP4rev1 LITERAL+ SASL-IR LOGIN-REFERRALS ID ENABLE IDLE STARTTLS AUTH=PLAIN AUTH=LOGIN AUTH=CRAM-MD5] Dovecot ready.
[19:19:47] IMAP4> 1 CAPABILITY
[19:19:47] IMAP4< * CAPABILITY IMAP4rev1 LITERAL+ SASL-IR LOGIN-REFERRALS ID ENABLE IDLE STARTTLS AUTH=PLAIN AUTH=LOGIN AUTH=CRAM-MD5
[19:19:47] IMAP4< 1 OK Pre-login capabilities listed, post-login capabilities have more.
[19:19:47] IMAP4> 2 AUTHENTICATE CRAM-MD5
[19:19:47] IMAP4< + PDY1MTU4MzUzNDU1NDc4NzEuMTUyMzEyODc4N0BmaXJtYS5kZT4=
[19:19:47] IMAP< [Decoded: <6515835345547871.1523128787@firma.de>]
[19:19:47] IMAP> [Encoded: agent-1stlvl@digicam.firma.de c8c5289d460090b6b40ecc362cb41194]
[19:19:47] IMAP> YWdlbnQtMXN0bHZsQGRpZ2ljYW0uZmlybWEuZGUgYzhjNTI4OWQ0NjAwOTBiNmI0MGVjYzM2MmNiNDExOTQ=
[19:19:47] IMAP4< * CAPABILITY IMAP4rev1 LITERAL+ SASL-IR LOGIN-REFERRALS ID ENABLE IDLE SORT SORT=DISPLAY THREAD=REFERENCES THREAD=REFS THREAD=ORDEREDSUBJECT MULTIAPPEND URL-PARTIAL CATENATE UNSELECT CHILDREN NAMESPACE UIDPLUS LIST-EXTENDED I18NLEVEL=1 CONDSTORE QRESYNC ESEARCH ESORT SEARCHRES WITHIN CONTEXT=SEARCH LIST-STATUS SPECIAL-USE BINARY MOVE
[19:19:47] IMAP4< 2 OK Logged in
[19:19:47] IMAP4> 3 NAMESPACE
[19:19:47] IMAP4< * NAMESPACE (("" ".")) NIL NIL
[19:19:47] IMAP4< 3 OK Namespace completed.
[19:19:47] IMAP4> 4 STATUS INBOX (MESSAGES RECENT UIDNEXT UIDVALIDITY UNSEEN)
[19:19:47] IMAP4< * STATUS INBOX (MESSAGES 0 RECENT 0 UIDNEXT 1 UIDVALIDITY 1523127361 UNSEEN 0)
[19:19:47] IMAP4< 4 OK Status completed.
[19:19:47] IMAP4> 5 STATUS Sent (MESSAGES RECENT UIDNEXT UIDVALIDITY UNSEEN)
[19:19:47] IMAP4< * STATUS Sent (MESSAGES 0 RECENT 0 UIDNEXT 1 UIDVALIDITY 1523127362 UNSEEN 0)
[19:19:47] IMAP4< 5 OK Status completed.
[19:19:47] IMAP4> 6 STATUS Drafts (MESSAGES RECENT UIDNEXT UIDVALIDITY UNSEEN)
[19:19:47] IMAP4< * STATUS Drafts (MESSAGES 0 RECENT 0 UIDNEXT 1 UIDVALIDITY 1523127363 UNSEEN 0)
[19:19:47] IMAP4< 6 OK Status completed.
[19:19:47] IMAP4> 7 STATUS Trash (MESSAGES RECENT UIDNEXT UIDVALIDITY UNSEEN)
[19:19:47] IMAP4< * STATUS Trash (MESSAGES 0 RECENT 0 UIDNEXT 1 UIDVALIDITY 1523127364 UNSEEN 0)
[19:19:47] IMAP4< 7 OK Status completed.
[19:19:47] IMAP4> 8 STATUS Junk (MESSAGES RECENT UIDNEXT UIDVALIDITY UNSEEN)
[19:19:47] IMAP4< * STATUS Junk (MESSAGES 0 RECENT 0 UIDNEXT 1 UIDVALIDITY 1523127365 UNSEEN 0)
[19:19:47] IMAP4< 8 OK Status completed.
[19:19:47] * message: creating IMAP4 connection to mail:143 ...
[19:19:47] IMAP4< * OK [CAPABILITY IMAP4rev1 LITERAL+ SASL-IR LOGIN-REFERRALS ID ENABLE IDLE STARTTLS AUTH=PLAIN AUTH=LOGIN AUTH=CRAM-MD5] Dovecot ready.
[19:19:47] IMAP4> 1 CAPABILITY
[19:19:47] IMAP4< * CAPABILITY IMAP4rev1 LITERAL+ SASL-IR LOGIN-REFERRALS ID ENABLE IDLE STARTTLS AUTH=PLAIN AUTH=LOGIN AUTH=CRAM-MD5
[19:19:47] IMAP4< 1 OK Pre-login capabilities listed, post-login capabilities have more.
[19:19:47] IMAP4> 2 AUTHENTICATE CRAM-MD5
[19:19:47] IMAP4< + PDYxMjI0NjY1ODA1NDQ0NzcuMTUyMzEyODc4N0BmaXJtYS5kZT4=
[19:19:47] IMAP< [Decoded: <6122466580544477.1523128787@firma.de>]
[19:19:47] IMAP> [Encoded: agent-2ndlvl@digicam.firma.de f2758ec0e76a00bc93964f1b419eafbc]
[19:19:47] IMAP> YWdlbnQtMm5kbHZsQGRpZ2ljYW0uZmlybWEuZGUgZjI3NThlYzBlNzZhMDBiYzkzOTY0ZjFiNDE5ZWFmYmM=
[19:19:48] IMAP4< * CAPABILITY IMAP4rev1 LITERAL+ SASL-IR LOGIN-REFERRALS ID ENABLE IDLE SORT SORT=DISPLAY THREAD=REFERENCES THREAD=REFS THREAD=ORDEREDSUBJECT MULTIAPPEND URL-PARTIAL CATENATE UNSELECT CHILDREN NAMESPACE UIDPLUS LIST-EXTENDED I18NLEVEL=1 CONDSTORE QRESYNC ESEARCH ESORT SEARCHRES WITHIN CONTEXT=SEARCH LIST-STATUS SPECIAL-USE BINARY MOVE
[19:19:48] IMAP4< 2 OK Logged in
[19:19:48] IMAP4> 3 NAMESPACE
[19:19:48] IMAP4< * NAMESPACE (("" ".")) NIL NIL
[19:19:48] IMAP4< 3 OK Namespace completed.
[19:19:48] IMAP4> 4 STATUS INBOX (MESSAGES RECENT UIDNEXT UIDVALIDITY UNSEEN)
[19:19:48] IMAP4< * STATUS INBOX (MESSAGES 0 RECENT 0 UIDNEXT 1 UIDVALIDITY 1523128254 UNSEEN 0)
[19:19:48] IMAP4< 4 OK Status completed.
[19:19:48] IMAP4> 5 STATUS Sent (MESSAGES RECENT UIDNEXT UIDVALIDITY UNSEEN)
[19:19:48] IMAP4< * STATUS Sent (MESSAGES 0 RECENT 0 UIDNEXT 1 UIDVALIDITY 1523128255 UNSEEN 0)
[19:19:48] IMAP4< 5 OK Status completed.
[19:19:48] IMAP4> 6 STATUS Drafts (MESSAGES RECENT UIDNEXT UIDVALIDITY UNSEEN)
[19:19:48] IMAP4< * STATUS Drafts (MESSAGES 0 RECENT 0 UIDNEXT 1 UIDVALIDITY 1523128256 UNSEEN 0)
[19:19:48] IMAP4< 6 OK Status completed.
[19:19:48] IMAP4> 7 STATUS Trash (MESSAGES RECENT UIDNEXT UIDVALIDITY UNSEEN)
[19:19:48] IMAP4< * STATUS Trash (MESSAGES 0 RECENT 0 UIDNEXT 1 UIDVALIDITY 1523128257 UNSEEN 0)
[19:19:48] IMAP4< 7 OK Status completed.
[19:19:48] IMAP4> 8 STATUS Junk (MESSAGES RECENT UIDNEXT UIDVALIDITY UNSEEN)
[19:19:48] IMAP4< * STATUS Junk (MESSAGES 0 RECENT 0 UIDNEXT 1 UIDVALIDITY 1523128258 UNSEEN 0)
[19:19:48] IMAP4< 8 OK Status completed.
[19:19:48] * message: creating IMAP4 connection to mail:143 ...
[19:19:48] IMAP4< * OK [CAPABILITY IMAP4rev1 LITERAL+ SASL-IR LOGIN-REFERRALS ID ENABLE IDLE STARTTLS AUTH=PLAIN AUTH=LOGIN AUTH=CRAM-MD5] Dovecot ready.
[19:19:48] IMAP4> 1 CAPABILITY
[19:19:48] IMAP4< * CAPABILITY IMAP4rev1 LITERAL+ SASL-IR LOGIN-REFERRALS ID ENABLE IDLE STARTTLS AUTH=PLAIN AUTH=LOGIN AUTH=CRAM-MD5
[19:19:48] IMAP4< 1 OK Pre-login capabilities listed, post-login capabilities have more.
[19:19:48] IMAP4> 2 AUTHENTICATE CRAM-MD5
[19:19:48] IMAP4< + PDA3MDM1MDQ2NTYxOTkwOTYuMTUyMzEyODc4OEBmaXJtYS5kZT4=
[19:19:48] IMAP< [Decoded: <0703504656199096.1523128788@firma.de>]
[19:19:48] IMAP> [Encoded: agent-3rdlvl@digicam.firma.de 4873fcf86abb2cef8215b286e5a227a4]
[19:19:48] IMAP> YWdlbnQtM3JkbHZsQGRpZ2ljYW0uZmlybWEuZGUgNDg3M2ZjZjg2YWJiMmNlZjgyMTViMjg2ZTVhMjI3YTQ=
[19:19:48] IMAP4< * CAPABILITY IMAP4rev1 LITERAL+ SASL-IR LOGIN-REFERRALS ID ENABLE IDLE SORT SORT=DISPLAY THREAD=REFERENCES THREAD=REFS THREAD=ORDEREDSUBJECT MULTIAPPEND URL-PARTIAL CATENATE UNSELECT CHILDREN NAMESPACE UIDPLUS LIST-EXTENDED I18NLEVEL=1 CONDSTORE QRESYNC ESEARCH ESORT SEARCHRES WITHIN CONTEXT=SEARCH LIST-STATUS SPECIAL-USE BINARY MOVE
[19:19:48] IMAP4< 2 OK Logged in
[19:19:48] IMAP4> 3 NAMESPACE
[19:19:48] IMAP4< * NAMESPACE (("" ".")) NIL NIL
[19:19:48] IMAP4< 3 OK Namespace completed.
[19:19:48] IMAP4> 4 STATUS INBOX (MESSAGES RECENT UIDNEXT UIDVALIDITY UNSEEN)
[19:19:48] IMAP4< * STATUS INBOX (MESSAGES 0 RECENT 0 UIDNEXT 1 UIDVALIDITY 1523128256 UNSEEN 0)
[19:19:48] IMAP4< 4 OK Status completed.
[19:19:48] IMAP4> 5 STATUS Sent (MESSAGES RECENT UIDNEXT UIDVALIDITY UNSEEN)
[19:19:48] IMAP4< * STATUS Sent (MESSAGES 0 RECENT 0 UIDNEXT 1 UIDVALIDITY 1523128257 UNSEEN 0)
[19:19:48] IMAP4< 5 OK Status completed.
[19:19:48] IMAP4> 6 STATUS Drafts (MESSAGES RECENT UIDNEXT UIDVALIDITY UNSEEN)
[19:19:48] IMAP4< * STATUS Drafts (MESSAGES 0 RECENT 0 UIDNEXT 1 UIDVALIDITY 1523128258 UNSEEN 0)
[19:19:48] IMAP4< 6 OK Status completed.
[19:19:48] IMAP4> 7 STATUS Trash (MESSAGES RECENT UIDNEXT UIDVALIDITY UNSEEN)
[19:19:48] IMAP4< * STATUS Trash (MESSAGES 0 RECENT 0 UIDNEXT 1 UIDVALIDITY 1523128259 UNSEEN 0)
[19:19:48] IMAP4< 7 OK Status completed.
[19:19:48] IMAP4> 8 STATUS Junk (MESSAGES RECENT UIDNEXT UIDVALIDITY UNSEEN)
[19:19:48] IMAP4< * STATUS Junk (MESSAGES 0 RECENT 0 UIDNEXT 1 UIDVALIDITY 1523128260 UNSEEN 0)
[19:19:48] IMAP4< 8 OK Status completed.
[19:19:48] * message: creating IMAP4 connection to mail:143 ...
[19:19:48] IMAP4< * OK [CAPABILITY IMAP4rev1 LITERAL+ SASL-IR LOGIN-REFERRALS ID ENABLE IDLE STARTTLS AUTH=PLAIN AUTH=LOGIN AUTH=CRAM-MD5] Dovecot ready.
[19:19:48] IMAP4> 1 CAPABILITY
[19:19:48] IMAP4< * CAPABILITY IMAP4rev1 LITERAL+ SASL-IR LOGIN-REFERRALS ID ENABLE IDLE STARTTLS AUTH=PLAIN AUTH=LOGIN AUTH=CRAM-MD5
[19:19:48] IMAP4< 1 OK Pre-login capabilities listed, post-login capabilities have more.
[19:19:48] IMAP4> 2 AUTHENTICATE CRAM-MD5
[19:19:48] IMAP4< + PDkxMjU5OTgxMjcyOTEwMzguMTUyMzEyODc4OEBmaXJtYS5kZT4=
[19:19:48] IMAP< [Decoded: <9125998127291038.1523128788@firma.de>]
[19:19:48] IMAP> [Encoded: digi-kunde@privat.de 1fa8a09f756ad7e51c2af3b2662c37a1]
[19:19:48] IMAP> ZGlnaS1rdW5kZUBwcml2YXQuZGUgMWZhOGEwOWY3NTZhZDdlNTFjMmFmM2IyNjYyYzM3YTE=
[19:19:48] IMAP4< * CAPABILITY IMAP4rev1 LITERAL+ SASL-IR LOGIN-REFERRALS ID ENABLE IDLE SORT SORT=DISPLAY THREAD=REFERENCES THREAD=REFS THREAD=ORDEREDSUBJECT MULTIAPPEND URL-PARTIAL CATENATE UNSELECT CHILDREN NAMESPACE UIDPLUS LIST-EXTENDED I18NLEVEL=1 CONDSTORE QRESYNC ESEARCH ESORT SEARCHRES WITHIN CONTEXT=SEARCH LIST-STATUS SPECIAL-USE BINARY MOVE
[19:19:48] IMAP4< 2 OK Logged in
[19:19:48] IMAP4> 3 NAMESPACE
[19:19:48] IMAP4< * NAMESPACE (("" ".")) NIL NIL
[19:19:48] IMAP4< 3 OK Namespace completed.
[19:19:48] IMAP4> 4 STATUS INBOX (MESSAGES RECENT UIDNEXT UIDVALIDITY UNSEEN)
[19:19:48] IMAP4< * STATUS INBOX (MESSAGES 0 RECENT 0 UIDNEXT 1 UIDVALIDITY 1523128257 UNSEEN 0)
[19:19:48] IMAP4< 4 OK Status completed.
[19:19:48] IMAP4> 5 STATUS Sent (MESSAGES RECENT UIDNEXT UIDVALIDITY UNSEEN)
[19:19:48] IMAP4< * STATUS Sent (MESSAGES 0 RECENT 0 UIDNEXT 1 UIDVALIDITY 1523128258 UNSEEN 0)
[19:19:48] IMAP4< 5 OK Status completed.
[19:19:48] IMAP4> 6 STATUS Drafts (MESSAGES RECENT UIDNEXT UIDVALIDITY UNSEEN)
[19:19:48] IMAP4< * STATUS Drafts (MESSAGES 0 RECENT 0 UIDNEXT 1 UIDVALIDITY 1523128259 UNSEEN 0)
[19:19:48] IMAP4< 6 OK Status completed.
[19:19:48] IMAP4> 7 STATUS Trash (MESSAGES RECENT UIDNEXT UIDVALIDITY UNSEEN)
[19:19:48] IMAP4< * STATUS Trash (MESSAGES 0 RECENT 0 UIDNEXT 1 UIDVALIDITY 1523128260 UNSEEN 0)
[19:19:48] IMAP4< 7 OK Status completed.
[19:19:48] IMAP4> 8 STATUS Junk (MESSAGES RECENT UIDNEXT UIDVALIDITY UNSEEN)
[19:19:48] IMAP4< * STATUS Junk (MESSAGES 0 RECENT 0 UIDNEXT 1 UIDVALIDITY 1523128261 UNSEEN 0)
[19:19:48] IMAP4< 8 OK Status completed.
[19:19:48] * message: creating IMAP4 connection to mail:143 ...
[19:19:48] IMAP4< * OK [CAPABILITY IMAP4rev1 LITERAL+ SASL-IR LOGIN-REFERRALS ID ENABLE IDLE STARTTLS AUTH=PLAIN AUTH=LOGIN AUTH=CRAM-MD5] Dovecot ready.
[19:19:48] IMAP4> 1 CAPABILITY
[19:19:48] IMAP4< * CAPABILITY IMAP4rev1 LITERAL+ SASL-IR LOGIN-REFERRALS ID ENABLE IDLE STARTTLS AUTH=PLAIN AUTH=LOGIN AUTH=CRAM-MD5
[19:19:48] IMAP4< 1 OK Pre-login capabilities listed, post-login capabilities have more.
[19:19:48] IMAP4> 2 AUTHENTICATE CRAM-MD5
[19:19:48] IMAP4< + PDk3NzM4NDEyNzMwNzgwNTIuMTUyMzEyODc4OEBmaXJtYS5kZT4=
[19:19:48] IMAP< [Decoded: <9773841273078052.1523128788@firma.de>]
[19:19:48] IMAP> [Encoded: digi-kunde@unternehmen.de 0adf3c6c539b1794f78f285394d3999b]
[19:19:48] IMAP> ZGlnaS1rdW5kZUB1bnRlcm5laG1lbi5kZSAwYWRmM2M2YzUzOWIxNzk0Zjc4ZjI4NTM5NGQzOTk5Yg==
[19:19:48] IMAP4< * CAPABILITY IMAP4rev1 LITERAL+ SASL-IR LOGIN-REFERRALS ID ENABLE IDLE SORT SORT=DISPLAY THREAD=REFERENCES THREAD=REFS THREAD=ORDEREDSUBJECT MULTIAPPEND URL-PARTIAL CATENATE UNSELECT CHILDREN NAMESPACE UIDPLUS LIST-EXTENDED I18NLEVEL=1 CONDSTORE QRESYNC ESEARCH ESORT SEARCHRES WITHIN CONTEXT=SEARCH LIST-STATUS SPECIAL-USE BINARY MOVE
[19:19:48] IMAP4< 2 OK Logged in
[19:19:48] IMAP4> 3 NAMESPACE
[19:19:48] IMAP4< * NAMESPACE (("" ".")) NIL NIL
[19:19:48] IMAP4< 3 OK Namespace completed.
[19:19:48] IMAP4> 4 STATUS INBOX (MESSAGES RECENT UIDNEXT UIDVALIDITY UNSEEN)
[19:19:48] IMAP4< * STATUS INBOX (MESSAGES 0 RECENT 0 UIDNEXT 1 UIDVALIDITY 1523128259 UNSEEN 0)
[19:19:48] IMAP4< 4 OK Status completed.
[19:19:48] IMAP4> 5 STATUS Sent (MESSAGES RECENT UIDNEXT UIDVALIDITY UNSEEN)
[19:19:48] IMAP4< * STATUS Sent (MESSAGES 0 RECENT 0 UIDNEXT 1 UIDVALIDITY 1523128260 UNSEEN 0)
[19:19:48] IMAP4< 5 OK Status completed.
[19:19:48] IMAP4> 6 STATUS Drafts (MESSAGES RECENT UIDNEXT UIDVALIDITY UNSEEN)
[19:19:48] IMAP4< * STATUS Drafts (MESSAGES 0 RECENT 0 UIDNEXT 1 UIDVALIDITY 1523128261 UNSEEN 0)
[19:19:48] IMAP4< 6 OK Status completed.
[19:19:48] IMAP4> 7 STATUS Trash (MESSAGES RECENT UIDNEXT UIDVALIDITY UNSEEN)
[19:19:48] IMAP4< * STATUS Trash (MESSAGES 0 RECENT 0 UIDNEXT 1 UIDVALIDITY 1523128262 UNSEEN 0)
[19:19:48] IMAP4< 7 OK Status completed.
[19:19:48] IMAP4> 8 STATUS Junk (MESSAGES RECENT UIDNEXT UIDVALIDITY UNSEEN)
[19:19:48] IMAP4< * STATUS Junk (MESSAGES 0 RECENT 0 UIDNEXT 1 UIDVALIDITY 1523128263 UNSEEN 0)
[19:19:48] IMAP4< 8 OK Status completed.
[19:19:48] * message: creating IMAP4 connection to mail:143 ...
[19:19:49] IMAP4< * OK [CAPABILITY IMAP4rev1 LITERAL+ SASL-IR LOGIN-REFERRALS ID ENABLE IDLE STARTTLS AUTH=PLAIN AUTH=LOGIN AUTH=CRAM-MD5] Dovecot ready.
[19:19:49] IMAP4> 1 CAPABILITY
[19:19:49] IMAP4< * CAPABILITY IMAP4rev1 LITERAL+ SASL-IR LOGIN-REFERRALS ID ENABLE IDLE STARTTLS AUTH=PLAIN AUTH=LOGIN AUTH=CRAM-MD5
[19:19:49] IMAP4< 1 OK Pre-login capabilities listed, post-login capabilities have more.
[19:19:49] IMAP4> 2 AUTHENTICATE CRAM-MD5
[19:19:49] IMAP4< + PDc5NTAyNTU3Mjg3NjEyMDUuMTUyMzEyODc4OUBmaXJtYS5kZT4=
[19:19:49] IMAP< [Decoded: <7950255728761205.1523128789@firma.de>]
[19:19:49] IMAP> [Encoded: agent@digicam.firma.de bfa8c6ba5165cffb81e6e93c8a6338ee]
[19:19:49] IMAP> YWdlbnRAZGlnaWNhbS5maXJtYS5kZSBiZmE4YzZiYTUxNjVjZmZiODFlNmU5M2M4YTYzMzhlZQ==
[19:19:49] IMAP4< * CAPABILITY IMAP4rev1 LITERAL+ SASL-IR LOGIN-REFERRALS ID ENABLE IDLE SORT SORT=DISPLAY THREAD=REFERENCES THREAD=REFS THREAD=ORDEREDSUBJECT MULTIAPPEND URL-PARTIAL CATENATE UNSELECT CHILDREN NAMESPACE UIDPLUS LIST-EXTENDED I18NLEVEL=1 CONDSTORE QRESYNC ESEARCH ESORT SEARCHRES WITHIN CONTEXT=SEARCH LIST-STATUS SPECIAL-USE BINARY MOVE
[19:19:49] IMAP4< 2 OK Logged in
[19:19:49] IMAP4> 3 NAMESPACE
[19:19:49] IMAP4< * NAMESPACE (("" ".")) NIL NIL
[19:19:49] IMAP4< 3 OK Namespace completed.
[19:19:49] IMAP4> 4 STATUS INBOX (MESSAGES RECENT UIDNEXT UIDVALIDITY UNSEEN)
[19:19:49] IMAP4< * STATUS INBOX (MESSAGES 0 RECENT 0 UIDNEXT 1 UIDVALIDITY 1523128260 UNSEEN 0)
[19:19:49] IMAP4< 4 OK Status completed.
[19:19:49] IMAP4> 5 STATUS Sent (MESSAGES RECENT UIDNEXT UIDVALIDITY UNSEEN)
[19:19:49] IMAP4< * STATUS Sent (MESSAGES 0 RECENT 0 UIDNEXT 1 UIDVALIDITY 1523128261 UNSEEN 0)
[19:19:49] IMAP4< 5 OK Status completed.
[19:19:49] IMAP4> 6 STATUS Drafts (MESSAGES RECENT UIDNEXT UIDVALIDITY UNSEEN)
[19:19:49] IMAP4< * STATUS Drafts (MESSAGES 0 RECENT 0 UIDNEXT 1 UIDVALIDITY 1523128262 UNSEEN 0)
[19:19:49] IMAP4< 6 OK Status completed.
[19:19:49] IMAP4> 7 STATUS Trash (MESSAGES RECENT UIDNEXT UIDVALIDITY UNSEEN)
[19:19:49] IMAP4< * STATUS Trash (MESSAGES 0 RECENT 0 UIDNEXT 1 UIDVALIDITY 1523128263 UNSEEN 0)
[19:19:49] IMAP4< 7 OK Status completed.
[19:19:49] IMAP4> 8 STATUS Junk (MESSAGES RECENT UIDNEXT UIDVALIDITY UNSEEN)
[19:19:49] IMAP4< * STATUS Junk (MESSAGES 0 RECENT 0 UIDNEXT 1 UIDVALIDITY 1523128264 UNSEEN 0)
[19:19:49] IMAP4< 8 OK Status completed.
[19:19:49] * message: creating IMAP4 connection to mail:143 ...
[19:19:49] IMAP4< * OK [CAPABILITY IMAP4rev1 LITERAL+ SASL-IR LOGIN-REFERRALS ID ENABLE IDLE STARTTLS AUTH=PLAIN AUTH=LOGIN AUTH=CRAM-MD5] Dovecot ready.
[19:19:49] IMAP4> 1 CAPABILITY
[19:19:49] IMAP4< * CAPABILITY IMAP4rev1 LITERAL+ SASL-IR LOGIN-REFERRALS ID ENABLE IDLE STARTTLS AUTH=PLAIN AUTH=LOGIN AUTH=CRAM-MD5
[19:19:49] IMAP4< 1 OK Pre-login capabilities listed, post-login capabilities have more.
[19:19:49] IMAP4> 2 AUTHENTICATE CRAM-MD5
[19:19:49] IMAP4< + PDI2NzEwNDA3NDcyMDk3NTUuMTUyMzEyODc4OUBmaXJtYS5kZT4=
[19:19:49] IMAP< [Decoded: <2671040747209755.1523128789@firma.de>]
[19:19:49] IMAP> [Encoded: agent@medoptics.firma.de 6f3836ae05546684b11a4be932c582ab]
[19:19:49] IMAP> YWdlbnRAbWVkb3B0aWNzLmZpcm1hLmRlIDZmMzgzNmFlMDU1NDY2ODRiMTFhNGJlOTMyYzU4MmFi
[19:19:49] IMAP4< * CAPABILITY IMAP4rev1 LITERAL+ SASL-IR LOGIN-REFERRALS ID ENABLE IDLE SORT SORT=DISPLAY THREAD=REFERENCES THREAD=REFS THREAD=ORDEREDSUBJECT MULTIAPPEND URL-PARTIAL CATENATE UNSELECT CHILDREN NAMESPACE UIDPLUS LIST-EXTENDED I18NLEVEL=1 CONDSTORE QRESYNC ESEARCH ESORT SEARCHRES WITHIN CONTEXT=SEARCH LIST-STATUS SPECIAL-USE BINARY MOVE
[19:19:49] IMAP4< 2 OK Logged in
[19:19:49] IMAP4> 3 NAMESPACE
[19:19:49] IMAP4< * NAMESPACE (("" ".")) NIL NIL
[19:19:49] IMAP4< 3 OK Namespace completed.
[19:19:49] IMAP4> 4 STATUS INBOX (MESSAGES RECENT UIDNEXT UIDVALIDITY UNSEEN)
[19:19:49] IMAP4< * STATUS INBOX (MESSAGES 0 RECENT 0 UIDNEXT 1 UIDVALIDITY 1523128261 UNSEEN 0)
[19:19:49] IMAP4< 4 OK Status completed.
[19:19:49] IMAP4> 5 STATUS Sent (MESSAGES RECENT UIDNEXT UIDVALIDITY UNSEEN)
[19:19:49] IMAP4< * STATUS Sent (MESSAGES 0 RECENT 0 UIDNEXT 1 UIDVALIDITY 1523128262 UNSEEN 0)
[19:19:49] IMAP4< 5 OK Status completed.
[19:19:49] IMAP4> 6 STATUS Drafts (MESSAGES RECENT UIDNEXT UIDVALIDITY UNSEEN)
[19:19:49] IMAP4< * STATUS Drafts (MESSAGES 0 RECENT 0 UIDNEXT 1 UIDVALIDITY 1523128263 UNSEEN 0)
[19:19:49] IMAP4< 6 OK Status completed.
[19:19:49] IMAP4> 7 STATUS Trash (MESSAGES RECENT UIDNEXT UIDVALIDITY UNSEEN)
[19:19:49] IMAP4< * STATUS Trash (MESSAGES 0 RECENT 0 UIDNEXT 1 UIDVALIDITY 1523128264 UNSEEN 0)
[19:19:49] IMAP4< 7 OK Status completed.
[19:19:49] IMAP4> 8 STATUS Junk (MESSAGES RECENT UIDNEXT UIDVALIDITY UNSEEN)
[19:19:49] IMAP4< * STATUS Junk (MESSAGES 0 RECENT 0 UIDNEXT 1 UIDVALIDITY 1523128265 UNSEEN 0)
[19:19:49] IMAP4< 8 OK Status completed.
[19:19:49] * message: creating IMAP4 connection to mail:143 ...
[19:19:49] IMAP4< * OK [CAPABILITY IMAP4rev1 LITERAL+ SASL-IR LOGIN-REFERRALS ID ENABLE IDLE STARTTLS AUTH=PLAIN AUTH=LOGIN AUTH=CRAM-MD5] Dovecot ready.
[19:19:49] IMAP4> 1 CAPABILITY
[19:19:49] IMAP4< * CAPABILITY IMAP4rev1 LITERAL+ SASL-IR LOGIN-REFERRALS ID ENABLE IDLE STARTTLS AUTH=PLAIN AUTH=LOGIN AUTH=CRAM-MD5
[19:19:49] IMAP4< 1 OK Pre-login capabilities listed, post-login capabilities have more.
[19:19:49] IMAP4> 2 AUTHENTICATE CRAM-MD5
[19:19:49] IMAP4< + PDQxODA1NDEyNTQ3NjQ4ODkuMTUyMzEyODc4OUBmaXJtYS5kZT4=
[19:19:49] IMAP< [Decoded: <4180541254764889.1523128789@firma.de>]
[19:19:49] IMAP> [Encoded: agent-1stlvl@medoptics.firma.de c1a58f00b4286066d1f321388ba62b34]
[19:19:49] IMAP> YWdlbnQtMXN0bHZsQG1lZG9wdGljcy5maXJtYS5kZSBjMWE1OGYwMGI0Mjg2MDY2ZDFmMzIxMzg4YmE2MmIzNA==
[19:19:49] IMAP4< * CAPABILITY IMAP4rev1 LITERAL+ SASL-IR LOGIN-REFERRALS ID ENABLE IDLE SORT SORT=DISPLAY THREAD=REFERENCES THREAD=REFS THREAD=ORDEREDSUBJECT MULTIAPPEND URL-PARTIAL CATENATE UNSELECT CHILDREN NAMESPACE UIDPLUS LIST-EXTENDED I18NLEVEL=1 CONDSTORE QRESYNC ESEARCH ESORT SEARCHRES WITHIN CONTEXT=SEARCH LIST-STATUS SPECIAL-USE BINARY MOVE
[19:19:49] IMAP4< 2 OK Logged in
[19:19:49] IMAP4> 3 NAMESPACE
[19:19:49] IMAP4< * NAMESPACE (("" ".")) NIL NIL
[19:19:49] IMAP4< 3 OK Namespace completed.
[19:19:49] IMAP4> 4 STATUS INBOX (MESSAGES RECENT UIDNEXT UIDVALIDITY UNSEEN)
[19:19:49] IMAP4< * STATUS INBOX (MESSAGES 0 RECENT 0 UIDNEXT 1 UIDVALIDITY 1523128263 UNSEEN 0)
[19:19:49] IMAP4< 4 OK Status completed.
[19:19:49] IMAP4> 5 STATUS Sent (MESSAGES RECENT UIDNEXT UIDVALIDITY UNSEEN)
[19:19:49] IMAP4< * STATUS Sent (MESSAGES 0 RECENT 0 UIDNEXT 1 UIDVALIDITY 1523128264 UNSEEN 0)
[19:19:49] IMAP4< 5 OK Status completed.
[19:19:49] IMAP4> 6 STATUS Drafts (MESSAGES RECENT UIDNEXT UIDVALIDITY UNSEEN)
[19:19:49] IMAP4< * STATUS Drafts (MESSAGES 0 RECENT 0 UIDNEXT 1 UIDVALIDITY 1523128265 UNSEEN 0)
[19:19:49] IMAP4< 6 OK Status completed.
[19:19:49] IMAP4> 7 STATUS Trash (MESSAGES RECENT UIDNEXT UIDVALIDITY UNSEEN)
[19:19:49] IMAP4< * STATUS Trash (MESSAGES 0 RECENT 0 UIDNEXT 1 UIDVALIDITY 1523128266 UNSEEN 0)
[19:19:49] IMAP4< 7 OK Status completed.
[19:19:49] IMAP4> 8 STATUS Junk (MESSAGES RECENT UIDNEXT UIDVALIDITY UNSEEN)
[19:19:49] IMAP4< * STATUS Junk (MESSAGES 0 RECENT 0 UIDNEXT 1 UIDVALIDITY 1523128267 UNSEEN 0)
[19:19:49] IMAP4< 8 OK Status completed.
[19:19:49] * message: creating IMAP4 connection to mail:143 ...
[19:19:49] IMAP4< * OK [CAPABILITY IMAP4rev1 LITERAL+ SASL-IR LOGIN-REFERRALS ID ENABLE IDLE STARTTLS AUTH=PLAIN AUTH=LOGIN AUTH=CRAM-MD5] Dovecot ready.
[19:19:49] IMAP4> 1 CAPABILITY
[19:19:49] IMAP4< * CAPABILITY IMAP4rev1 LITERAL+ SASL-IR LOGIN-REFERRALS ID ENABLE IDLE STARTTLS AUTH=PLAIN AUTH=LOGIN AUTH=CRAM-MD5
[19:19:49] IMAP4< 1 OK Pre-login capabilities listed, post-login capabilities have more.
[19:19:49] IMAP4> 2 AUTHENTICATE CRAM-MD5
[19:19:49] IMAP4< + PDM3MTkyOTc3Mzk1NzI2NTMuMTUyMzEyODc4OUBmaXJtYS5kZT4=
[19:19:49] IMAP< [Decoded: <3719297739572653.1523128789@firma.de>]
[19:19:49] IMAP> [Encoded: agent-2ndlvl@medoptics.firma.de b483f6d0384eec0f1a72949570f51278]
[19:19:49] IMAP> YWdlbnQtMm5kbHZsQG1lZG9wdGljcy5maXJtYS5kZSBiNDgzZjZkMDM4NGVlYzBmMWE3Mjk0OTU3MGY1MTI3OA==
[19:19:49] IMAP4< * CAPABILITY IMAP4rev1 LITERAL+ SASL-IR LOGIN-REFERRALS ID ENABLE IDLE SORT SORT=DISPLAY THREAD=REFERENCES THREAD=REFS THREAD=ORDEREDSUBJECT MULTIAPPEND URL-PARTIAL CATENATE UNSELECT CHILDREN NAMESPACE UIDPLUS LIST-EXTENDED I18NLEVEL=1 CONDSTORE QRESYNC ESEARCH ESORT SEARCHRES WITHIN CONTEXT=SEARCH LIST-STATUS SPECIAL-USE BINARY MOVE
[19:19:49] IMAP4< 2 OK Logged in
[19:19:49] IMAP4> 3 NAMESPACE
[19:19:49] IMAP4< * NAMESPACE (("" ".")) NIL NIL
[19:19:49] IMAP4< 3 OK Namespace completed.
[19:19:49] IMAP4> 4 STATUS INBOX (MESSAGES RECENT UIDNEXT UIDVALIDITY UNSEEN)
[19:19:49] IMAP4< * STATUS INBOX (MESSAGES 0 RECENT 0 UIDNEXT 1 UIDVALIDITY 1523128264 UNSEEN 0)
[19:19:49] IMAP4< 4 OK Status completed.
[19:19:50] IMAP4> 5 STATUS Sent (MESSAGES RECENT UIDNEXT UIDVALIDITY UNSEEN)
[19:19:50] IMAP4< * STATUS Sent (MESSAGES 0 RECENT 0 UIDNEXT 1 UIDVALIDITY 1523128265 UNSEEN 0)
[19:19:50] IMAP4< 5 OK Status completed.
[19:19:50] IMAP4> 6 STATUS Drafts (MESSAGES RECENT UIDNEXT UIDVALIDITY UNSEEN)
[19:19:50] IMAP4< * STATUS Drafts (MESSAGES 0 RECENT 0 UIDNEXT 1 UIDVALIDITY 1523128266 UNSEEN 0)
[19:19:50] IMAP4< 6 OK Status completed.
[19:19:50] IMAP4> 7 STATUS Trash (MESSAGES RECENT UIDNEXT UIDVALIDITY UNSEEN)
[19:19:50] IMAP4< * STATUS Trash (MESSAGES 0 RECENT 0 UIDNEXT 1 UIDVALIDITY 1523128267 UNSEEN 0)
[19:19:50] IMAP4< 7 OK Status completed.
[19:19:50] IMAP4> 8 STATUS Junk (MESSAGES RECENT UIDNEXT UIDVALIDITY UNSEEN)
[19:19:50] IMAP4< * STATUS Junk (MESSAGES 0 RECENT 0 UIDNEXT 1 UIDVALIDITY 1523128268 UNSEEN 0)
[19:19:50] IMAP4< 8 OK Status completed.
[19:19:50] * message: creating IMAP4 connection to mail:143 ...
[19:19:50] IMAP4< * OK [CAPABILITY IMAP4rev1 LITERAL+ SASL-IR LOGIN-REFERRALS ID ENABLE IDLE STARTTLS AUTH=PLAIN AUTH=LOGIN AUTH=CRAM-MD5] Dovecot ready.
[19:19:50] IMAP4> 1 CAPABILITY
[19:19:50] IMAP4< * CAPABILITY IMAP4rev1 LITERAL+ SASL-IR LOGIN-REFERRALS ID ENABLE IDLE STARTTLS AUTH=PLAIN AUTH=LOGIN AUTH=CRAM-MD5
[19:19:50] IMAP4< 1 OK Pre-login capabilities listed, post-login capabilities have more.
[19:19:50] IMAP4> 2 AUTHENTICATE CRAM-MD5
[19:19:50] IMAP4< + PDE4MTMzNDc1ODg0MjQ1NTUuMTUyMzEyODc5MEBmaXJtYS5kZT4=
[19:19:50] IMAP< [Decoded: <1813347588424555.1523128790@firma.de>]
[19:19:50] IMAP> [Encoded: agent-3rdlvl@medoptics.firma.de 82b487822925506b2fb07fb9b3bd502c]
[19:19:50] IMAP> YWdlbnQtM3JkbHZsQG1lZG9wdGljcy5maXJtYS5kZSA4MmI0ODc4MjI5MjU1MDZiMmZiMDdmYjliM2JkNTAyYw==
[19:19:50] IMAP4< * CAPABILITY IMAP4rev1 LITERAL+ SASL-IR LOGIN-REFERRALS ID ENABLE IDLE SORT SORT=DISPLAY THREAD=REFERENCES THREAD=REFS THREAD=ORDEREDSUBJECT MULTIAPPEND URL-PARTIAL CATENATE UNSELECT CHILDREN NAMESPACE UIDPLUS LIST-EXTENDED I18NLEVEL=1 CONDSTORE QRESYNC ESEARCH ESORT SEARCHRES WITHIN CONTEXT=SEARCH LIST-STATUS SPECIAL-USE BINARY MOVE
[19:19:50] IMAP4< 2 OK Logged in
[19:19:50] IMAP4> 3 NAMESPACE
[19:19:50] IMAP4< * NAMESPACE (("" ".")) NIL NIL
[19:19:50] IMAP4< 3 OK Namespace completed.
[19:19:50] IMAP4> 4 STATUS INBOX (MESSAGES RECENT UIDNEXT UIDVALIDITY UNSEEN)
[19:19:50] IMAP4< * STATUS INBOX (MESSAGES 0 RECENT 0 UIDNEXT 1 UIDVALIDITY 1523128265 UNSEEN 0)
[19:19:50] IMAP4< 4 OK Status completed.
[19:19:50] IMAP4> 5 STATUS Sent (MESSAGES RECENT UIDNEXT UIDVALIDITY UNSEEN)
[19:19:50] IMAP4< * STATUS Sent (MESSAGES 0 RECENT 0 UIDNEXT 1 UIDVALIDITY 1523128266 UNSEEN 0)
[19:19:50] IMAP4< 5 OK Status completed.
[19:19:50] IMAP4> 6 STATUS Drafts (MESSAGES RECENT UIDNEXT UIDVALIDITY UNSEEN)
[19:19:50] IMAP4< * STATUS Drafts (MESSAGES 0 RECENT 0 UIDNEXT 1 UIDVALIDITY 1523128267 UNSEEN 0)
[19:19:50] IMAP4< 6 OK Status completed.
[19:19:50] IMAP4> 7 STATUS Trash (MESSAGES RECENT UIDNEXT UIDVALIDITY UNSEEN)
[19:19:50] IMAP4< * STATUS Trash (MESSAGES 0 RECENT 0 UIDNEXT 1 UIDVALIDITY 1523128268 UNSEEN 0)
[19:19:50] IMAP4< 7 OK Status completed.
[19:19:50] IMAP4> 8 STATUS Junk (MESSAGES RECENT UIDNEXT UIDVALIDITY UNSEEN)
[19:19:50] IMAP4< * STATUS Junk (MESSAGES 0 RECENT 0 UIDNEXT 1 UIDVALIDITY 1523128269 UNSEEN 0)
[19:19:50] IMAP4< 8 OK Status completed.
[19:19:50] * message: creating IMAP4 connection to mail:143 ...
[19:19:50] IMAP4< * OK [CAPABILITY IMAP4rev1 LITERAL+ SASL-IR LOGIN-REFERRALS ID ENABLE IDLE STARTTLS AUTH=PLAIN AUTH=LOGIN AUTH=CRAM-MD5] Dovecot ready.
[19:19:50] IMAP4> 1 CAPABILITY
[19:19:50] IMAP4< * CAPABILITY IMAP4rev1 LITERAL+ SASL-IR LOGIN-REFERRALS ID ENABLE IDLE STARTTLS AUTH=PLAIN AUTH=LOGIN AUTH=CRAM-MD5
[19:19:50] IMAP4< 1 OK Pre-login capabilities listed, post-login capabilities have more.
[19:19:50] IMAP4> 2 AUTHENTICATE CRAM-MD5
[19:19:50] IMAP4< + PDM5NzUxODEwMDMwMDc4MTkuMTUyMzEyODc5MEBmaXJtYS5kZT4=
[19:19:50] IMAP< [Decoded: <3975181003007819.1523128790@firma.de>]
[19:19:50] IMAP> [Encoded: med-kunde@privat.de 31a13abd2a48438ec924ceb04e693d05]
[19:19:50] IMAP> bWVkLWt1bmRlQHByaXZhdC5kZSAzMWExM2FiZDJhNDg0MzhlYzkyNGNlYjA0ZTY5M2QwNQ==
[19:19:50] IMAP4< * CAPABILITY IMAP4rev1 LITERAL+ SASL-IR LOGIN-REFERRALS ID ENABLE IDLE SORT SORT=DISPLAY THREAD=REFERENCES THREAD=REFS THREAD=ORDEREDSUBJECT MULTIAPPEND URL-PARTIAL CATENATE UNSELECT CHILDREN NAMESPACE UIDPLUS LIST-EXTENDED I18NLEVEL=1 CONDSTORE QRESYNC ESEARCH ESORT SEARCHRES WITHIN CONTEXT=SEARCH LIST-STATUS SPECIAL-USE BINARY MOVE
[19:19:50] IMAP4< 2 OK Logged in
[19:19:50] IMAP4> 3 NAMESPACE
[19:19:50] IMAP4< * NAMESPACE (("" ".")) NIL NIL
[19:19:50] IMAP4< 3 OK Namespace completed.
[19:19:50] IMAP4> 4 STATUS INBOX (MESSAGES RECENT UIDNEXT UIDVALIDITY UNSEEN)
[19:19:50] IMAP4< * STATUS INBOX (MESSAGES 0 RECENT 0 UIDNEXT 1 UIDVALIDITY 1523128266 UNSEEN 0)
[19:19:50] IMAP4< 4 OK Status completed.
[19:19:50] IMAP4> 5 STATUS Sent (MESSAGES RECENT UIDNEXT UIDVALIDITY UNSEEN)
[19:19:50] IMAP4< * STATUS Sent (MESSAGES 0 RECENT 0 UIDNEXT 1 UIDVALIDITY 1523128267 UNSEEN 0)
[19:19:50] IMAP4< 5 OK Status completed.
[19:19:50] IMAP4> 6 STATUS Drafts (MESSAGES RECENT UIDNEXT UIDVALIDITY UNSEEN)
[19:19:50] IMAP4< * STATUS Drafts (MESSAGES 0 RECENT 0 UIDNEXT 1 UIDVALIDITY 1523128268 UNSEEN 0)
[19:19:50] IMAP4< 6 OK Status completed.
[19:19:50] IMAP4> 7 STATUS Trash (MESSAGES RECENT UIDNEXT UIDVALIDITY UNSEEN)
[19:19:50] IMAP4< * STATUS Trash (MESSAGES 0 RECENT 0 UIDNEXT 1 UIDVALIDITY 1523128269 UNSEEN 0)
[19:19:50] IMAP4< 7 OK Status completed.
[19:19:50] IMAP4> 8 STATUS Junk (MESSAGES RECENT UIDNEXT UIDVALIDITY UNSEEN)
[19:19:50] IMAP4< * STATUS Junk (MESSAGES 0 RECENT 0 UIDNEXT 1 UIDVALIDITY 1523128270 UNSEEN 0)
[19:19:50] IMAP4< 8 OK Status completed.
[19:19:50] * message: creating IMAP4 connection to mail:143 ...
[19:19:50] IMAP4< * OK [CAPABILITY IMAP4rev1 LITERAL+ SASL-IR LOGIN-REFERRALS ID ENABLE IDLE STARTTLS AUTH=PLAIN AUTH=LOGIN AUTH=CRAM-MD5] Dovecot ready.
[19:19:50] IMAP4> 1 CAPABILITY
[19:19:50] IMAP4< * CAPABILITY IMAP4rev1 LITERAL+ SASL-IR LOGIN-REFERRALS ID ENABLE IDLE STARTTLS AUTH=PLAIN AUTH=LOGIN AUTH=CRAM-MD5
[19:19:50] IMAP4< 1 OK Pre-login capabilities listed, post-login capabilities have more.
[19:19:50] IMAP4> 2 AUTHENTICATE CRAM-MD5
[19:19:50] IMAP4< + PDQ3MzIyNzg1ODk3MDgxODYuMTUyMzEyODc5MEBmaXJtYS5kZT4=
[19:19:50] IMAP< [Decoded: <4732278589708186.1523128790@firma.de>]
[19:19:50] IMAP> [Encoded: med-dritt@unternehmen.de a27ac5038997673bb32e5d96cc9e62c4]
[19:19:50] IMAP> bWVkLWRyaXR0QHVudGVybmVobWVuLmRlIGEyN2FjNTAzODk5NzY3M2JiMzJlNWQ5NmNjOWU2MmM0
[19:19:50] IMAP4< * CAPABILITY IMAP4rev1 LITERAL+ SASL-IR LOGIN-REFERRALS ID ENABLE IDLE SORT SORT=DISPLAY THREAD=REFERENCES THREAD=REFS THREAD=ORDEREDSUBJECT MULTIAPPEND URL-PARTIAL CATENATE UNSELECT CHILDREN NAMESPACE UIDPLUS LIST-EXTENDED I18NLEVEL=1 CONDSTORE QRESYNC ESEARCH ESORT SEARCHRES WITHIN CONTEXT=SEARCH LIST-STATUS SPECIAL-USE BINARY MOVE
[19:19:50] IMAP4< 2 OK Logged in
[19:19:50] IMAP4> 3 NAMESPACE
[19:19:50] IMAP4< * NAMESPACE (("" ".")) NIL NIL
[19:19:50] IMAP4< 3 OK Namespace completed.
[19:19:50] IMAP4> 4 STATUS INBOX (MESSAGES RECENT UIDNEXT UIDVALIDITY UNSEEN)
[19:19:50] IMAP4< * STATUS INBOX (MESSAGES 0 RECENT 0 UIDNEXT 1 UIDVALIDITY 1523128267 UNSEEN 0)
[19:19:50] IMAP4< 4 OK Status completed.
[19:19:50] IMAP4> 5 STATUS Sent (MESSAGES RECENT UIDNEXT UIDVALIDITY UNSEEN)
[19:19:50] IMAP4< * STATUS Sent (MESSAGES 0 RECENT 0 UIDNEXT 1 UIDVALIDITY 1523128268 UNSEEN 0)
[19:19:50] IMAP4< 5 OK Status completed.
[19:19:50] IMAP4> 6 STATUS Drafts (MESSAGES RECENT UIDNEXT UIDVALIDITY UNSEEN)
[19:19:51] IMAP4< * STATUS Drafts (MESSAGES 0 RECENT 0 UIDNEXT 1 UIDVALIDITY 1523128269 UNSEEN 0)
[19:19:51] IMAP4< 6 OK Status completed.
[19:19:51] IMAP4> 7 STATUS Trash (MESSAGES RECENT UIDNEXT UIDVALIDITY UNSEEN)
[19:19:51] IMAP4< * STATUS Trash (MESSAGES 0 RECENT 0 UIDNEXT 1 UIDVALIDITY 1523128270 UNSEEN 0)
[19:19:51] IMAP4< 7 OK Status completed.
[19:19:51] IMAP4> 8 STATUS Junk (MESSAGES RECENT UIDNEXT UIDVALIDITY UNSEEN)
[19:19:51] IMAP4< * STATUS Junk (MESSAGES 0 RECENT 0 UIDNEXT 1 UIDVALIDITY 1523128271 UNSEEN 0)
[19:19:51] IMAP4< 8 OK Status completed.
[19:19:51] * message: creating IMAP4 connection to mail:143 ...
[19:19:51] IMAP4< * OK [CAPABILITY IMAP4rev1 LITERAL+ SASL-IR LOGIN-REFERRALS ID ENABLE IDLE STARTTLS AUTH=PLAIN AUTH=LOGIN AUTH=CRAM-MD5] Dovecot ready.
[19:19:51] IMAP4> 1 CAPABILITY
[19:19:51] IMAP4< * CAPABILITY IMAP4rev1 LITERAL+ SASL-IR LOGIN-REFERRALS ID ENABLE IDLE STARTTLS AUTH=PLAIN AUTH=LOGIN AUTH=CRAM-MD5
[19:19:51] IMAP4< 1 OK Pre-login capabilities listed, post-login capabilities have more.
[19:19:51] IMAP4> 2 AUTHENTICATE CRAM-MD5
[19:19:51] IMAP4< + PDg4MzgzNjU4MzkwMjE0MjQuMTUyMzEyODc5MUBmaXJtYS5kZT4=
[19:19:51] IMAP< [Decoded: <8838365839021424.1523128791@firma.de>]
[19:19:51] IMAP> [Encoded: med-thirdparty@company.com bd1dd52714fb975f015b8252ed7b19e0]
[19:19:51] IMAP> bWVkLXRoaXJkcGFydHlAY29tcGFueS5jb20gYmQxZGQ1MjcxNGZiOTc1ZjAxNWI4MjUyZWQ3YjE5ZTA=
[19:19:51] IMAP4< * CAPABILITY IMAP4rev1 LITERAL+ SASL-IR LOGIN-REFERRALS ID ENABLE IDLE SORT SORT=DISPLAY THREAD=REFERENCES THREAD=REFS THREAD=ORDEREDSUBJECT MULTIAPPEND URL-PARTIAL CATENATE UNSELECT CHILDREN NAMESPACE UIDPLUS LIST-EXTENDED I18NLEVEL=1 CONDSTORE QRESYNC ESEARCH ESORT SEARCHRES WITHIN CONTEXT=SEARCH LIST-STATUS SPECIAL-USE BINARY MOVE
[19:19:51] IMAP4< 2 OK Logged in
[19:19:51] IMAP4> 3 NAMESPACE
[19:19:51] IMAP4< * NAMESPACE (("" ".")) NIL NIL
[19:19:51] IMAP4< 3 OK Namespace completed.
[19:19:51] IMAP4> 4 STATUS INBOX (MESSAGES RECENT UIDNEXT UIDVALIDITY UNSEEN)
[19:19:51] IMAP4< * STATUS INBOX (MESSAGES 0 RECENT 0 UIDNEXT 1 UIDVALIDITY 1523128791 UNSEEN 0)
[19:19:51] IMAP4< 4 OK Status completed.
[19:19:51] IMAP4> 5 STATUS Sent (MESSAGES RECENT UIDNEXT UIDVALIDITY UNSEEN)
[19:19:51] IMAP4< * STATUS Sent (MESSAGES 0 RECENT 0 UIDNEXT 1 UIDVALIDITY 1523128792 UNSEEN 0)
[19:19:51] IMAP4< 5 OK Status completed.
[19:19:51] IMAP4> 6 STATUS Drafts (MESSAGES RECENT UIDNEXT UIDVALIDITY UNSEEN)
[19:19:51] IMAP4< * STATUS Drafts (MESSAGES 0 RECENT 0 UIDNEXT 1 UIDVALIDITY 1523128793 UNSEEN 0)
[19:19:51] IMAP4< 6 OK Status completed.
[19:19:51] IMAP4> 7 STATUS Trash (MESSAGES RECENT UIDNEXT UIDVALIDITY UNSEEN)
[19:19:51] IMAP4< * STATUS Trash (MESSAGES 0 RECENT 0 UIDNEXT 1 UIDVALIDITY 1523128794 UNSEEN 0)
[19:19:51] IMAP4< 7 OK Status completed.
[19:19:51] IMAP4> 8 STATUS Junk (MESSAGES RECENT UIDNEXT UIDVALIDITY UNSEEN)
[19:19:51] IMAP4< * STATUS Junk (MESSAGES 0 RECENT 0 UIDNEXT 1 UIDVALIDITY 1523128795 UNSEEN 0)
[19:19:51] IMAP4< 8 OK Status completed.
[19:19:51] * message: creating IMAP4 connection to mail:143 ...
[19:19:51] IMAP4< * OK [CAPABILITY IMAP4rev1 LITERAL+ SASL-IR LOGIN-REFERRALS ID ENABLE IDLE STARTTLS AUTH=PLAIN AUTH=LOGIN AUTH=CRAM-MD5] Dovecot ready.
[19:19:51] IMAP4> 1 CAPABILITY
[19:19:51] IMAP4< * CAPABILITY IMAP4rev1 LITERAL+ SASL-IR LOGIN-REFERRALS ID ENABLE IDLE STARTTLS AUTH=PLAIN AUTH=LOGIN AUTH=CRAM-MD5
[19:19:51] IMAP4< 1 OK Pre-login capabilities listed, post-login capabilities have more.
[19:19:51] IMAP4> 2 AUTHENTICATE CRAM-MD5
[19:19:51] IMAP4< + PDk1OTU3MDMzMzYwNzQ5ODQuMTUyMzEyODc5MUBmaXJtYS5kZT4=
[19:19:51] IMAP< [Decoded: <9595703336074984.1523128791@firma.de>]
[19:19:51] IMAP> [Encoded: agent-dach-1stlvl@intellieyes.firma.de 438c1fca7bec9aa0be9e3edef52fe43b]
[19:19:51] IMAP> YWdlbnQtZGFjaC0xc3RsdmxAaW50ZWxsaWV5ZXMuZmlybWEuZGUgNDM4YzFmY2E3YmVjOWFhMGJlOWUzZWRlZjUyZmU0M2I=
[19:19:51] IMAP4< * CAPABILITY IMAP4rev1 LITERAL+ SASL-IR LOGIN-REFERRALS ID ENABLE IDLE SORT SORT=DISPLAY THREAD=REFERENCES THREAD=REFS THREAD=ORDEREDSUBJECT MULTIAPPEND URL-PARTIAL CATENATE UNSELECT CHILDREN NAMESPACE UIDPLUS LIST-EXTENDED I18NLEVEL=1 CONDSTORE QRESYNC ESEARCH ESORT SEARCHRES WITHIN CONTEXT=SEARCH LIST-STATUS SPECIAL-USE BINARY MOVE
[19:19:51] IMAP4< 2 OK Logged in
[19:19:51] IMAP4> 3 NAMESPACE
[19:19:51] IMAP4< * NAMESPACE (("" ".")) NIL NIL
[19:19:51] IMAP4< 3 OK Namespace completed.
[19:19:51] IMAP4> 4 STATUS INBOX (MESSAGES RECENT UIDNEXT UIDVALIDITY UNSEEN)
[19:19:51] IMAP4< * STATUS INBOX (MESSAGES 0 RECENT 0 UIDNEXT 1 UIDVALIDITY 1523128276 UNSEEN 0)
[19:19:51] IMAP4< 4 OK Status completed.
[19:19:51] IMAP4> 5 STATUS Sent (MESSAGES RECENT UIDNEXT UIDVALIDITY UNSEEN)
[19:19:51] IMAP4< * STATUS Sent (MESSAGES 0 RECENT 0 UIDNEXT 1 UIDVALIDITY 1523128277 UNSEEN 0)
[19:19:51] IMAP4< 5 OK Status completed.
[19:19:51] IMAP4> 6 STATUS Drafts (MESSAGES RECENT UIDNEXT UIDVALIDITY UNSEEN)
[19:19:51] IMAP4< * STATUS Drafts (MESSAGES 0 RECENT 0 UIDNEXT 1 UIDVALIDITY 1523128278 UNSEEN 0)
[19:19:51] IMAP4< 6 OK Status completed.
[19:19:51] IMAP4> 7 STATUS Trash (MESSAGES RECENT UIDNEXT UIDVALIDITY UNSEEN)
[19:19:51] IMAP4< * STATUS Trash (MESSAGES 0 RECENT 0 UIDNEXT 1 UIDVALIDITY 1523128279 UNSEEN 0)
[19:19:51] IMAP4< 7 OK Status completed.
[19:19:51] IMAP4> 8 STATUS Junk (MESSAGES RECENT UIDNEXT UIDVALIDITY UNSEEN)
[19:19:51] IMAP4< * STATUS Junk (MESSAGES 0 RECENT 0 UIDNEXT 1 UIDVALIDITY 1523128280 UNSEEN 0)
[19:19:51] IMAP4< 8 OK Status completed.
[19:19:51] * message: creating IMAP4 connection to mail:143 ...
[19:19:51] IMAP4< * OK [CAPABILITY IMAP4rev1 LITERAL+ SASL-IR LOGIN-REFERRALS ID ENABLE IDLE STARTTLS AUTH=PLAIN AUTH=LOGIN AUTH=CRAM-MD5] Dovecot ready.
[19:19:51] IMAP4> 1 CAPABILITY
[19:19:51] IMAP4< * CAPABILITY IMAP4rev1 LITERAL+ SASL-IR LOGIN-REFERRALS ID ENABLE IDLE STARTTLS AUTH=PLAIN AUTH=LOGIN AUTH=CRAM-MD5
[19:19:51] IMAP4< 1 OK Pre-login capabilities listed, post-login capabilities have more.
[19:19:51] IMAP4> 2 AUTHENTICATE CRAM-MD5
[19:19:51] IMAP4< + PDQ2MDY4MTQ3MDExMTEzNjQuMTUyMzEyODc5MUBmaXJtYS5kZT4=
[19:19:51] IMAP< [Decoded: <4606814701111364.1523128791@firma.de>]
[19:19:51] IMAP> [Encoded: agent-dach-2ndlvl@intellieyes.firma.de 69297f6a27ed0b8980ec41ac9767281e]
[19:19:51] IMAP> YWdlbnQtZGFjaC0ybmRsdmxAaW50ZWxsaWV5ZXMuZmlybWEuZGUgNjkyOTdmNmEyN2VkMGI4OTgwZWM0MWFjOTc2NzI4MWU=
[19:19:51] IMAP4< * CAPABILITY IMAP4rev1 LITERAL+ SASL-IR LOGIN-REFERRALS ID ENABLE IDLE SORT SORT=DISPLAY THREAD=REFERENCES THREAD=REFS THREAD=ORDEREDSUBJECT MULTIAPPEND URL-PARTIAL CATENATE UNSELECT CHILDREN NAMESPACE UIDPLUS LIST-EXTENDED I18NLEVEL=1 CONDSTORE QRESYNC ESEARCH ESORT SEARCHRES WITHIN CONTEXT=SEARCH LIST-STATUS SPECIAL-USE BINARY MOVE
[19:19:51] IMAP4< 2 OK Logged in
[19:19:51] IMAP4> 3 NAMESPACE
[19:19:51] IMAP4< * NAMESPACE (("" ".")) NIL NIL
[19:19:51] IMAP4< 3 OK Namespace completed.
[19:19:51] IMAP4> 4 STATUS INBOX (MESSAGES RECENT UIDNEXT UIDVALIDITY UNSEEN)
[19:19:51] IMAP4< * STATUS INBOX (MESSAGES 0 RECENT 0 UIDNEXT 1 UIDVALIDITY 1523128279 UNSEEN 0)
[19:19:51] IMAP4< 4 OK Status completed.
[19:19:51] IMAP4> 5 STATUS Sent (MESSAGES RECENT UIDNEXT UIDVALIDITY UNSEEN)
[19:19:51] IMAP4< * STATUS Sent (MESSAGES 0 RECENT 0 UIDNEXT 1 UIDVALIDITY 1523128280 UNSEEN 0)
[19:19:51] IMAP4< 5 OK Status completed.
[19:19:51] IMAP4> 6 STATUS Drafts (MESSAGES RECENT UIDNEXT UIDVALIDITY UNSEEN)
[19:19:51] IMAP4< * STATUS Drafts (MESSAGES 0 RECENT 0 UIDNEXT 1 UIDVALIDITY 1523128281 UNSEEN 0)
[19:19:51] IMAP4< 6 OK Status completed.
[19:19:51] IMAP4> 7 STATUS Trash (MESSAGES RECENT UIDNEXT UIDVALIDITY UNSEEN)
[19:19:51] IMAP4< * STATUS Trash (MESSAGES 0 RECENT 0 UIDNEXT 1 UIDVALIDITY 1523128282 UNSEEN 0)
[19:19:51] IMAP4< 7 OK Status completed.
[19:19:51] IMAP4> 8 STATUS Junk (MESSAGES RECENT UIDNEXT UIDVALIDITY UNSEEN)
[19:19:52] IMAP4< * STATUS Junk (MESSAGES 0 RECENT 0 UIDNEXT 1 UIDVALIDITY 1523128283 UNSEEN 0)
[19:19:52] IMAP4< 8 OK Status completed.
[19:19:52] * message: creating IMAP4 connection to mail:143 ...
[19:19:52] IMAP4< * OK [CAPABILITY IMAP4rev1 LITERAL+ SASL-IR LOGIN-REFERRALS ID ENABLE IDLE STARTTLS AUTH=PLAIN AUTH=LOGIN AUTH=CRAM-MD5] Dovecot ready.
[19:19:52] IMAP4> 1 CAPABILITY
[19:19:52] IMAP4< * CAPABILITY IMAP4rev1 LITERAL+ SASL-IR LOGIN-REFERRALS ID ENABLE IDLE STARTTLS AUTH=PLAIN AUTH=LOGIN AUTH=CRAM-MD5
[19:19:52] IMAP4< 1 OK Pre-login capabilities listed, post-login capabilities have more.
[19:19:52] IMAP4> 2 AUTHENTICATE CRAM-MD5
[19:19:52] IMAP4< + PDEyNjMwMjkyMzY1NjI1NTkuMTUyMzEyODc5MkBmaXJtYS5kZT4=
[19:19:52] IMAP< [Decoded: <1263029236562559.1523128792@firma.de>]
[19:19:52] IMAP> [Encoded: agent-dach-3rdlvl@intellieyes.firma.de ea39d128ee08856b0ae8c643596794be]
[19:19:52] IMAP> YWdlbnQtZGFjaC0zcmRsdmxAaW50ZWxsaWV5ZXMuZmlybWEuZGUgZWEzOWQxMjhlZTA4ODU2YjBhZThjNjQzNTk2Nzk0YmU=
[19:19:52] IMAP4< * CAPABILITY IMAP4rev1 LITERAL+ SASL-IR LOGIN-REFERRALS ID ENABLE IDLE SORT SORT=DISPLAY THREAD=REFERENCES THREAD=REFS THREAD=ORDEREDSUBJECT MULTIAPPEND URL-PARTIAL CATENATE UNSELECT CHILDREN NAMESPACE UIDPLUS LIST-EXTENDED I18NLEVEL=1 CONDSTORE QRESYNC ESEARCH ESORT SEARCHRES WITHIN CONTEXT=SEARCH LIST-STATUS SPECIAL-USE BINARY MOVE
[19:19:52] IMAP4< 2 OK Logged in
[19:19:52] IMAP4> 3 NAMESPACE
[19:19:52] IMAP4< * NAMESPACE (("" ".")) NIL NIL
[19:19:52] IMAP4< 3 OK Namespace completed.
[19:19:52] IMAP4> 4 STATUS INBOX (MESSAGES RECENT UIDNEXT UIDVALIDITY UNSEEN)
[19:19:52] IMAP4< * STATUS INBOX (MESSAGES 0 RECENT 0 UIDNEXT 1 UIDVALIDITY 1523128280 UNSEEN 0)
[19:19:52] IMAP4< 4 OK Status completed.
[19:19:52] IMAP4> 5 STATUS Sent (MESSAGES RECENT UIDNEXT UIDVALIDITY UNSEEN)
[19:19:52] IMAP4< * STATUS Sent (MESSAGES 0 RECENT 0 UIDNEXT 1 UIDVALIDITY 1523128281 UNSEEN 0)
[19:19:52] IMAP4< 5 OK Status completed.
[19:19:52] IMAP4> 6 STATUS Drafts (MESSAGES RECENT UIDNEXT UIDVALIDITY UNSEEN)
[19:19:52] IMAP4< * STATUS Drafts (MESSAGES 0 RECENT 0 UIDNEXT 1 UIDVALIDITY 1523128282 UNSEEN 0)
[19:19:52] IMAP4< 6 OK Status completed.
[19:19:52] IMAP4> 7 STATUS Trash (MESSAGES RECENT UIDNEXT UIDVALIDITY UNSEEN)
[19:19:52] IMAP4< * STATUS Trash (MESSAGES 0 RECENT 0 UIDNEXT 1 UIDVALIDITY 1523128283 UNSEEN 0)
[19:19:52] IMAP4< 7 OK Status completed.
[19:19:52] IMAP4> 8 STATUS Junk (MESSAGES RECENT UIDNEXT UIDVALIDITY UNSEEN)
[19:19:52] IMAP4< * STATUS Junk (MESSAGES 0 RECENT 0 UIDNEXT 1 UIDVALIDITY 1523128284 UNSEEN 0)
[19:19:52] IMAP4< 8 OK Status completed.
[19:19:52] * message: creating IMAP4 connection to mail:143 ...
[19:19:52] IMAP4< * OK [CAPABILITY IMAP4rev1 LITERAL+ SASL-IR LOGIN-REFERRALS ID ENABLE IDLE STARTTLS AUTH=PLAIN AUTH=LOGIN AUTH=CRAM-MD5] Dovecot ready.
[19:19:52] IMAP4> 1 CAPABILITY
[19:19:52] IMAP4< * CAPABILITY IMAP4rev1 LITERAL+ SASL-IR LOGIN-REFERRALS ID ENABLE IDLE STARTTLS AUTH=PLAIN AUTH=LOGIN AUTH=CRAM-MD5
[19:19:52] IMAP4< 1 OK Pre-login capabilities listed, post-login capabilities have more.
[19:19:52] IMAP4> 2 AUTHENTICATE CRAM-MD5
[19:19:52] IMAP4< + PDU1MzIyOTk3NjY1OTE2MzEuMTUyMzEyODc5MkBmaXJtYS5kZT4=
[19:19:52] IMAP< [Decoded: <5532299766591631.1523128792@firma.de>]
[19:19:52] IMAP> [Encoded: agent-china-1stlvl@intellieyes.firma.de 15bfc166b8e68a550ec3dbb2973383ee]
[19:19:52] IMAP> YWdlbnQtY2hpbmEtMXN0bHZsQGludGVsbGlleWVzLmZpcm1hLmRlIDE1YmZjMTY2YjhlNjhhNTUwZWMzZGJiMjk3MzM4M2Vl
[19:19:52] IMAP4< * CAPABILITY IMAP4rev1 LITERAL+ SASL-IR LOGIN-REFERRALS ID ENABLE IDLE SORT SORT=DISPLAY THREAD=REFERENCES THREAD=REFS THREAD=ORDEREDSUBJECT MULTIAPPEND URL-PARTIAL CATENATE UNSELECT CHILDREN NAMESPACE UIDPLUS LIST-EXTENDED I18NLEVEL=1 CONDSTORE QRESYNC ESEARCH ESORT SEARCHRES WITHIN CONTEXT=SEARCH LIST-STATUS SPECIAL-USE BINARY MOVE
[19:19:52] IMAP4< 2 OK Logged in
[19:19:52] IMAP4> 3 NAMESPACE
[19:19:52] IMAP4< * NAMESPACE (("" ".")) NIL NIL
[19:19:52] IMAP4< 3 OK Namespace completed.
[19:19:52] IMAP4> 4 STATUS INBOX (MESSAGES RECENT UIDNEXT UIDVALIDITY UNSEEN)
[19:19:52] IMAP4< * STATUS INBOX (MESSAGES 0 RECENT 0 UIDNEXT 1 UIDVALIDITY 1523128282 UNSEEN 0)
[19:19:52] IMAP4< 4 OK Status completed.
[19:19:52] IMAP4> 5 STATUS Sent (MESSAGES RECENT UIDNEXT UIDVALIDITY UNSEEN)
[19:19:52] IMAP4< * STATUS Sent (MESSAGES 0 RECENT 0 UIDNEXT 1 UIDVALIDITY 1523128283 UNSEEN 0)
[19:19:52] IMAP4< 5 OK Status completed.
[19:19:52] IMAP4> 6 STATUS Drafts (MESSAGES RECENT UIDNEXT UIDVALIDITY UNSEEN)
[19:19:52] IMAP4< * STATUS Drafts (MESSAGES 0 RECENT 0 UIDNEXT 1 UIDVALIDITY 1523128284 UNSEEN 0)
[19:19:52] IMAP4< 6 OK Status completed.
[19:19:52] IMAP4> 7 STATUS Trash (MESSAGES RECENT UIDNEXT UIDVALIDITY UNSEEN)
[19:19:52] IMAP4< * STATUS Trash (MESSAGES 0 RECENT 0 UIDNEXT 1 UIDVALIDITY 1523128285 UNSEEN 0)
[19:19:52] IMAP4< 7 OK Status completed.
[19:19:52] IMAP4> 8 STATUS Junk (MESSAGES RECENT UIDNEXT UIDVALIDITY UNSEEN)
[19:19:52] IMAP4< * STATUS Junk (MESSAGES 0 RECENT 0 UIDNEXT 1 UIDVALIDITY 1523128286 UNSEEN 0)
[19:19:52] IMAP4< 8 OK Status completed.
[19:19:52] * message: creating IMAP4 connection to mail:143 ...
[19:19:52] IMAP4< * OK [CAPABILITY IMAP4rev1 LITERAL+ SASL-IR LOGIN-REFERRALS ID ENABLE IDLE STARTTLS AUTH=PLAIN AUTH=LOGIN AUTH=CRAM-MD5] Dovecot ready.
[19:19:52] IMAP4> 1 CAPABILITY
[19:19:52] IMAP4< * CAPABILITY IMAP4rev1 LITERAL+ SASL-IR LOGIN-REFERRALS ID ENABLE IDLE STARTTLS AUTH=PLAIN AUTH=LOGIN AUTH=CRAM-MD5
[19:19:52] IMAP4< 1 OK Pre-login capabilities listed, post-login capabilities have more.
[19:19:52] IMAP4> 2 AUTHENTICATE CRAM-MD5
[19:19:52] IMAP4< + PDIxNzg3NjQxNjg0NTczNDkuMTUyMzEyODc5MkBmaXJtYS5kZT4=
[19:19:52] IMAP< [Decoded: <2178764168457349.1523128792@firma.de>]
[19:19:52] IMAP> [Encoded: agent-china-2ndlvl@intellieyes.firma.de 0939a8f4750e0aa510d7a30794809b3f]
[19:19:52] IMAP> YWdlbnQtY2hpbmEtMm5kbHZsQGludGVsbGlleWVzLmZpcm1hLmRlIDA5MzlhOGY0NzUwZTBhYTUxMGQ3YTMwNzk0ODA5YjNm
[19:19:52] IMAP4< * CAPABILITY IMAP4rev1 LITERAL+ SASL-IR LOGIN-REFERRALS ID ENABLE IDLE SORT SORT=DISPLAY THREAD=REFERENCES THREAD=REFS THREAD=ORDEREDSUBJECT MULTIAPPEND URL-PARTIAL CATENATE UNSELECT CHILDREN NAMESPACE UIDPLUS LIST-EXTENDED I18NLEVEL=1 CONDSTORE QRESYNC ESEARCH ESORT SEARCHRES WITHIN CONTEXT=SEARCH LIST-STATUS SPECIAL-USE BINARY MOVE
[19:19:52] IMAP4< 2 OK Logged in
[19:19:52] IMAP4> 3 NAMESPACE
[19:19:52] IMAP4< * NAMESPACE (("" ".")) NIL NIL
[19:19:52] IMAP4< 3 OK Namespace completed.
[19:19:52] IMAP4> 4 STATUS INBOX (MESSAGES RECENT UIDNEXT UIDVALIDITY UNSEEN)
[19:19:52] IMAP4< * STATUS INBOX (MESSAGES 0 RECENT 0 UIDNEXT 1 UIDVALIDITY 1523128283 UNSEEN 0)
[19:19:52] IMAP4< 4 OK Status completed.
[19:19:52] IMAP4> 5 STATUS Sent (MESSAGES RECENT UIDNEXT UIDVALIDITY UNSEEN)
[19:19:52] IMAP4< * STATUS Sent (MESSAGES 0 RECENT 0 UIDNEXT 1 UIDVALIDITY 1523128284 UNSEEN 0)
[19:19:52] IMAP4< 5 OK Status completed.
[19:19:52] IMAP4> 6 STATUS Drafts (MESSAGES RECENT UIDNEXT UIDVALIDITY UNSEEN)
[19:19:52] IMAP4< * STATUS Drafts (MESSAGES 0 RECENT 0 UIDNEXT 1 UIDVALIDITY 1523128285 UNSEEN 0)
[19:19:52] IMAP4< 6 OK Status completed.
[19:19:52] IMAP4> 7 STATUS Trash (MESSAGES RECENT UIDNEXT UIDVALIDITY UNSEEN)
[19:19:52] IMAP4< * STATUS Trash (MESSAGES 0 RECENT 0 UIDNEXT 1 UIDVALIDITY 1523128286 UNSEEN 0)
[19:19:52] IMAP4< 7 OK Status completed.
[19:19:52] IMAP4> 8 STATUS Junk (MESSAGES RECENT UIDNEXT UIDVALIDITY UNSEEN)
[19:19:52] IMAP4< * STATUS Junk (MESSAGES 0 RECENT 0 UIDNEXT 1 UIDVALIDITY 1523128287 UNSEEN 0)
[19:19:52] IMAP4< 8 OK Status completed.
[19:19:52] * message: creating IMAP4 connection to mail:143 ...
[19:19:52] IMAP4< * OK [CAPABILITY IMAP4rev1 LITERAL+ SASL-IR LOGIN-REFERRALS ID ENABLE IDLE STARTTLS AUTH=PLAIN AUTH=LOGIN AUTH=CRAM-MD5] Dovecot ready.
[19:19:52] IMAP4> 1 CAPABILITY
[19:19:52] IMAP4< * CAPABILITY IMAP4rev1 LITERAL+ SASL-IR LOGIN-REFERRALS ID ENABLE IDLE STARTTLS AUTH=PLAIN AUTH=LOGIN AUTH=CRAM-MD5
[19:19:52] IMAP4< 1 OK Pre-login capabilities listed, post-login capabilities have more.
[19:19:52] IMAP4> 2 AUTHENTICATE CRAM-MD5
[19:19:52] IMAP4< + PDA1MjI5MTQwOTQ1NjQ5ODguMTUyMzEyODc5MkBmaXJtYS5kZT4=
[19:19:52] IMAP< [Decoded: <0522914094564988.1523128792@firma.de>]
[19:19:52] IMAP> [Encoded: agent-china-3rdlvl@intellieyes.firma.de 93b147062e2202f50b517f3f2ec2e5ac]
[19:19:52] IMAP> YWdlbnQtY2hpbmEtM3JkbHZsQGludGVsbGlleWVzLmZpcm1hLmRlIDkzYjE0NzA2MmUyMjAyZjUwYjUxN2YzZjJlYzJlNWFj
[19:19:53] IMAP4< * CAPABILITY IMAP4rev1 LITERAL+ SASL-IR LOGIN-REFERRALS ID ENABLE IDLE SORT SORT=DISPLAY THREAD=REFERENCES THREAD=REFS THREAD=ORDEREDSUBJECT MULTIAPPEND URL-PARTIAL CATENATE UNSELECT CHILDREN NAMESPACE UIDPLUS LIST-EXTENDED I18NLEVEL=1 CONDSTORE QRESYNC ESEARCH ESORT SEARCHRES WITHIN CONTEXT=SEARCH LIST-STATUS SPECIAL-USE BINARY MOVE
[19:19:53] IMAP4< 2 OK Logged in
[19:19:53] IMAP4> 3 NAMESPACE
[19:19:53] IMAP4< * NAMESPACE (("" ".")) NIL NIL
[19:19:53] IMAP4< 3 OK Namespace completed.
[19:19:53] IMAP4> 4 STATUS INBOX (MESSAGES RECENT UIDNEXT UIDVALIDITY UNSEEN)
[19:19:53] IMAP4< * STATUS INBOX (MESSAGES 0 RECENT 0 UIDNEXT 1 UIDVALIDITY 1523128284 UNSEEN 0)
[19:19:53] IMAP4< 4 OK Status completed.
[19:19:53] IMAP4> 5 STATUS Sent (MESSAGES RECENT UIDNEXT UIDVALIDITY UNSEEN)
[19:19:53] IMAP4< * STATUS Sent (MESSAGES 0 RECENT 0 UIDNEXT 1 UIDVALIDITY 1523128285 UNSEEN 0)
[19:19:53] IMAP4< 5 OK Status completed.
[19:19:53] IMAP4> 6 STATUS Drafts (MESSAGES RECENT UIDNEXT UIDVALIDITY UNSEEN)
[19:19:53] IMAP4< * STATUS Drafts (MESSAGES 0 RECENT 0 UIDNEXT 1 UIDVALIDITY 1523128286 UNSEEN 0)
[19:19:53] IMAP4< 6 OK Status completed.
[19:19:53] IMAP4> 7 STATUS Trash (MESSAGES RECENT UIDNEXT UIDVALIDITY UNSEEN)
[19:19:53] IMAP4< * STATUS Trash (MESSAGES 0 RECENT 0 UIDNEXT 1 UIDVALIDITY 1523128287 UNSEEN 0)
[19:19:53] IMAP4< 7 OK Status completed.
[19:19:53] IMAP4> 8 STATUS Junk (MESSAGES RECENT UIDNEXT UIDVALIDITY UNSEEN)
[19:19:53] IMAP4< * STATUS Junk (MESSAGES 0 RECENT 0 UIDNEXT 1 UIDVALIDITY 1523128288 UNSEEN 0)
[19:19:53] IMAP4< 8 OK Status completed.
[19:19:53] * message: creating IMAP4 connection to mail:143 ...
[19:19:53] IMAP4< * OK [CAPABILITY IMAP4rev1 LITERAL+ SASL-IR LOGIN-REFERRALS ID ENABLE IDLE STARTTLS AUTH=PLAIN AUTH=LOGIN AUTH=CRAM-MD5] Dovecot ready.
[19:19:53] IMAP4> 1 CAPABILITY
[19:19:53] IMAP4< * CAPABILITY IMAP4rev1 LITERAL+ SASL-IR LOGIN-REFERRALS ID ENABLE IDLE STARTTLS AUTH=PLAIN AUTH=LOGIN AUTH=CRAM-MD5
[19:19:53] IMAP4< 1 OK Pre-login capabilities listed, post-login capabilities have more.
[19:19:53] IMAP4> 2 AUTHENTICATE CRAM-MD5
[19:19:53] IMAP4< + PDUyMDYxMTQxNzYwNzg4ODkuMTUyMzEyODc5M0BmaXJtYS5kZT4=
[19:19:53] IMAP< [Decoded: <5206114176078889.1523128793@firma.de>]
[19:19:53] IMAP> [Encoded: agent@intellieyes.firma.de 2f8451030082e996c603c7c423118a78]
[19:19:53] IMAP> YWdlbnRAaW50ZWxsaWV5ZXMuZmlybWEuZGUgMmY4NDUxMDMwMDgyZTk5NmM2MDNjN2M0MjMxMThhNzg=
[19:19:53] IMAP4< * CAPABILITY IMAP4rev1 LITERAL+ SASL-IR LOGIN-REFERRALS ID ENABLE IDLE SORT SORT=DISPLAY THREAD=REFERENCES THREAD=REFS THREAD=ORDEREDSUBJECT MULTIAPPEND URL-PARTIAL CATENATE UNSELECT CHILDREN NAMESPACE UIDPLUS LIST-EXTENDED I18NLEVEL=1 CONDSTORE QRESYNC ESEARCH ESORT SEARCHRES WITHIN CONTEXT=SEARCH LIST-STATUS SPECIAL-USE BINARY MOVE
[19:19:53] IMAP4< 2 OK Logged in
[19:19:53] IMAP4> 3 NAMESPACE
[19:19:53] IMAP4< * NAMESPACE (("" ".")) NIL NIL
[19:19:53] IMAP4< 3 OK Namespace completed.
[19:19:53] IMAP4> 4 STATUS INBOX (MESSAGES RECENT UIDNEXT UIDVALIDITY UNSEEN)
[19:19:53] IMAP4< * STATUS INBOX (MESSAGES 0 RECENT 0 UIDNEXT 1 UIDVALIDITY 1523128286 UNSEEN 0)
[19:19:53] IMAP4< 4 OK Status completed.
[19:19:53] IMAP4> 5 STATUS Sent (MESSAGES RECENT UIDNEXT UIDVALIDITY UNSEEN)
[19:19:53] IMAP4< * STATUS Sent (MESSAGES 0 RECENT 0 UIDNEXT 1 UIDVALIDITY 1523128287 UNSEEN 0)
[19:19:53] IMAP4< 5 OK Status completed.
[19:19:53] IMAP4> 6 STATUS Drafts (MESSAGES RECENT UIDNEXT UIDVALIDITY UNSEEN)
[19:19:53] IMAP4< * STATUS Drafts (MESSAGES 0 RECENT 0 UIDNEXT 1 UIDVALIDITY 1523128288 UNSEEN 0)
[19:19:53] IMAP4< 6 OK Status completed.
[19:19:53] IMAP4> 7 STATUS Trash (MESSAGES RECENT UIDNEXT UIDVALIDITY UNSEEN)
[19:19:53] IMAP4< * STATUS Trash (MESSAGES 0 RECENT 0 UIDNEXT 1 UIDVALIDITY 1523128289 UNSEEN 0)
[19:19:53] IMAP4< 7 OK Status completed.
[19:19:53] IMAP4> 8 STATUS Junk (MESSAGES RECENT UIDNEXT UIDVALIDITY UNSEEN)
[19:19:53] IMAP4< * STATUS Junk (MESSAGES 0 RECENT 0 UIDNEXT 1 UIDVALIDITY 1523128290 UNSEEN 0)
[19:19:53] IMAP4< 8 OK Status completed.
[19:20:41] * message: creating IMAP4 connection to mail:143 ...
[19:20:41] IMAP4< * OK [CAPABILITY IMAP4rev1 LITERAL+ SASL-IR LOGIN-REFERRALS ID ENABLE IDLE STARTTLS AUTH=PLAIN AUTH=LOGIN AUTH=CRAM-MD5] Dovecot ready.
[19:20:41] IMAP4> 1 CAPABILITY
[19:20:41] IMAP4< * CAPABILITY IMAP4rev1 LITERAL+ SASL-IR LOGIN-REFERRALS ID ENABLE IDLE STARTTLS AUTH=PLAIN AUTH=LOGIN AUTH=CRAM-MD5
[19:20:41] IMAP4< 1 OK Pre-login capabilities listed, post-login capabilities have more.
[19:20:41] IMAP4> 2 AUTHENTICATE CRAM-MD5
[19:20:41] IMAP4< + PDc0MTI0NjgwNjU2OTE3OTIuMTUyMzEyODg0MUBmaXJtYS5kZT4=
[19:20:41] IMAP< [Decoded: <7412468065691792.1523128841@firma.de>]
[19:20:41] IMAP> [Encoded: intelli-customer-dach@firma.de f43bebd4e63521f10618af61f7acdce5]
[19:20:41] IMAP> aW50ZWxsaS1jdXN0b21lci1kYWNoQGZpcm1hLmRlIGY0M2JlYmQ0ZTYzNTIxZjEwNjE4YWY2MWY3YWNkY2U1
[19:20:41] IMAP4< * CAPABILITY IMAP4rev1 LITERAL+ SASL-IR LOGIN-REFERRALS ID ENABLE IDLE SORT SORT=DISPLAY THREAD=REFERENCES THREAD=REFS THREAD=ORDEREDSUBJECT MULTIAPPEND URL-PARTIAL CATENATE UNSELECT CHILDREN NAMESPACE UIDPLUS LIST-EXTENDED I18NLEVEL=1 CONDSTORE QRESYNC ESEARCH ESORT SEARCHRES WITHIN CONTEXT=SEARCH LIST-STATUS SPECIAL-USE BINARY MOVE
[19:20:41] IMAP4< 2 OK Logged in
[19:20:41] IMAP4> 3 NAMESPACE
[19:20:41] IMAP4< * NAMESPACE (("" ".")) NIL NIL
[19:20:41] IMAP4< 3 OK Namespace completed.
[19:20:41] IMAP4> 4 LIST "" "*"
[19:20:41] IMAP4< 4 OK List completed.
[19:21:05] * message: creating IMAP4 connection to mail:143 ...
[19:21:05] IMAP4< * OK [CAPABILITY IMAP4rev1 LITERAL+ SASL-IR LOGIN-REFERRALS ID ENABLE IDLE STARTTLS AUTH=PLAIN AUTH=LOGIN AUTH=CRAM-MD5] Dovecot ready.
[19:21:05] IMAP4> 1 CAPABILITY
[19:21:05] IMAP4< * CAPABILITY IMAP4rev1 LITERAL+ SASL-IR LOGIN-REFERRALS ID ENABLE IDLE STARTTLS AUTH=PLAIN AUTH=LOGIN AUTH=CRAM-MD5
[19:21:05] IMAP4< 1 OK Pre-login capabilities listed, post-login capabilities have more.
[19:21:05] IMAP4> 2 AUTHENTICATE CRAM-MD5
[19:21:05] IMAP4< + PDAzNjM5MjgxNTI4OTg1MzEuMTUyMzEyODg2NUBmaXJtYS5kZT4=
[19:21:05] IMAP< [Decoded: <0363928152898531.1523128865@firma.de>]
[19:21:05] IMAP> [Encoded: intelli-customer-china@firma.de 8bab6db4c7aabb57ee3673c83b14affe]
[19:21:05] IMAP> aW50ZWxsaS1jdXN0b21lci1jaGluYUBmaXJtYS5kZSA4YmFiNmRiNGM3YWFiYjU3ZWUzNjczYzgzYjE0YWZmZQ==
[19:21:07] IMAP4< 2 NO [AUTHENTICATIONFAILED] Authentication failed.
[19:21:07] ** LibSylph-WARNING: [19:21:07] IMAP4 authentication failed.

[19:21:07] ** warning: IMAP4 authentication failed.
[19:21:07] IMAP4> 3 LOGOUT
[19:21:07] IMAP4< * BYE Logging out
[19:21:07] IMAP4< 3 OK Logout completed.
[19:21:07] ** LibSylph-WARNING: [19:21:07] Could not establish IMAP connection.

[19:21:07] ** warning: Could not establish IMAP connection.
[19:22:04] * message: creating IMAP4 connection to mail:143 ...
[19:22:05] IMAP4< * OK [CAPABILITY IMAP4rev1 LITERAL+ SASL-IR LOGIN-REFERRALS ID ENABLE IDLE STARTTLS AUTH=PLAIN AUTH=LOGIN AUTH=CRAM-MD5] Dovecot ready.
[19:22:05] IMAP4> 1 CAPABILITY
[19:22:05] IMAP4< * CAPABILITY IMAP4rev1 LITERAL+ SASL-IR LOGIN-REFERRALS ID ENABLE IDLE STARTTLS AUTH=PLAIN AUTH=LOGIN AUTH=CRAM-MD5
[19:22:05] IMAP4< 1 OK Pre-login capabilities listed, post-login capabilities have more.
[19:22:05] IMAP4> 2 AUTHENTICATE CRAM-MD5
[19:22:05] IMAP4< + PDQ1NzEzMTcyOTEzODk3MDMuMTUyMzEyODkyNUBmaXJtYS5kZT4=
[19:22:05] IMAP< [Decoded: <4571317291389703.1523128925@firma.de>]
[19:22:05] IMAP> [Encoded: intelli-customer-china@firma.de 41340d39f4b7c575fa96d5ab536d432b]
[19:22:05] IMAP> aW50ZWxsaS1jdXN0b21lci1jaGluYUBmaXJtYS5kZSA0MTM0MGQzOWY0YjdjNTc1ZmE5NmQ1YWI1MzZkNDMyYg==
[19:22:05] IMAP4< * CAPABILITY IMAP4rev1 LITERAL+ SASL-IR LOGIN-REFERRALS ID ENABLE IDLE SORT SORT=DISPLAY THREAD=REFERENCES THREAD=REFS THREAD=ORDEREDSUBJECT MULTIAPPEND URL-PARTIAL CATENATE UNSELECT CHILDREN NAMESPACE UIDPLUS LIST-EXTENDED I18NLEVEL=1 CONDSTORE QRESYNC ESEARCH ESORT SEARCHRES WITHIN CONTEXT=SEARCH LIST-STATUS SPECIAL-USE BINARY MOVE
[19:22:05] IMAP4< 2 OK Logged in
[19:22:05] IMAP4> 3 NAMESPACE
[19:22:05] IMAP4< * NAMESPACE (("" ".")) NIL NIL
[19:22:05] IMAP4< 3 OK Namespace completed.
[19:22:05] IMAP4> 4 LIST "" "*"
[19:22:05] IMAP4< 4 OK List completed.
[19:22:10] IMAP4> 5 NOOP
[19:22:10] IMAP4< 5 OK NOOP completed.
[19:22:10] IMAP4> 6 SELECT Trash
[19:22:10] IMAP4< * FLAGS (\Answered \Flagged \Deleted \Seen \Draft)
[19:22:10] IMAP4< * OK [PERMANENTFLAGS (\Answered \Flagged \Deleted \Seen \Draft \*)] Flags permitted.
[19:22:10] IMAP4< * 0 EXISTS
[19:22:10] IMAP4< * 0 RECENT
[19:22:10] IMAP4< * OK [UIDVALIDITY 1523128930] UIDs valid
[19:22:10] IMAP4< * OK [UIDNEXT 1] Predicted next UID
[19:22:10] IMAP4< 6 OK [READ-WRITE] Select completed (0.026 secs).
[19:22:13] IMAP4> 9 NOOP
[19:22:13] IMAP4< 9 OK NOOP completed.
[19:22:13] IMAP4> 10 STATUS INBOX (MESSAGES RECENT UIDNEXT UIDVALIDITY UNSEEN)
[19:22:13] IMAP4< * STATUS INBOX (MESSAGES 0 RECENT 0 UIDNEXT 13 UIDVALIDITY 1521822734 UNSEEN 0)
[19:22:13] IMAP4< 10 OK Status completed.
[19:22:13] IMAP4> 11 STATUS Sent (MESSAGES RECENT UIDNEXT UIDVALIDITY UNSEEN)
[19:22:13] IMAP4< * STATUS Sent (MESSAGES 6 RECENT 6 UIDNEXT 7 UIDVALIDITY 1521822733 UNSEEN 0)
[19:22:13] IMAP4< 11 OK Status completed.
[19:22:13] IMAP4> 12 STATUS Drafts (MESSAGES RECENT UIDNEXT UIDVALIDITY UNSEEN)
[19:22:13] IMAP4< * STATUS Drafts (MESSAGES 0 RECENT 0 UIDNEXT 1 UIDVALIDITY 1521822735 UNSEEN 0)
[19:22:13] IMAP4< 12 OK Status completed.
[19:22:13] IMAP4> 13 STATUS Trash (MESSAGES RECENT UIDNEXT UIDVALIDITY UNSEEN)
[19:22:13] IMAP4< * STATUS Trash (MESSAGES 0 RECENT 0 UIDNEXT 13 UIDVALIDITY 1521822736 UNSEEN 0)
[19:22:13] IMAP4< 13 OK Status completed.
[19:22:13] IMAP4> 14 STATUS Junk (MESSAGES RECENT UIDNEXT UIDVALIDITY UNSEEN)
[19:22:13] IMAP4< * STATUS Junk (MESSAGES 0 RECENT 0 UIDNEXT 1 UIDVALIDITY 1521822737 UNSEEN 0)
[19:22:13] IMAP4< 14 OK Status completed.
[19:22:13] IMAP4> 9 NOOP
[19:22:13] IMAP4< 9 OK NOOP completed.
[19:22:13] IMAP4> 10 STATUS INBOX (MESSAGES RECENT UIDNEXT UIDVALIDITY UNSEEN)
[19:22:13] IMAP4< * STATUS INBOX (MESSAGES 0 RECENT 0 UIDNEXT 10 UIDVALIDITY 1521822003 UNSEEN 0)
[19:22:13] IMAP4< 10 OK Status completed.
[19:22:13] IMAP4> 11 STATUS Sent (MESSAGES RECENT UIDNEXT UIDVALIDITY UNSEEN)
[19:22:13] IMAP4< * STATUS Sent (MESSAGES 0 RECENT 0 UIDNEXT 1 UIDVALIDITY 1521822004 UNSEEN 0)
[19:22:13] IMAP4< 11 OK Status completed.
[19:22:13] IMAP4> 12 STATUS Drafts (MESSAGES RECENT UIDNEXT UIDVALIDITY UNSEEN)
[19:22:13] IMAP4< * STATUS Drafts (MESSAGES 0 RECENT 0 UIDNEXT 1 UIDVALIDITY 1521822005 UNSEEN 0)
[19:22:13] IMAP4< 12 OK Status completed.
[19:22:13] IMAP4> 13 STATUS Trash (MESSAGES RECENT UIDNEXT UIDVALIDITY UNSEEN)
[19:22:13] IMAP4< * STATUS Trash (MESSAGES 0 RECENT 0 UIDNEXT 1 UIDVALIDITY 1521822006 UNSEEN 0)
[19:22:13] IMAP4< 13 OK Status completed.
[19:22:13] IMAP4> 14 STATUS Junk (MESSAGES RECENT UIDNEXT UIDVALIDITY UNSEEN)
[19:22:13] IMAP4< * STATUS Junk (MESSAGES 0 RECENT 0 UIDNEXT 1 UIDVALIDITY 1521822007 UNSEEN 0)
[19:22:13] IMAP4< 14 OK Status completed.
[19:22:13] IMAP4> 9 NOOP
[19:22:13] IMAP4< 9 OK NOOP completed.
[19:22:13] IMAP4> 10 STATUS INBOX (MESSAGES RECENT UIDNEXT UIDVALIDITY UNSEEN)
[19:22:13] IMAP4< * STATUS INBOX (MESSAGES 0 RECENT 0 UIDNEXT 1 UIDVALIDITY 1523127361 UNSEEN 0)
[19:22:13] IMAP4< 10 OK Status completed.
[19:22:13] IMAP4> 11 STATUS Sent (MESSAGES RECENT UIDNEXT UIDVALIDITY UNSEEN)
[19:22:13] IMAP4< * STATUS Sent (MESSAGES 0 RECENT 0 UIDNEXT 1 UIDVALIDITY 1523127362 UNSEEN 0)
[19:22:13] IMAP4< 11 OK Status completed.
[19:22:13] IMAP4> 12 STATUS Drafts (MESSAGES RECENT UIDNEXT UIDVALIDITY UNSEEN)
[19:22:13] IMAP4< * STATUS Drafts (MESSAGES 0 RECENT 0 UIDNEXT 1 UIDVALIDITY 1523127363 UNSEEN 0)
[19:22:13] IMAP4< 12 OK Status completed.
[19:22:13] IMAP4> 13 STATUS Trash (MESSAGES RECENT UIDNEXT UIDVALIDITY UNSEEN)
[19:22:13] IMAP4< * STATUS Trash (MESSAGES 0 RECENT 0 UIDNEXT 1 UIDVALIDITY 1523127364 UNSEEN 0)
[19:22:13] IMAP4< 13 OK Status completed.
[19:22:13] IMAP4> 14 STATUS Junk (MESSAGES RECENT UIDNEXT UIDVALIDITY UNSEEN)
[19:22:13] IMAP4< * STATUS Junk (MESSAGES 0 RECENT 0 UIDNEXT 1 UIDVALIDITY 1523127365 UNSEEN 0)
[19:22:13] IMAP4< 14 OK Status completed.
[19:22:13] IMAP4> 9 NOOP
[19:22:13] IMAP4< 9 OK NOOP completed.
[19:22:13] IMAP4> 10 STATUS INBOX (MESSAGES RECENT UIDNEXT UIDVALIDITY UNSEEN)
[19:22:13] IMAP4< * STATUS INBOX (MESSAGES 0 RECENT 0 UIDNEXT 1 UIDVALIDITY 1523128254 UNSEEN 0)
[19:22:13] IMAP4< 10 OK Status completed.
[19:22:13] IMAP4> 11 STATUS Sent (MESSAGES RECENT UIDNEXT UIDVALIDITY UNSEEN)
[19:22:13] IMAP4< * STATUS Sent (MESSAGES 0 RECENT 0 UIDNEXT 1 UIDVALIDITY 1523128255 UNSEEN 0)
[19:22:13] IMAP4< 11 OK Status completed.
[19:22:13] IMAP4> 12 STATUS Drafts (MESSAGES RECENT UIDNEXT UIDVALIDITY UNSEEN)
[19:22:13] IMAP4< * STATUS Drafts (MESSAGES 0 RECENT 0 UIDNEXT 1 UIDVALIDITY 1523128256 UNSEEN 0)
[19:22:13] IMAP4< 12 OK Status completed.
[19:22:13] IMAP4> 13 STATUS Trash (MESSAGES RECENT UIDNEXT UIDVALIDITY UNSEEN)
[19:22:13] IMAP4< * STATUS Trash (MESSAGES 0 RECENT 0 UIDNEXT 1 UIDVALIDITY 1523128257 UNSEEN 0)
[19:22:13] IMAP4< 13 OK Status completed.
[19:22:13] IMAP4> 14 STATUS Junk (MESSAGES RECENT UIDNEXT UIDVALIDITY UNSEEN)
[19:22:13] IMAP4< * STATUS Junk (MESSAGES 0 RECENT 0 UIDNEXT 1 UIDVALIDITY 1523128258 UNSEEN 0)
[19:22:13] IMAP4< 14 OK Status completed.
[19:22:13] IMAP4> 9 NOOP
[19:22:13] IMAP4< 9 OK NOOP completed.
[19:22:13] IMAP4> 10 STATUS INBOX (MESSAGES RECENT UIDNEXT UIDVALIDITY UNSEEN)
[19:22:13] IMAP4< * STATUS INBOX (MESSAGES 0 RECENT 0 UIDNEXT 1 UIDVALIDITY 1523128256 UNSEEN 0)
[19:22:13] IMAP4< 10 OK Status completed.
[19:22:13] IMAP4> 11 STATUS Sent (MESSAGES RECENT UIDNEXT UIDVALIDITY UNSEEN)
[19:22:13] IMAP4< * STATUS Sent (MESSAGES 0 RECENT 0 UIDNEXT 1 UIDVALIDITY 1523128257 UNSEEN 0)
[19:22:13] IMAP4< 11 OK Status completed.
[19:22:13] IMAP4> 12 STATUS Drafts (MESSAGES RECENT UIDNEXT UIDVALIDITY UNSEEN)
[19:22:13] IMAP4< * STATUS Drafts (MESSAGES 0 RECENT 0 UIDNEXT 1 UIDVALIDITY 1523128258 UNSEEN 0)
[19:22:13] IMAP4< 12 OK Status completed.
[19:22:13] IMAP4> 13 STATUS Trash (MESSAGES RECENT UIDNEXT UIDVALIDITY UNSEEN)
[19:22:13] IMAP4< * STATUS Trash (MESSAGES 0 RECENT 0 UIDNEXT 1 UIDVALIDITY 1523128259 UNSEEN 0)
[19:22:13] IMAP4< 13 OK Status completed.
[19:22:13] IMAP4> 14 STATUS Junk (MESSAGES RECENT UIDNEXT UIDVALIDITY UNSEEN)
[19:22:13] IMAP4< * STATUS Junk (MESSAGES 0 RECENT 0 UIDNEXT 1 UIDVALIDITY 1523128260 UNSEEN 0)
[19:22:13] IMAP4< 14 OK Status completed.
[19:22:13] IMAP4> 9 NOOP
[19:22:13] IMAP4< 9 OK NOOP completed.
[19:22:13] IMAP4> 10 STATUS INBOX (MESSAGES RECENT UIDNEXT UIDVALIDITY UNSEEN)
[19:22:13] IMAP4< * STATUS INBOX (MESSAGES 0 RECENT 0 UIDNEXT 1 UIDVALIDITY 1523128257 UNSEEN 0)
[19:22:13] IMAP4< 10 OK Status completed.
[19:22:13] IMAP4> 11 STATUS Sent (MESSAGES RECENT UIDNEXT UIDVALIDITY UNSEEN)
[19:22:13] IMAP4< * STATUS Sent (MESSAGES 0 RECENT 0 UIDNEXT 1 UIDVALIDITY 1523128258 UNSEEN 0)
[19:22:13] IMAP4< 11 OK Status completed.
[19:22:13] IMAP4> 12 STATUS Drafts (MESSAGES RECENT UIDNEXT UIDVALIDITY UNSEEN)
[19:22:13] IMAP4< * STATUS Drafts (MESSAGES 0 RECENT 0 UIDNEXT 1 UIDVALIDITY 1523128259 UNSEEN 0)
[19:22:13] IMAP4< 12 OK Status completed.
[19:22:13] IMAP4> 13 STATUS Trash (MESSAGES RECENT UIDNEXT UIDVALIDITY UNSEEN)
[19:22:13] IMAP4< * STATUS Trash (MESSAGES 0 RECENT 0 UIDNEXT 1 UIDVALIDITY 1523128260 UNSEEN 0)
[19:22:13] IMAP4< 13 OK Status completed.
[19:22:13] IMAP4> 14 STATUS Junk (MESSAGES RECENT UIDNEXT UIDVALIDITY UNSEEN)
[19:22:13] IMAP4< * STATUS Junk (MESSAGES 0 RECENT 0 UIDNEXT 1 UIDVALIDITY 1523128261 UNSEEN 0)
[19:22:13] IMAP4< 14 OK Status completed.
[19:22:13] IMAP4> 9 NOOP
[19:22:13] IMAP4< 9 OK NOOP completed.
[19:22:13] IMAP4> 10 STATUS INBOX (MESSAGES RECENT UIDNEXT UIDVALIDITY UNSEEN)
[19:22:13] IMAP4< * STATUS INBOX (MESSAGES 0 RECENT 0 UIDNEXT 1 UIDVALIDITY 1523128259 UNSEEN 0)
[19:22:13] IMAP4< 10 OK Status completed.
[19:22:13] IMAP4> 11 STATUS Sent (MESSAGES RECENT UIDNEXT UIDVALIDITY UNSEEN)
[19:22:13] IMAP4< * STATUS Sent (MESSAGES 0 RECENT 0 UIDNEXT 1 UIDVALIDITY 1523128260 UNSEEN 0)
[19:22:13] IMAP4< 11 OK Status completed.
[19:22:13] IMAP4> 12 STATUS Drafts (MESSAGES RECENT UIDNEXT UIDVALIDITY UNSEEN)
[19:22:13] IMAP4< * STATUS Drafts (MESSAGES 0 RECENT 0 UIDNEXT 1 UIDVALIDITY 1523128261 UNSEEN 0)
[19:22:13] IMAP4< 12 OK Status completed.
[19:22:13] IMAP4> 13 STATUS Trash (MESSAGES RECENT UIDNEXT UIDVALIDITY UNSEEN)
[19:22:13] IMAP4< * STATUS Trash (MESSAGES 0 RECENT 0 UIDNEXT 1 UIDVALIDITY 1523128262 UNSEEN 0)
[19:22:13] IMAP4< 13 OK Status completed.
[19:22:13] IMAP4> 14 STATUS Junk (MESSAGES RECENT UIDNEXT UIDVALIDITY UNSEEN)
[19:22:13] IMAP4< * STATUS Junk (MESSAGES 0 RECENT 0 UIDNEXT 1 UIDVALIDITY 1523128263 UNSEEN 0)
[19:22:13] IMAP4< 14 OK Status completed.
[19:22:13] IMAP4> 9 NOOP
[19:22:13] IMAP4< 9 OK NOOP completed.
[19:22:13] IMAP4> 10 STATUS INBOX (MESSAGES RECENT UIDNEXT UIDVALIDITY UNSEEN)
[19:22:13] IMAP4< * STATUS INBOX (MESSAGES 0 RECENT 0 UIDNEXT 1 UIDVALIDITY 1523128260 UNSEEN 0)
[19:22:13] IMAP4< 10 OK Status completed.
[19:22:13] IMAP4> 11 STATUS Sent (MESSAGES RECENT UIDNEXT UIDVALIDITY UNSEEN)
[19:22:13] IMAP4< * STATUS Sent (MESSAGES 0 RECENT 0 UIDNEXT 1 UIDVALIDITY 1523128261 UNSEEN 0)
[19:22:13] IMAP4< 11 OK Status completed.
[19:22:13] IMAP4> 12 STATUS Drafts (MESSAGES RECENT UIDNEXT UIDVALIDITY UNSEEN)
[19:22:13] IMAP4< * STATUS Drafts (MESSAGES 0 RECENT 0 UIDNEXT 1 UIDVALIDITY 1523128262 UNSEEN 0)
[19:22:13] IMAP4< 12 OK Status completed.
[19:22:13] IMAP4> 13 STATUS Trash (MESSAGES RECENT UIDNEXT UIDVALIDITY UNSEEN)
[19:22:13] IMAP4< * STATUS Trash (MESSAGES 0 RECENT 0 UIDNEXT 1 UIDVALIDITY 1523128263 UNSEEN 0)
[19:22:13] IMAP4< 13 OK Status completed.
[19:22:13] IMAP4> 14 STATUS Junk (MESSAGES RECENT UIDNEXT UIDVALIDITY UNSEEN)
[19:22:13] IMAP4< * STATUS Junk (MESSAGES 0 RECENT 0 UIDNEXT 1 UIDVALIDITY 1523128264 UNSEEN 0)
[19:22:13] IMAP4< 14 OK Status completed.
[19:22:13] IMAP4> 9 NOOP
[19:22:13] IMAP4< 9 OK NOOP completed.
[19:22:13] IMAP4> 10 STATUS INBOX (MESSAGES RECENT UIDNEXT UIDVALIDITY UNSEEN)
[19:22:13] IMAP4< * STATUS INBOX (MESSAGES 0 RECENT 0 UIDNEXT 1 UIDVALIDITY 1523128261 UNSEEN 0)
[19:22:13] IMAP4< 10 OK Status completed.
[19:22:13] IMAP4> 11 STATUS Sent (MESSAGES RECENT UIDNEXT UIDVALIDITY UNSEEN)
[19:22:13] IMAP4< * STATUS Sent (MESSAGES 0 RECENT 0 UIDNEXT 1 UIDVALIDITY 1523128262 UNSEEN 0)
[19:22:13] IMAP4< 11 OK Status completed.
[19:22:13] IMAP4> 12 STATUS Drafts (MESSAGES RECENT UIDNEXT UIDVALIDITY UNSEEN)
[19:22:13] IMAP4< * STATUS Drafts (MESSAGES 0 RECENT 0 UIDNEXT 1 UIDVALIDITY 1523128263 UNSEEN 0)
[19:22:13] IMAP4< 12 OK Status completed.
[19:22:13] IMAP4> 13 STATUS Trash (MESSAGES RECENT UIDNEXT UIDVALIDITY UNSEEN)
[19:22:13] IMAP4< * STATUS Trash (MESSAGES 0 RECENT 0 UIDNEXT 1 UIDVALIDITY 1523128264 UNSEEN 0)
[19:22:13] IMAP4< 13 OK Status completed.
[19:22:13] IMAP4> 14 STATUS Junk (MESSAGES RECENT UIDNEXT UIDVALIDITY UNSEEN)
[19:22:13] IMAP4< * STATUS Junk (MESSAGES 0 RECENT 0 UIDNEXT 1 UIDVALIDITY 1523128265 UNSEEN 0)
[19:22:13] IMAP4< 14 OK Status completed.
[19:22:14] IMAP4> 9 NOOP
[19:22:14] IMAP4< 9 OK NOOP completed.
[19:22:14] IMAP4> 10 STATUS INBOX (MESSAGES RECENT UIDNEXT UIDVALIDITY UNSEEN)
[19:22:14] IMAP4< * STATUS INBOX (MESSAGES 0 RECENT 0 UIDNEXT 1 UIDVALIDITY 1523128263 UNSEEN 0)
[19:22:14] IMAP4< 10 OK Status completed.
[19:22:14] IMAP4> 11 STATUS Sent (MESSAGES RECENT UIDNEXT UIDVALIDITY UNSEEN)
[19:22:14] IMAP4< * STATUS Sent (MESSAGES 0 RECENT 0 UIDNEXT 1 UIDVALIDITY 1523128264 UNSEEN 0)
[19:22:14] IMAP4< 11 OK Status completed.
[19:22:14] IMAP4> 12 STATUS Drafts (MESSAGES RECENT UIDNEXT UIDVALIDITY UNSEEN)
[19:22:14] IMAP4< * STATUS Drafts (MESSAGES 0 RECENT 0 UIDNEXT 1 UIDVALIDITY 1523128265 UNSEEN 0)
[19:22:14] IMAP4< 12 OK Status completed.
[19:22:14] IMAP4> 13 STATUS Trash (MESSAGES RECENT UIDNEXT UIDVALIDITY UNSEEN)
[19:22:14] IMAP4< * STATUS Trash (MESSAGES 0 RECENT 0 UIDNEXT 1 UIDVALIDITY 1523128266 UNSEEN 0)
[19:22:14] IMAP4< 13 OK Status completed.
[19:22:14] IMAP4> 14 STATUS Junk (MESSAGES RECENT UIDNEXT UIDVALIDITY UNSEEN)
[19:22:14] IMAP4< * STATUS Junk (MESSAGES 0 RECENT 0 UIDNEXT 1 UIDVALIDITY 1523128267 UNSEEN 0)
[19:22:14] IMAP4< 14 OK Status completed.
[19:22:14] IMAP4> 9 NOOP
[19:22:14] IMAP4< 9 OK NOOP completed.
[19:22:14] IMAP4> 10 STATUS INBOX (MESSAGES RECENT UIDNEXT UIDVALIDITY UNSEEN)
[19:22:14] IMAP4< * STATUS INBOX (MESSAGES 0 RECENT 0 UIDNEXT 1 UIDVALIDITY 1523128264 UNSEEN 0)
[19:22:14] IMAP4< 10 OK Status completed.
[19:22:14] IMAP4> 11 STATUS Sent (MESSAGES RECENT UIDNEXT UIDVALIDITY UNSEEN)
[19:22:14] IMAP4< * STATUS Sent (MESSAGES 0 RECENT 0 UIDNEXT 1 UIDVALIDITY 1523128265 UNSEEN 0)
[19:22:14] IMAP4< 11 OK Status completed.
[19:22:14] IMAP4> 12 STATUS Drafts (MESSAGES RECENT UIDNEXT UIDVALIDITY UNSEEN)
[19:22:14] IMAP4< * STATUS Drafts (MESSAGES 0 RECENT 0 UIDNEXT 1 UIDVALIDITY 1523128266 UNSEEN 0)
[19:22:14] IMAP4< 12 OK Status completed.
[19:22:14] IMAP4> 13 STATUS Trash (MESSAGES RECENT UIDNEXT UIDVALIDITY UNSEEN)
[19:22:14] IMAP4< * STATUS Trash (MESSAGES 0 RECENT 0 UIDNEXT 1 UIDVALIDITY 1523128267 UNSEEN 0)
[19:22:14] IMAP4< 13 OK Status completed.
[19:22:14] IMAP4> 14 STATUS Junk (MESSAGES RECENT UIDNEXT UIDVALIDITY UNSEEN)
[19:22:14] IMAP4< * STATUS Junk (MESSAGES 0 RECENT 0 UIDNEXT 1 UIDVALIDITY 1523128268 UNSEEN 0)
[19:22:14] IMAP4< 14 OK Status completed.
[19:22:14] IMAP4> 9 NOOP
[19:22:14] IMAP4< 9 OK NOOP completed.
[19:22:14] IMAP4> 10 STATUS INBOX (MESSAGES RECENT UIDNEXT UIDVALIDITY UNSEEN)
[19:22:14] IMAP4< * STATUS INBOX (MESSAGES 0 RECENT 0 UIDNEXT 1 UIDVALIDITY 1523128265 UNSEEN 0)
[19:22:14] IMAP4< 10 OK Status completed.
[19:22:14] IMAP4> 11 STATUS Sent (MESSAGES RECENT UIDNEXT UIDVALIDITY UNSEEN)
[19:22:14] IMAP4< * STATUS Sent (MESSAGES 0 RECENT 0 UIDNEXT 1 UIDVALIDITY 1523128266 UNSEEN 0)
[19:22:14] IMAP4< 11 OK Status completed.
[19:22:14] IMAP4> 12 STATUS Drafts (MESSAGES RECENT UIDNEXT UIDVALIDITY UNSEEN)
[19:22:14] IMAP4< * STATUS Drafts (MESSAGES 0 RECENT 0 UIDNEXT 1 UIDVALIDITY 1523128267 UNSEEN 0)
[19:22:14] IMAP4< 12 OK Status completed.
[19:22:14] IMAP4> 13 STATUS Trash (MESSAGES RECENT UIDNEXT UIDVALIDITY UNSEEN)
[19:22:14] IMAP4< * STATUS Trash (MESSAGES 0 RECENT 0 UIDNEXT 1 UIDVALIDITY 1523128268 UNSEEN 0)
[19:22:14] IMAP4< 13 OK Status completed.
[19:22:14] IMAP4> 14 STATUS Junk (MESSAGES RECENT UIDNEXT UIDVALIDITY UNSEEN)
[19:22:14] IMAP4< * STATUS Junk (MESSAGES 0 RECENT 0 UIDNEXT 1 UIDVALIDITY 1523128269 UNSEEN 0)
[19:22:14] IMAP4< 14 OK Status completed.
[19:22:14] IMAP4> 9 NOOP
[19:22:14] IMAP4< 9 OK NOOP completed.
[19:22:14] IMAP4> 10 STATUS INBOX (MESSAGES RECENT UIDNEXT UIDVALIDITY UNSEEN)
[19:22:14] IMAP4< * STATUS INBOX (MESSAGES 0 RECENT 0 UIDNEXT 1 UIDVALIDITY 1523128266 UNSEEN 0)
[19:22:14] IMAP4< 10 OK Status completed.
[19:22:14] IMAP4> 11 STATUS Sent (MESSAGES RECENT UIDNEXT UIDVALIDITY UNSEEN)
[19:22:14] IMAP4< * STATUS Sent (MESSAGES 0 RECENT 0 UIDNEXT 1 UIDVALIDITY 1523128267 UNSEEN 0)
[19:22:14] IMAP4< 11 OK Status completed.
[19:22:14] IMAP4> 12 STATUS Drafts (MESSAGES RECENT UIDNEXT UIDVALIDITY UNSEEN)
[19:22:14] IMAP4< * STATUS Drafts (MESSAGES 0 RECENT 0 UIDNEXT 1 UIDVALIDITY 1523128268 UNSEEN 0)
[19:22:14] IMAP4< 12 OK Status completed.
[19:22:14] IMAP4> 13 STATUS Trash (MESSAGES RECENT UIDNEXT UIDVALIDITY UNSEEN)
[19:22:14] IMAP4< * STATUS Trash (MESSAGES 0 RECENT 0 UIDNEXT 1 UIDVALIDITY 1523128269 UNSEEN 0)
[19:22:14] IMAP4< 13 OK Status completed.
[19:22:14] IMAP4> 14 STATUS Junk (MESSAGES RECENT UIDNEXT UIDVALIDITY UNSEEN)
[19:22:14] IMAP4< * STATUS Junk (MESSAGES 0 RECENT 0 UIDNEXT 1 UIDVALIDITY 1523128270 UNSEEN 0)
[19:22:14] IMAP4< 14 OK Status completed.
[19:22:14] IMAP4> 9 NOOP
[19:22:14] IMAP4< 9 OK NOOP completed.
[19:22:14] IMAP4> 10 STATUS INBOX (MESSAGES RECENT UIDNEXT UIDVALIDITY UNSEEN)
[19:22:14] IMAP4< * STATUS INBOX (MESSAGES 0 RECENT 0 UIDNEXT 1 UIDVALIDITY 1523128267 UNSEEN 0)
[19:22:14] IMAP4< 10 OK Status completed.
[19:22:14] IMAP4> 11 STATUS Sent (MESSAGES RECENT UIDNEXT UIDVALIDITY UNSEEN)
[19:22:14] IMAP4< * STATUS Sent (MESSAGES 0 RECENT 0 UIDNEXT 1 UIDVALIDITY 1523128268 UNSEEN 0)
[19:22:14] IMAP4< 11 OK Status completed.
[19:22:14] IMAP4> 12 STATUS Drafts (MESSAGES RECENT UIDNEXT UIDVALIDITY UNSEEN)
[19:22:14] IMAP4< * STATUS Drafts (MESSAGES 0 RECENT 0 UIDNEXT 1 UIDVALIDITY 1523128269 UNSEEN 0)
[19:22:14] IMAP4< 12 OK Status completed.
[19:22:14] IMAP4> 13 STATUS Trash (MESSAGES RECENT UIDNEXT UIDVALIDITY UNSEEN)
[19:22:14] IMAP4< * STATUS Trash (MESSAGES 0 RECENT 0 UIDNEXT 1 UIDVALIDITY 1523128270 UNSEEN 0)
[19:22:14] IMAP4< 13 OK Status completed.
[19:22:14] IMAP4> 14 STATUS Junk (MESSAGES RECENT UIDNEXT UIDVALIDITY UNSEEN)
[19:22:14] IMAP4< * STATUS Junk (MESSAGES 0 RECENT 0 UIDNEXT 1 UIDVALIDITY 1523128271 UNSEEN 0)
[19:22:14] IMAP4< 14 OK Status completed.
[19:22:14] IMAP4> 9 NOOP
[19:22:14] IMAP4< 9 OK NOOP completed.
[19:22:14] IMAP4> 10 STATUS INBOX (MESSAGES RECENT UIDNEXT UIDVALIDITY UNSEEN)
[19:22:14] IMAP4< * STATUS INBOX (MESSAGES 0 RECENT 0 UIDNEXT 1 UIDVALIDITY 1523128791 UNSEEN 0)
[19:22:14] IMAP4< 10 OK Status completed.
[19:22:14] IMAP4> 11 STATUS Sent (MESSAGES RECENT UIDNEXT UIDVALIDITY UNSEEN)
[19:22:14] IMAP4< * STATUS Sent (MESSAGES 0 RECENT 0 UIDNEXT 1 UIDVALIDITY 1523128792 UNSEEN 0)
[19:22:14] IMAP4< 11 OK Status completed.
[19:22:14] IMAP4> 12 STATUS Drafts (MESSAGES RECENT UIDNEXT UIDVALIDITY UNSEEN)
[19:22:14] IMAP4< * STATUS Drafts (MESSAGES 0 RECENT 0 UIDNEXT 1 UIDVALIDITY 1523128793 UNSEEN 0)
[19:22:14] IMAP4< 12 OK Status completed.
[19:22:14] IMAP4> 13 STATUS Trash (MESSAGES RECENT UIDNEXT UIDVALIDITY UNSEEN)
[19:22:14] IMAP4< * STATUS Trash (MESSAGES 0 RECENT 0 UIDNEXT 1 UIDVALIDITY 1523128794 UNSEEN 0)
[19:22:14] IMAP4< 13 OK Status completed.
[19:22:14] IMAP4> 14 STATUS Junk (MESSAGES RECENT UIDNEXT UIDVALIDITY UNSEEN)
[19:22:14] IMAP4< * STATUS Junk (MESSAGES 0 RECENT 0 UIDNEXT 1 UIDVALIDITY 1523128795 UNSEEN 0)
[19:22:14] IMAP4< 14 OK Status completed.
[19:22:14] IMAP4> 9 NOOP
[19:22:14] IMAP4< 9 OK NOOP completed.
[19:22:14] IMAP4> 10 STATUS INBOX (MESSAGES RECENT UIDNEXT UIDVALIDITY UNSEEN)
[19:22:14] IMAP4< * STATUS INBOX (MESSAGES 0 RECENT 0 UIDNEXT 1 UIDVALIDITY 1523128276 UNSEEN 0)
[19:22:14] IMAP4< 10 OK Status completed.
[19:22:14] IMAP4> 11 STATUS Sent (MESSAGES RECENT UIDNEXT UIDVALIDITY UNSEEN)
[19:22:14] IMAP4< * STATUS Sent (MESSAGES 0 RECENT 0 UIDNEXT 1 UIDVALIDITY 1523128277 UNSEEN 0)
[19:22:14] IMAP4< 11 OK Status completed.
[19:22:14] IMAP4> 12 STATUS Drafts (MESSAGES RECENT UIDNEXT UIDVALIDITY UNSEEN)
[19:22:14] IMAP4< * STATUS Drafts (MESSAGES 0 RECENT 0 UIDNEXT 1 UIDVALIDITY 1523128278 UNSEEN 0)
[19:22:14] IMAP4< 12 OK Status completed.
[19:22:14] IMAP4> 13 STATUS Trash (MESSAGES RECENT UIDNEXT UIDVALIDITY UNSEEN)
[19:22:14] IMAP4< * STATUS Trash (MESSAGES 0 RECENT 0 UIDNEXT 1 UIDVALIDITY 1523128279 UNSEEN 0)
[19:22:14] IMAP4< 13 OK Status completed.
[19:22:14] IMAP4> 14 STATUS Junk (MESSAGES RECENT UIDNEXT UIDVALIDITY UNSEEN)
[19:22:14] IMAP4< * STATUS Junk (MESSAGES 0 RECENT 0 UIDNEXT 1 UIDVALIDITY 1523128280 UNSEEN 0)
[19:22:14] IMAP4< 14 OK Status completed.
[19:22:14] IMAP4> 9 NOOP
[19:22:14] IMAP4< 9 OK NOOP completed.
[19:22:14] IMAP4> 10 STATUS INBOX (MESSAGES RECENT UIDNEXT UIDVALIDITY UNSEEN)
[19:22:14] IMAP4< * STATUS INBOX (MESSAGES 0 RECENT 0 UIDNEXT 1 UIDVALIDITY 1523128279 UNSEEN 0)
[19:22:14] IMAP4< 10 OK Status completed.
[19:22:14] IMAP4> 11 STATUS Sent (MESSAGES RECENT UIDNEXT UIDVALIDITY UNSEEN)
[19:22:14] IMAP4< * STATUS Sent (MESSAGES 0 RECENT 0 UIDNEXT 1 UIDVALIDITY 1523128280 UNSEEN 0)
[19:22:14] IMAP4< 11 OK Status completed.
[19:22:14] IMAP4> 12 STATUS Drafts (MESSAGES RECENT UIDNEXT UIDVALIDITY UNSEEN)
[19:22:14] IMAP4< * STATUS Drafts (MESSAGES 0 RECENT 0 UIDNEXT 1 UIDVALIDITY 1523128281 UNSEEN 0)
[19:22:14] IMAP4< 12 OK Status completed.
[19:22:14] IMAP4> 13 STATUS Trash (MESSAGES RECENT UIDNEXT UIDVALIDITY UNSEEN)
[19:22:14] IMAP4< * STATUS Trash (MESSAGES 0 RECENT 0 UIDNEXT 1 UIDVALIDITY 1523128282 UNSEEN 0)
[19:22:14] IMAP4< 13 OK Status completed.
[19:22:14] IMAP4> 14 STATUS Junk (MESSAGES RECENT UIDNEXT UIDVALIDITY UNSEEN)
[19:22:14] IMAP4< * STATUS Junk (MESSAGES 0 RECENT 0 UIDNEXT 1 UIDVALIDITY 1523128283 UNSEEN 0)
[19:22:14] IMAP4< 14 OK Status completed.
[19:22:14] IMAP4> 9 NOOP
[19:22:14] IMAP4< 9 OK NOOP completed.
[19:22:14] IMAP4> 10 STATUS INBOX (MESSAGES RECENT UIDNEXT UIDVALIDITY UNSEEN)
[19:22:14] IMAP4< * STATUS INBOX (MESSAGES 0 RECENT 0 UIDNEXT 1 UIDVALIDITY 1523128280 UNSEEN 0)
[19:22:14] IMAP4< 10 OK Status completed.
[19:22:14] IMAP4> 11 STATUS Sent (MESSAGES RECENT UIDNEXT UIDVALIDITY UNSEEN)
[19:22:14] IMAP4< * STATUS Sent (MESSAGES 0 RECENT 0 UIDNEXT 1 UIDVALIDITY 1523128281 UNSEEN 0)
[19:22:14] IMAP4< 11 OK Status completed.
[19:22:14] IMAP4> 12 STATUS Drafts (MESSAGES RECENT UIDNEXT UIDVALIDITY UNSEEN)
[19:22:14] IMAP4< * STATUS Drafts (MESSAGES 0 RECENT 0 UIDNEXT 1 UIDVALIDITY 1523128282 UNSEEN 0)
[19:22:14] IMAP4< 12 OK Status completed.
[19:22:14] IMAP4> 13 STATUS Trash (MESSAGES RECENT UIDNEXT UIDVALIDITY UNSEEN)
[19:22:14] IMAP4< * STATUS Trash (MESSAGES 0 RECENT 0 UIDNEXT 1 UIDVALIDITY 1523128283 UNSEEN 0)
[19:22:14] IMAP4< 13 OK Status completed.
[19:22:14] IMAP4> 14 STATUS Junk (MESSAGES RECENT UIDNEXT UIDVALIDITY UNSEEN)
[19:22:14] IMAP4< * STATUS Junk (MESSAGES 0 RECENT 0 UIDNEXT 1 UIDVALIDITY 1523128284 UNSEEN 0)
[19:22:14] IMAP4< 14 OK Status completed.
[19:22:14] IMAP4> 9 NOOP
[19:22:14] IMAP4< 9 OK NOOP completed.
[19:22:14] IMAP4> 10 STATUS INBOX (MESSAGES RECENT UIDNEXT UIDVALIDITY UNSEEN)
[19:22:14] IMAP4< * STATUS INBOX (MESSAGES 0 RECENT 0 UIDNEXT 1 UIDVALIDITY 1523128282 UNSEEN 0)
[19:22:14] IMAP4< 10 OK Status completed.
[19:22:14] IMAP4> 11 STATUS Sent (MESSAGES RECENT UIDNEXT UIDVALIDITY UNSEEN)
[19:22:14] IMAP4< * STATUS Sent (MESSAGES 0 RECENT 0 UIDNEXT 1 UIDVALIDITY 1523128283 UNSEEN 0)
[19:22:14] IMAP4< 11 OK Status completed.
[19:22:14] IMAP4> 12 STATUS Drafts (MESSAGES RECENT UIDNEXT UIDVALIDITY UNSEEN)
[19:22:14] IMAP4< * STATUS Drafts (MESSAGES 0 RECENT 0 UIDNEXT 1 UIDVALIDITY 1523128284 UNSEEN 0)
[19:22:14] IMAP4< 12 OK Status completed.
[19:22:14] IMAP4> 13 STATUS Trash (MESSAGES RECENT UIDNEXT UIDVALIDITY UNSEEN)
[19:22:14] IMAP4< * STATUS Trash (MESSAGES 0 RECENT 0 UIDNEXT 1 UIDVALIDITY 1523128285 UNSEEN 0)
[19:22:14] IMAP4< 13 OK Status completed.
[19:22:14] IMAP4> 14 STATUS Junk (MESSAGES RECENT UIDNEXT UIDVALIDITY UNSEEN)
[19:22:14] IMAP4< * STATUS Junk (MESSAGES 0 RECENT 0 UIDNEXT 1 UIDVALIDITY 1523128286 UNSEEN 0)
[19:22:14] IMAP4< 14 OK Status completed.
[19:22:14] IMAP4> 9 NOOP
[19:22:14] IMAP4< 9 OK NOOP completed.
[19:22:14] IMAP4> 10 STATUS INBOX (MESSAGES RECENT UIDNEXT UIDVALIDITY UNSEEN)
[19:22:14] IMAP4< * STATUS INBOX (MESSAGES 0 RECENT 0 UIDNEXT 1 UIDVALIDITY 1523128283 UNSEEN 0)
[19:22:14] IMAP4< 10 OK Status completed.
[19:22:14] IMAP4> 11 STATUS Sent (MESSAGES RECENT UIDNEXT UIDVALIDITY UNSEEN)
[19:22:14] IMAP4< * STATUS Sent (MESSAGES 0 RECENT 0 UIDNEXT 1 UIDVALIDITY 1523128284 UNSEEN 0)
[19:22:14] IMAP4< 11 OK Status completed.
[19:22:14] IMAP4> 12 STATUS Drafts (MESSAGES RECENT UIDNEXT UIDVALIDITY UNSEEN)
[19:22:14] IMAP4< * STATUS Drafts (MESSAGES 0 RECENT 0 UIDNEXT 1 UIDVALIDITY 1523128285 UNSEEN 0)
[19:22:14] IMAP4< 12 OK Status completed.
[19:22:14] IMAP4> 13 STATUS Trash (MESSAGES RECENT UIDNEXT UIDVALIDITY UNSEEN)
[19:22:14] IMAP4< * STATUS Trash (MESSAGES 0 RECENT 0 UIDNEXT 1 UIDVALIDITY 1523128286 UNSEEN 0)
[19:22:14] IMAP4< 13 OK Status completed.
[19:22:14] IMAP4> 14 STATUS Junk (MESSAGES RECENT UIDNEXT UIDVALIDITY UNSEEN)
[19:22:14] IMAP4< * STATUS Junk (MESSAGES 0 RECENT 0 UIDNEXT 1 UIDVALIDITY 1523128287 UNSEEN 0)
[19:22:14] IMAP4< 14 OK Status completed.
[19:22:14] IMAP4> 9 NOOP
[19:22:14] IMAP4< 9 OK NOOP completed.
[19:22:14] IMAP4> 10 STATUS INBOX (MESSAGES RECENT UIDNEXT UIDVALIDITY UNSEEN)
[19:22:14] IMAP4< * STATUS INBOX (MESSAGES 0 RECENT 0 UIDNEXT 1 UIDVALIDITY 1523128284 UNSEEN 0)
[19:22:14] IMAP4< 10 OK Status completed.
[19:22:14] IMAP4> 11 STATUS Sent (MESSAGES RECENT UIDNEXT UIDVALIDITY UNSEEN)
[19:22:14] IMAP4< * STATUS Sent (MESSAGES 0 RECENT 0 UIDNEXT 1 UIDVALIDITY 1523128285 UNSEEN 0)
[19:22:14] IMAP4< 11 OK Status completed.
[19:22:14] IMAP4> 12 STATUS Drafts (MESSAGES RECENT UIDNEXT UIDVALIDITY UNSEEN)
[19:22:14] IMAP4< * STATUS Drafts (MESSAGES 0 RECENT 0 UIDNEXT 1 UIDVALIDITY 1523128286 UNSEEN 0)
[19:22:14] IMAP4< 12 OK Status completed.
[19:22:14] IMAP4> 13 STATUS Trash (MESSAGES RECENT UIDNEXT UIDVALIDITY UNSEEN)
[19:22:14] IMAP4< * STATUS Trash (MESSAGES 0 RECENT 0 UIDNEXT 1 UIDVALIDITY 1523128287 UNSEEN 0)
[19:22:14] IMAP4< 13 OK Status completed.
[19:22:14] IMAP4> 14 STATUS Junk (MESSAGES RECENT UIDNEXT UIDVALIDITY UNSEEN)
[19:22:14] IMAP4< * STATUS Junk (MESSAGES 0 RECENT 0 UIDNEXT 1 UIDVALIDITY 1523128288 UNSEEN 0)
[19:22:14] IMAP4< 14 OK Status completed.
[19:22:14] IMAP4> 9 NOOP
[19:22:14] IMAP4< 9 OK NOOP completed.
[19:22:14] IMAP4> 10 STATUS INBOX (MESSAGES RECENT UIDNEXT UIDVALIDITY UNSEEN)
[19:22:14] IMAP4< * STATUS INBOX (MESSAGES 0 RECENT 0 UIDNEXT 1 UIDVALIDITY 1523128286 UNSEEN 0)
[19:22:14] IMAP4< 10 OK Status completed.
[19:22:14] IMAP4> 11 STATUS Sent (MESSAGES RECENT UIDNEXT UIDVALIDITY UNSEEN)
[19:22:14] IMAP4< * STATUS Sent (MESSAGES 0 RECENT 0 UIDNEXT 1 UIDVALIDITY 1523128287 UNSEEN 0)
[19:22:14] IMAP4< 11 OK Status completed.
[19:22:14] IMAP4> 12 STATUS Drafts (MESSAGES RECENT UIDNEXT UIDVALIDITY UNSEEN)
[19:22:14] IMAP4< * STATUS Drafts (MESSAGES 0 RECENT 0 UIDNEXT 1 UIDVALIDITY 1523128288 UNSEEN 0)
[19:22:14] IMAP4< 12 OK Status completed.
[19:22:14] IMAP4> 13 STATUS Trash (MESSAGES RECENT UIDNEXT UIDVALIDITY UNSEEN)
[19:22:14] IMAP4< * STATUS Trash (MESSAGES 0 RECENT 0 UIDNEXT 1 UIDVALIDITY 1523128289 UNSEEN 0)
[19:22:14] IMAP4< 13 OK Status completed.
[19:22:14] IMAP4> 14 STATUS Junk (MESSAGES RECENT UIDNEXT UIDVALIDITY UNSEEN)
[19:22:14] IMAP4< * STATUS Junk (MESSAGES 0 RECENT 0 UIDNEXT 1 UIDVALIDITY 1523128290 UNSEEN 0)
[19:22:14] IMAP4< 14 OK Status completed.
[19:22:14] IMAP4> 7 STATUS INBOX (MESSAGES RECENT UIDNEXT UIDVALIDITY UNSEEN)
[19:22:14] IMAP4< * STATUS INBOX (MESSAGES 0 RECENT 0 UIDNEXT 1 UIDVALIDITY 1523128931 UNSEEN 0)
[19:22:14] IMAP4< 7 OK Status completed.
[19:22:14] IMAP4> 8 STATUS Sent (MESSAGES RECENT UIDNEXT UIDVALIDITY UNSEEN)
[19:22:14] IMAP4< * STATUS Sent (MESSAGES 0 RECENT 0 UIDNEXT 1 UIDVALIDITY 1523128932 UNSEEN 0)
[19:22:14] IMAP4< 8 OK Status completed.
[19:22:14] IMAP4> 9 STATUS Drafts (MESSAGES RECENT UIDNEXT UIDVALIDITY UNSEEN)
[19:22:14] IMAP4< * STATUS Drafts (MESSAGES 0 RECENT 0 UIDNEXT 1 UIDVALIDITY 1523128933 UNSEEN 0)
[19:22:14] IMAP4< 9 OK Status completed.
[19:22:14] IMAP4> 10 STATUS Trash (MESSAGES RECENT UIDNEXT UIDVALIDITY UNSEEN)
[19:22:14] IMAP4< * STATUS Trash (MESSAGES 0 RECENT 0 UIDNEXT 1 UIDVALIDITY 1523128930 UNSEEN 0)
[19:22:14] IMAP4< 10 OK [CLIENTBUG] Status on selected mailbox completed.
[19:22:14] IMAP4> 11 STATUS Junk (MESSAGES RECENT UIDNEXT UIDVALIDITY UNSEEN)
[19:22:14] IMAP4< * STATUS Junk (MESSAGES 0 RECENT 0 UIDNEXT 1 UIDVALIDITY 1523128934 UNSEEN 0)
[19:22:14] IMAP4< 11 OK Status completed.
[19:22:14] IMAP4> 12 CLOSE
[19:22:14] IMAP4< 12 OK Close completed.
[19:22:14] IMAP4> 13 SELECT Trash
[19:22:14] IMAP4< * FLAGS (\Answered \Flagged \Deleted \Seen \Draft)
[19:22:14] IMAP4< * OK [PERMANENTFLAGS (\Answered \Flagged \Deleted \Seen \Draft \*)] Flags permitted.
[19:22:14] IMAP4< * 0 EXISTS
[19:22:14] IMAP4< * 0 RECENT
[19:22:14] IMAP4< * OK [UIDVALIDITY 1523128930] UIDs valid
[19:22:14] IMAP4< * OK [UIDNEXT 1] Predicted next UID
[19:22:14] IMAP4< 13 OK [READ-WRITE] Select completed (0.000 secs).
