[18:29:38] * message: creating IMAP4 connection to mail:143 ...
[18:29:41] IMAP4< * OK [CAPABILITY IMAP4rev1 LITERAL+ SASL-IR LOGIN-REFERRALS ID ENABLE IDLE STARTTLS AUTH=PLAIN AUTH=LOGIN AUTH=CRAM-MD5] Dovecot ready.
[18:29:41] IMAP4> 1 CAPABILITY
[18:29:41] IMAP4< * CAPABILITY IMAP4rev1 LITERAL+ SASL-IR LOGIN-REFERRALS ID ENABLE IDLE STARTTLS AUTH=PLAIN AUTH=LOGIN AUTH=CRAM-MD5
[18:29:41] IMAP4< 1 OK Pre-login capabilities listed, post-login capabilities have more.
[18:29:41] IMAP4> 2 AUTHENTICATE CRAM-MD5
[18:29:41] IMAP4< + PDYxNDQ2NzYyNTEyMjMwMzYuMTUyMzEyNTc4MUBmaXJtYS5kZT4=
[18:29:41] IMAP< [Decoded: <6144676251223036.1523125781@firma.de>]
[18:29:41] IMAP> [Encoded: kunde@firma.de 6ae339061fa0f4461d64b8714086d3eb]
[18:29:41] IMAP> a3VuZGVAZmlybWEuZGUgNmFlMzM5MDYxZmEwZjQ0NjFkNjRiODcxNDA4NmQzZWI=
[18:29:41] IMAP4< * CAPABILITY IMAP4rev1 LITERAL+ SASL-IR LOGIN-REFERRALS ID ENABLE IDLE SORT SORT=DISPLAY THREAD=REFERENCES THREAD=REFS THREAD=ORDEREDSUBJECT MULTIAPPEND URL-PARTIAL CATENATE UNSELECT CHILDREN NAMESPACE UIDPLUS LIST-EXTENDED I18NLEVEL=1 CONDSTORE QRESYNC ESEARCH ESORT SEARCHRES WITHIN CONTEXT=SEARCH LIST-STATUS SPECIAL-USE BINARY MOVE
[18:29:41] IMAP4< 2 OK Logged in
[18:29:41] IMAP4> 3 NAMESPACE
[18:29:41] IMAP4< * NAMESPACE (("" ".")) NIL NIL
[18:29:41] IMAP4< 3 OK Namespace completed.
[18:29:41] IMAP4> 4 STATUS INBOX (MESSAGES RECENT UIDNEXT UIDVALIDITY UNSEEN)
[18:29:41] IMAP4< * STATUS INBOX (MESSAGES 0 RECENT 0 UIDNEXT 1 UIDVALIDITY 1523125590 UNSEEN 0)
[18:29:41] IMAP4< 4 OK Status completed.
[18:29:41] IMAP4> 5 STATUS Sent (MESSAGES RECENT UIDNEXT UIDVALIDITY UNSEEN)
[18:29:41] IMAP4< * STATUS Sent (MESSAGES 0 RECENT 0 UIDNEXT 1 UIDVALIDITY 1523125591 UNSEEN 0)
[18:29:41] IMAP4< 5 OK Status completed.
[18:29:41] IMAP4> 6 STATUS Drafts (MESSAGES RECENT UIDNEXT UIDVALIDITY UNSEEN)
[18:29:41] IMAP4< * STATUS Drafts (MESSAGES 0 RECENT 0 UIDNEXT 1 UIDVALIDITY 1523125592 UNSEEN 0)
[18:29:41] IMAP4< 6 OK Status completed.
[18:29:41] IMAP4> 7 STATUS Trash (MESSAGES RECENT UIDNEXT UIDVALIDITY UNSEEN)
[18:29:41] IMAP4< * STATUS Trash (MESSAGES 0 RECENT 0 UIDNEXT 1 UIDVALIDITY 1523125593 UNSEEN 0)
[18:29:41] IMAP4< 7 OK Status completed.
[18:29:41] IMAP4> 8 STATUS Junk (MESSAGES RECENT UIDNEXT UIDVALIDITY UNSEEN)
[18:29:41] IMAP4< * STATUS Junk (MESSAGES 0 RECENT 0 UIDNEXT 1 UIDVALIDITY 1523125594 UNSEEN 0)
[18:29:41] IMAP4< 8 OK Status completed.
